c:\build\src\server\scripts\scripts.dir\debug\spell_rogue.obj
c:\build\src\server\scripts\scripts.dir\debug\spell_warrior.obj
c:\build\src\server\scripts\scripts.dir\debug\spell_item.obj
c:\build\src\server\scripts\scripts.dir\debug\cs_debug.obj
c:\build\src\server\scripts\scripts.dir\debug\cs_honor.obj
c:\build\src\server\scripts\scripts.dir\debug\cs_lfg.obj
c:\build\src\server\scripts\scripts.dir\debug\cs_reset.obj
c:\build\src\server\scripts\scripts.dir\debug\example_commandscript.obj
c:\build\src\server\scripts\scripts.dir\debug\scriptedcreature.obj
c:\build\src\server\scripts\scripts.dir\debug\achievement_scripts.obj
c:\build\src\server\scripts\scripts.dir\debug\mob_generic_creature.obj
c:\build\src\server\scripts\scripts.dir\debug\npc_innkeeper.obj
c:\build\src\server\scripts\scripts.dir\debug\npc_taxi.obj
c:\build\src\server\scripts\scripts.dir\debug\outdoorpvptf.obj
c:\build\src\server\scripts\scripts.dir\debug\outdoorpvphp.obj
c:\build\src\server\scripts\scripts.dir\debug\boss_vanndar.obj
c:\build\src\server\scripts\scripts.dir\debug\boss_gorosh_the_dervish.obj
c:\build\src\server\scripts\scripts.dir\debug\boss_tomb_of_seven.obj
c:\build\src\server\scripts\scripts.dir\debug\boss_moira_bronzebeard.obj
c:\build\src\server\scripts\scripts.dir\debug\boss_chromaggus.obj
c:\build\src\server\scripts\scripts.dir\debug\boss_broodlord_lashlayer.obj
c:\build\src\server\scripts\scripts.dir\debug\boss_vaelastrasz.obj
c:\build\src\server\scripts\scripts.dir\debug\boss_pyroguard_emberseer.obj
c:\build\src\server\scripts\scripts.dir\debug\boss_gyth.obj
c:\build\src\server\scripts\scripts.dir\debug\boss_urok_doomhowl.obj
c:\build\src\server\scripts\scripts.dir\debug\boss_golemagg.obj
c:\build\src\server\scripts\scripts.dir\debug\instance_molten_core.obj
c:\build\src\server\scripts\scripts.dir\debug\boss_vectus.obj
c:\build\src\server\scripts\scripts.dir\debug\instance_scholomance.obj
c:\build\src\server\scripts\scripts.dir\debug\boss_mandokir.obj
c:\build\src\server\scripts\scripts.dir\debug\boss_jindo.obj
c:\build\src\server\scripts\scripts.dir\debug\zone_arathi_highlands.obj
c:\build\src\server\scripts\scripts.dir\debug\chapter1.obj
c:\build\src\server\scripts\scripts.dir\debug\boss_bloodmage_thalnos.obj
c:\build\src\server\scripts\scripts.dir\debug\boss_arcanist_doan.obj
c:\build\src\server\scripts\scripts.dir\debug\zone_silvermoon_city.obj
c:\build\src\server\scripts\scripts.dir\debug\zone_burning_steppes.obj
c:\build\src\server\scripts\scripts.dir\debug\zone_stormwind_city.obj
c:\build\src\server\scripts\scripts.dir\debug\zone_western_plaguelands.obj
c:\build\src\server\scripts\scripts.dir\debug\karazhan.obj
c:\build\src\server\scripts\scripts.dir\debug\razorfen_downs.obj
c:\build\src\server\scripts\scripts.dir\debug\zulfarrak.obj
c:\build\src\server\scripts\scripts.dir\debug\boss_zum_rah.obj
c:\build\src\server\scripts\scripts.dir\debug\instance_old_hillsbrad.obj
c:\build\src\server\scripts\scripts.dir\debug\hyjal_trash.obj
c:\build\src\server\scripts\scripts.dir\debug\boss_azgalor.obj
c:\build\src\server\scripts\scripts.dir\debug\boss_chrono_lord_epoch.obj
c:\build\src\server\scripts\scripts.dir\debug\boss_chrono_lord_deja.obj
c:\build\src\server\scripts\scripts.dir\debug\boss_aeonus.obj
c:\build\src\server\scripts\scripts.dir\debug\boss_gelihast.obj
c:\build\src\server\scripts\scripts.dir\debug\zone_azuremyst_isle.obj
c:\build\src\server\scripts\scripts.dir\debug\boss_twinemperors.obj
c:\build\src\server\scripts\scripts.dir\debug\instance_ruins_of_ahnqiraj.obj
c:\build\src\server\scripts\scripts.dir\debug\boss_ayamiss.obj
c:\build\src\server\scripts\scripts.dir\debug\zone_bloodmyst_isle.obj
c:\build\src\server\scripts\scripts.dir\debug\zone_the_barrens.obj
c:\build\src\server\scripts\scripts.dir\debug\zone_felwood.obj
c:\build\src\server\scripts\scripts.dir\debug\zone_tanaris.obj
c:\build\src\server\scripts\scripts.dir\debug\boss_onyxia.obj
c:\build\src\server\scripts\scripts.dir\debug\instance_magtheridons_lair.obj
c:\build\src\server\scripts\scripts.dir\debug\boss_omor_the_unscarred.obj
c:\build\src\server\scripts\scripts.dir\debug\boss_the_maker.obj
c:\build\src\server\scripts\scripts.dir\debug\boss_broggok.obj
c:\build\src\server\scripts\scripts.dir\debug\boss_warbringer_omrogg.obj
c:\build\src\server\scripts\scripts.dir\debug\boss_hydross_the_unstable.obj
c:\build\src\server\scripts\scripts.dir\debug\boss_leotheras_the_blind.obj
c:\build\src\server\scripts\scripts.dir\debug\boss_pathaleon_the_calculator.obj
c:\build\src\server\scripts\scripts.dir\debug\instance_mechanar.obj
c:\build\src\server\scripts\scripts.dir\debug\boss_alar.obj
c:\build\src\server\scripts\scripts.dir\debug\boss_thorngrin_the_tender.obj
c:\build\src\server\scripts\scripts.dir\debug\boss_warp_splinter.obj
c:\build\src\server\scripts\scripts.dir\debug\boss_exarch_maladaar.obj
c:\build\src\server\scripts\scripts.dir\debug\instance_sethekk_halls.obj
c:\build\src\server\scripts\scripts.dir\debug\zone_hellfire_peninsula.obj
c:\build\src\server\scripts\scripts.dir\debug\boss_illidan.obj
c:\build\src\server\scripts\scripts.dir\debug\zone_netherstorm.obj
c:\build\src\server\scripts\scripts.dir\debug\instance_halls_of_lightning.obj
c:\build\src\server\scripts\scripts.dir\debug\boss_general_vezax.obj
c:\build\src\server\scripts\scripts.dir\debug\boss_auriaya.obj
c:\build\src\server\scripts\scripts.dir\debug\boss_flame_leviathan.obj
c:\build\src\server\scripts\scripts.dir\debug\boss_sjonnir.obj
c:\build\src\server\scripts\scripts.dir\debug\instance_ruby_sanctum.obj
c:\build\src\server\scripts\scripts.dir\debug\boss_halion.obj
c:\build\src\server\scripts\scripts.dir\debug\boss_drakos.obj
c:\build\src\server\scripts\scripts.dir\debug\boss_varos.obj
c:\build\src\server\scripts\scripts.dir\debug\boss_anomalus.obj
c:\build\src\server\scripts\scripts.dir\debug\boss_faction_champions.obj
c:\build\src\server\scripts\scripts.dir\debug\boss_argent_challenge.obj
c:\build\src\server\scripts\scripts.dir\debug\boss_sapphiron.obj
c:\build\src\server\scripts\scripts.dir\debug\instance_vault_of_archavon.obj
c:\build\src\server\scripts\scripts.dir\debug\boss_svala.obj
c:\build\src\server\scripts\scripts.dir\debug\utgarde_keep.obj
c:\build\src\server\scripts\scripts.dir\debug\boss_herald_volazj.obj
c:\build\src\server\scripts\scripts.dir\debug\boss_elder_nadox.obj
c:\build\src\server\scripts\scripts.dir\debug\boss_erekem.obj
c:\build\src\server\scripts\scripts.dir\debug\icecrown_citadel.obj
c:\build\src\server\scripts\scripts.dir\debug\zone_icecrown.obj
c:\build\src\server\scripts\scripts.dir\debug\boss_slad_ran.obj
c:\build\src\server\scripts\scripts.dir\debug\boss_drakkari_colossus.obj
c:\build\src\server\scripts\scripts.dir\debug\zone_howling_fjord.obj
c:\build\src\server\scripts\scripts.dir\debug\boss_king_dred.obj
c:\build\src\server\scripts\scripts.dir\debug\pet_priest.obj
c:\build\src\server\scripts\scripts.dir\debug\spell_quest.obj
c:\build\src\server\scripts\scripts.dir\debug\spell_paladin.obj
c:\build\src\server\scripts\scripts.dir\debug\cs_ban.obj
c:\build\src\server\scripts\scripts.dir\debug\cs_cast.obj
c:\build\src\server\scripts\scripts.dir\debug\cs_cheat.obj
c:\build\src\server\scripts\scripts.dir\debug\cs_deserter.obj
c:\build\src\server\scripts\scripts.dir\debug\cs_disable.obj
c:\build\src\server\scripts\scripts.dir\debug\cs_modify.obj
c:\build\src\server\scripts\scripts.dir\debug\cs_reload.obj
c:\build\src\server\scripts\scripts.dir\debug\zone_ironforge.obj
c:\build\src\server\scripts\scripts.dir\debug\chapter2.obj
c:\build\src\server\scripts\scripts.dir\debug\instance_sunwell_plateau.obj
c:\build\src\server\scripts\scripts.dir\debug\boss_mr_smite.obj
c:\build\src\server\scripts\scripts.dir\debug\boss_mograine_and_whitemane.obj
c:\build\src\server\scripts\scripts.dir\debug\instance_scarlet_monastery.obj
c:\build\src\server\scripts\scripts.dir\debug\shadowfang_keep.obj
c:\build\src\server\scripts\scripts.dir\debug\zulaman.obj
c:\build\src\server\scripts\scripts.dir\debug\instance_karazhan.obj
c:\build\src\server\scripts\scripts.dir\debug\boss_shade_of_aran.obj
c:\build\src\server\scripts\scripts.dir\debug\boss_moroes.obj
c:\build\src\server\scripts\scripts.dir\debug\boss_amnennar_the_coldbringer.obj
c:\build\src\server\scripts\scripts.dir\debug\instance_zulfarrak.obj
c:\build\src\server\scripts\scripts.dir\debug\boss_leutenant_drake.obj
c:\build\src\server\scripts\scripts.dir\debug\hyjalai.obj
c:\build\src\server\scripts\scripts.dir\debug\boss_meathook.obj
c:\build\src\server\scripts\scripts.dir\debug\instance_culling_of_stratholme.obj
c:\build\src\server\scripts\scripts.dir\debug\boss_buru.obj
c:\build\src\server\scripts\scripts.dir\debug\zone_thunder_bluff.obj
c:\build\src\server\scripts\scripts.dir\debug\zone_ungoro_crater.obj
c:\build\src\server\scripts\scripts.dir\debug\boss_azuregos.obj
c:\build\src\server\scripts\scripts.dir\debug\zone_winterspring.obj
c:\build\src\server\scripts\scripts.dir\debug\zone_nagrand.obj
c:\build\src\server\scripts\scripts.dir\debug\instance_shattered_halls.obj
c:\build\src\server\scripts\scripts.dir\debug\boss_lurker_below.obj
c:\build\src\server\scripts\scripts.dir\debug\boss_hungarfen.obj
c:\build\src\server\scripts\scripts.dir\debug\boss_nethermancer_sepethrea.obj
c:\build\src\server\scripts\scripts.dir\debug\boss_gatewatcher_ironhand.obj
c:\build\src\server\scripts\scripts.dir\debug\boss_astromancer.obj
c:\build\src\server\scripts\scripts.dir\debug\boss_laj.obj
c:\build\src\server\scripts\scripts.dir\debug\arcatraz.obj
c:\build\src\server\scripts\scripts.dir\debug\boss_tailonking_ikiss.obj
c:\build\src\server\scripts\scripts.dir\debug\boss_blackheart_the_inciter.obj
c:\build\src\server\scripts\scripts.dir\debug\zone_terokkar_forest.obj
c:\build\src\server\scripts\scripts.dir\debug\instance_gruuls_lair.obj
c:\build\src\server\scripts\scripts.dir\debug\zone_wintergrasp.obj
c:\build\src\server\scripts\scripts.dir\debug\boss_xt002.obj
c:\build\src\server\scripts\scripts.dir\debug\boss_krystallus.obj
c:\build\src\server\scripts\scripts.dir\debug\boss_sartharion.obj
c:\build\src\server\scripts\scripts.dir\debug\boss_general_zarithrian.obj
c:\build\src\server\scripts\scripts.dir\debug\instance_pit_of_saron.obj
c:\build\src\server\scripts\scripts.dir\debug\forge_of_souls.obj
c:\build\src\server\scripts\scripts.dir\debug\instance_forge_of_souls.obj
c:\build\src\server\scripts\scripts.dir\debug\instance_eye_of_eternity.obj
c:\build\src\server\scripts\scripts.dir\debug\boss_urom.obj
c:\build\src\server\scripts\scripts.dir\debug\boss_commander_kolurg.obj
c:\build\src\server\scripts\scripts.dir\debug\boss_commander_stoutbeard.obj
c:\build\src\server\scripts\scripts.dir\debug\boss_magus_telestra.obj
c:\build\src\server\scripts\scripts.dir\debug\boss_keristrasza.obj
c:\build\src\server\scripts\scripts.dir\debug\boss_lord_jaraxxus.obj
c:\build\src\server\scripts\scripts.dir\debug\boss_grand_champions.obj
c:\build\src\server\scripts\scripts.dir\debug\boss_kelthuzad.obj
c:\build\src\server\scripts\scripts.dir\debug\zone_sholazar_basin.obj
c:\build\src\server\scripts\scripts.dir\debug\instance_ahnkahet.obj
c:\build\src\server\scripts\scripts.dir\debug\boss_ichoron.obj
c:\build\src\server\scripts\scripts.dir\debug\violet_hold.obj
c:\build\src\server\scripts\scripts.dir\debug\boss_festergut.obj
c:\build\src\server\scripts\scripts.dir\debug\boss_blood_prince_council.obj
c:\build\src\server\scripts\scripts.dir\debug\boss_the_lich_king.obj
c:\build\src\server\scripts\scripts.dir\debug\spell_shaman.obj
c:\build\src\server\scripts\scripts.dir\debug\spell_generic.obj
c:\build\src\server\scripts\scripts.dir\debug\cs_instance.obj
c:\build\src\server\scripts\scripts.dir\debug\cs_rbac.obj
c:\build\src\server\scripts\scripts.dir\debug\cs_ticket.obj
c:\build\src\server\scripts\scripts.dir\debug\cs_mmaps.obj
c:\build\src\server\scripts\scripts.dir\debug\scriptedescortai.obj
c:\build\src\server\scripts\scripts.dir\debug\chat_log.obj
c:\build\src\server\scripts\scripts.dir\debug\outdoorpvpna.obj
c:\build\src\server\scripts\scripts.dir\debug\boss_galvangar.obj
c:\build\src\server\scripts\scripts.dir\debug\boss_balinda.obj
c:\build\src\server\scripts\scripts.dir\debug\boss_high_interrogator_gerstahn.obj
c:\build\src\server\scripts\scripts.dir\debug\blackrock_depths.obj
c:\build\src\server\scripts\scripts.dir\debug\boss_flamegor.obj
c:\build\src\server\scripts\scripts.dir\debug\boss_mother_smolderweb.obj
c:\build\src\server\scripts\scripts.dir\debug\boss_shadow_hunter_voshgajin.obj
c:\build\src\server\scripts\scripts.dir\debug\boss_the_beast.obj
c:\build\src\server\scripts\scripts.dir\debug\instance_blackrock_spire.obj
c:\build\src\server\scripts\scripts.dir\debug\boss_death_knight_darkreaver.obj
c:\build\src\server\scripts\scripts.dir\debug\boss_kormok.obj
c:\build\src\server\scripts\scripts.dir\debug\boss_lorekeeper_polkelt.obj
c:\build\src\server\scripts\scripts.dir\debug\zone_isle_of_queldanas.obj
c:\build\src\server\scripts\scripts.dir\debug\boss_grilek.obj
c:\build\src\server\scripts\scripts.dir\debug\boss_venoxis.obj
c:\build\src\server\scripts\scripts.dir\debug\boss_thekal.obj
c:\build\src\server\scripts\scripts.dir\debug\gnomeregan.obj
c:\build\src\server\scripts\scripts.dir\debug\boss_baroness_anastari.obj
c:\build\src\server\scripts\scripts.dir\debug\boss_dathrohan_balnazzar.obj
c:\build\src\server\scripts\scripts.dir\debug\boss_baron_rivendare.obj
c:\build\src\server\scripts\scripts.dir\debug\boss_ramstein_the_gorger.obj
c:\build\src\server\scripts\scripts.dir\debug\stratholme.obj
c:\build\src\server\scripts\scripts.dir\debug\boss_vexallus.obj
c:\build\src\server\scripts\scripts.dir\debug\boss_ironaya.obj
c:\build\src\server\scripts\scripts.dir\debug\zone_swamp_of_sorrows.obj
c:\build\src\server\scripts\scripts.dir\debug\zone_stranglethorn_vale.obj
c:\build\src\server\scripts\scripts.dir\debug\zone_duskwood.obj
c:\build\src\server\scripts\scripts.dir\debug\boss_interrogator_vishas.obj
c:\build\src\server\scripts\scripts.dir\debug\boss_herod.obj
c:\build\src\server\scripts\scripts.dir\debug\boss_akilzon.obj
c:\build\src\server\scripts\scripts.dir\debug\zone_hinterlands.obj
c:\build\src\server\scripts\scripts.dir\debug\boss_nightbane.obj
c:\build\src\server\scripts\scripts.dir\debug\boss_curator.obj
c:\build\src\server\scripts\scripts.dir\debug\boss_maiden_of_virtue.obj
c:\build\src\server\scripts\scripts.dir\debug\boss_prince_malchezaar.obj
c:\build\src\server\scripts\scripts.dir\debug\instance_razorfen_downs.obj
c:\build\src\server\scripts\scripts.dir\debug\boss_epoch_hunter.obj
c:\build\src\server\scripts\scripts.dir\debug\boss_captain_skarloc.obj
c:\build\src\server\scripts\scripts.dir\debug\boss_archimonde.obj
c:\build\src\server\scripts\scripts.dir\debug\boss_rage_winterchill.obj
c:\build\src\server\scripts\scripts.dir\debug\boss_salramm_the_fleshcrafter.obj
c:\build\src\server\scripts\scripts.dir\debug\culling_of_stratholme.obj
c:\build\src\server\scripts\scripts.dir\debug\boss_princess_theradras.obj
c:\build\src\server\scripts\scripts.dir\debug\boss_landslide.obj
c:\build\src\server\scripts\scripts.dir\debug\boss_celebras_the_cursed.obj
c:\build\src\server\scripts\scripts.dir\debug\boss_fankriss.obj
c:\build\src\server\scripts\scripts.dir\debug\instance_temple_of_ahnqiraj.obj
c:\build\src\server\scripts\scripts.dir\debug\boss_viscidus.obj
c:\build\src\server\scripts\scripts.dir\debug\boss_skeram.obj
c:\build\src\server\scripts\scripts.dir\debug\boss_moam.obj
c:\build\src\server\scripts\scripts.dir\debug\razorfen_kraul.obj
c:\build\src\server\scripts\scripts.dir\debug\zone_thousand_needles.obj
c:\build\src\server\scripts\scripts.dir\debug\instance_onyxias_lair.obj
c:\build\src\server\scripts\scripts.dir\debug\boss_mekgineer_steamrigger.obj
c:\build\src\server\scripts\scripts.dir\debug\boss_warlord_kalithresh.obj
c:\build\src\server\scripts\scripts.dir\debug\instance_serpent_shrine.obj
c:\build\src\server\scripts\scripts.dir\debug\zone_shattrath_city.obj
c:\build\src\server\scripts\scripts.dir\debug\boss_commander_sarannis.obj
c:\build\src\server\scripts\scripts.dir\debug\boss_murmur.obj
c:\build\src\server\scripts\scripts.dir\debug\boss_doomwalker.obj
c:\build\src\server\scripts\scripts.dir\debug\boss_teron_gorefiend.obj
c:\build\src\server\scripts\scripts.dir\debug\boss_shade_of_akama.obj
c:\build\src\server\scripts\scripts.dir\debug\boss_reliquary_of_souls.obj
c:\build\src\server\scripts\scripts.dir\debug\boss_high_king_maulgar.obj
c:\build\src\server\scripts\scripts.dir\debug\zone_zangarmarsh.obj
c:\build\src\server\scripts\scripts.dir\debug\boss_bjarngrim.obj
c:\build\src\server\scripts\scripts.dir\debug\boss_volkhan.obj
c:\build\src\server\scripts\scripts.dir\debug\ulduar_teleporter.obj
c:\build\src\server\scripts\scripts.dir\debug\boss_thorim.obj
c:\build\src\server\scripts\scripts.dir\debug\boss_ignis.obj
c:\build\src\server\scripts\scripts.dir\debug\boss_assembly_of_iron.obj
c:\build\src\server\scripts\scripts.dir\debug\boss_mimiron.obj
c:\build\src\server\scripts\scripts.dir\debug\boss_kologarn.obj
c:\build\src\server\scripts\scripts.dir\debug\boss_baltharus_the_warborn.obj
c:\build\src\server\scripts\scripts.dir\debug\instance_halls_of_reflection.obj
c:\build\src\server\scripts\scripts.dir\debug\boss_krickandick.obj
c:\build\src\server\scripts\scripts.dir\debug\boss_eregos.obj
c:\build\src\server\scripts\scripts.dir\debug\instance_oculus.obj
c:\build\src\server\scripts\scripts.dir\debug\instance_nexus.obj
c:\build\src\server\scripts\scripts.dir\debug\boss_anubarak_trial.obj
c:\build\src\server\scripts\scripts.dir\debug\trial_of_the_champion.obj
c:\build\src\server\scripts\scripts.dir\debug\instance_trial_of_the_champion.obj
c:\build\src\server\scripts\scripts.dir\debug\boss_loatheb.obj
c:\build\src\server\scripts\scripts.dir\debug\boss_four_horsemen.obj
c:\build\src\server\scripts\scripts.dir\debug\boss_razuvious.obj
c:\build\src\server\scripts\scripts.dir\debug\boss_grobbulus.obj
c:\build\src\server\scripts\scripts.dir\debug\zone_crystalsong_forest.obj
c:\build\src\server\scripts\scripts.dir\debug\boss_toravon.obj
c:\build\src\server\scripts\scripts.dir\debug\boss_ymiron.obj
c:\build\src\server\scripts\scripts.dir\debug\boss_ingvar_the_plunderer.obj
c:\build\src\server\scripts\scripts.dir\debug\boss_skarvald_dalronn.obj
c:\build\src\server\scripts\scripts.dir\debug\zone_dragonblight.obj
c:\build\src\server\scripts\scripts.dir\debug\boss_cyanigosa.obj
c:\build\src\server\scripts\scripts.dir\debug\boss_xevozz.obj
c:\build\src\server\scripts\scripts.dir\debug\icecrown_citadel_teleport.obj
c:\build\src\server\scripts\scripts.dir\debug\boss_lady_deathwhisper.obj
c:\build\src\server\scripts\scripts.dir\debug\boss_valithria_dreamwalker.obj
c:\build\src\server\scripts\scripts.dir\debug\instance_gundrak.obj
c:\build\src\server\scripts\scripts.dir\debug\zone_dalaran.obj
c:\build\src\server\scripts\scripts.dir\debug\boss_novos.obj
c:\build\src\server\scripts\scripts.dir\debug\childrens_week.obj
c:\build\src\server\scripts\scripts.dir\debug\pet_mage.obj
c:\build\src\server\scripts\scripts.dir\debug\spell_dk.obj
c:\build\src\server\scripts\scripts.dir\debug\spell_warlock.obj
c:\build\src\server\scripts\scripts.dir\debug\spell_pet.obj
c:\build\src\server\scripts\scripts.dir\debug\cs_character.obj
c:\build\src\server\scripts\scripts.dir\debug\cs_go.obj
c:\build\src\server\scripts\scripts.dir\debug\cs_learn.obj
c:\build\src\server\scripts\scripts.dir\debug\cs_list.obj
c:\build\src\server\scripts\scripts.dir\debug\cs_misc.obj
c:\build\src\server\scripts\scripts.dir\debug\scriptedfollowerai.obj
c:\build\src\server\scripts\scripts.dir\debug\boss_emerald_dragons.obj
c:\build\src\server\scripts\scripts.dir\debug\npcs_special.obj
c:\build\src\server\scripts\scripts.dir\debug\zone_ghostlands.obj
c:\build\src\server\scripts\scripts.dir\debug\boss_drekthar.obj
c:\build\src\server\scripts\scripts.dir\debug\alterac_valley.obj
c:\build\src\server\scripts\scripts.dir\debug\boss_anubshiah.obj
c:\build\src\server\scripts\scripts.dir\debug\boss_ambassador_flamelash.obj
c:\build\src\server\scripts\scripts.dir\debug\boss_emperor_dagran_thaurissan.obj
c:\build\src\server\scripts\scripts.dir\debug\boss_razorgore.obj
c:\build\src\server\scripts\scripts.dir\debug\boss_drakkisath.obj
c:\build\src\server\scripts\scripts.dir\debug\boss_quartermaster_zigris.obj
c:\build\src\server\scripts\scripts.dir\debug\boss_rend_blackhand.obj
c:\build\src\server\scripts\scripts.dir\debug\boss_lord_valthalak.obj
c:\build\src\server\scripts\scripts.dir\debug\boss_majordomo_executus.obj
c:\build\src\server\scripts\scripts.dir\debug\boss_garr.obj
c:\build\src\server\scripts\scripts.dir\debug\boss_magmadar.obj
c:\build\src\server\scripts\scripts.dir\debug\boss_the_ravenian.obj
c:\build\src\server\scripts\scripts.dir\debug\boss_jandice_barov.obj
c:\build\src\server\scripts\scripts.dir\debug\boss_darkmaster_gandling.obj
c:\build\src\server\scripts\scripts.dir\debug\boss_jeklik.obj
c:\build\src\server\scripts\scripts.dir\debug\boss_gahzranka.obj
c:\build\src\server\scripts\scripts.dir\debug\boss_wushoolay.obj
c:\build\src\server\scripts\scripts.dir\debug\zone_wetlands.obj
c:\build\src\server\scripts\scripts.dir\debug\zone_the_scarlet_enclave.obj
c:\build\src\server\scripts\scripts.dir\debug\boss_nerubenkan.obj
c:\build\src\server\scripts\scripts.dir\debug\boss_timmy_the_cruel.obj
c:\build\src\server\scripts\scripts.dir\debug\boss_magistrate_barthilas.obj
c:\build\src\server\scripts\scripts.dir\debug\boss_cannon_master_willey.obj
c:\build\src\server\scripts\scripts.dir\debug\boss_postmaster_malown.obj
c:\build\src\server\scripts\scripts.dir\debug\instance_sunken_temple.obj
c:\build\src\server\scripts\scripts.dir\debug\instance_magisters_terrace.obj
c:\build\src\server\scripts\scripts.dir\debug\boss_kiljaeden.obj
c:\build\src\server\scripts\scripts.dir\debug\sunwell_plateau.obj
c:\build\src\server\scripts\scripts.dir\debug\boss_felmyst.obj
c:\build\src\server\scripts\scripts.dir\debug\boss_high_inquisitor_fairbanks.obj
c:\build\src\server\scripts\scripts.dir\debug\zone_undercity.obj
c:\build\src\server\scripts\scripts.dir\debug\instance_shadowfang_keep.obj
c:\build\src\server\scripts\scripts.dir\debug\boss_zuljin.obj
c:\build\src\server\scripts\scripts.dir\debug\instance_zulaman.obj
c:\build\src\server\scripts\scripts.dir\debug\boss_janalai.obj
c:\build\src\server\scripts\scripts.dir\debug\zone_alterac_mountains.obj
c:\build\src\server\scripts\scripts.dir\debug\zone_silverpine_forest.obj
c:\build\src\server\scripts\scripts.dir\debug\boss_midnight.obj
c:\build\src\server\scripts\scripts.dir\debug\zone_stonetalon_mountains.obj
c:\build\src\server\scripts\scripts.dir\debug\old_hillsbrad.obj
c:\build\src\server\scripts\scripts.dir\debug\instance_hyjal.obj
c:\build\src\server\scripts\scripts.dir\debug\the_black_morass.obj
c:\build\src\server\scripts\scripts.dir\debug\boss_temporus.obj
c:\build\src\server\scripts\scripts.dir\debug\blackfathom_deeps.obj
c:\build\src\server\scripts\scripts.dir\debug\boss_noxxion.obj
c:\build\src\server\scripts\scripts.dir\debug\boss_huhuran.obj
c:\build\src\server\scripts\scripts.dir\debug\mob_anubisath_sentinel.obj
c:\build\src\server\scripts\scripts.dir\debug\boss_sartura.obj
c:\build\src\server\scripts\scripts.dir\debug\boss_bug_trio.obj
c:\build\src\server\scripts\scripts.dir\debug\boss_rajaxx.obj
c:\build\src\server\scripts\scripts.dir\debug\boss_ossirian.obj
c:\build\src\server\scripts\scripts.dir\debug\boss_kurinnaxx.obj
c:\build\src\server\scripts\scripts.dir\debug\zone_ashenvale.obj
c:\build\src\server\scripts\scripts.dir\debug\instance_hellfire_ramparts.obj
c:\build\src\server\scripts\scripts.dir\debug\boss_vazruden_the_herald.obj
c:\build\src\server\scripts\scripts.dir\debug\boss_nethekurse.obj
c:\build\src\server\scripts\scripts.dir\debug\instance_steam_vault.obj
c:\build\src\server\scripts\scripts.dir\debug\boss_morogrim_tidewalker.obj
c:\build\src\server\scripts\scripts.dir\debug\boss_mechano_lord_capacitus.obj
c:\build\src\server\scripts\scripts.dir\debug\the_eye.obj
c:\build\src\server\scripts\scripts.dir\debug\boss_high_botanist_freywinn.obj
c:\build\src\server\scripts\scripts.dir\debug\boss_harbinger_skyriss.obj
c:\build\src\server\scripts\scripts.dir\debug\boss_pandemonius.obj
c:\build\src\server\scripts\scripts.dir\debug\boss_anzu.obj
c:\build\src\server\scripts\scripts.dir\debug\instance_shadow_labyrinth.obj
c:\build\src\server\scripts\scripts.dir\debug\illidari_council.obj
c:\build\src\server\scripts\scripts.dir\debug\boss_mother_shahraz.obj
c:\build\src\server\scripts\scripts.dir\debug\boss_warlord_najentus.obj
c:\build\src\server\scripts\scripts.dir\debug\zone_shadowmoon_valley.obj
c:\build\src\server\scripts\scripts.dir\debug\boss_algalon_the_observer.obj
c:\build\src\server\scripts\scripts.dir\debug\boss_razorscale.obj
c:\build\src\server\scripts\scripts.dir\debug\instance_halls_of_stone.obj
c:\build\src\server\scripts\scripts.dir\debug\instance_obsidian_sanctum.obj
c:\build\src\server\scripts\scripts.dir\debug\ruby_sanctum.obj
c:\build\src\server\scripts\scripts.dir\debug\boss_saviana_ragefire.obj
c:\build\src\server\scripts\scripts.dir\debug\boss_marwyn.obj
c:\build\src\server\scripts\scripts.dir\debug\boss_forgemaster_garfrost.obj
c:\build\src\server\scripts\scripts.dir\debug\boss_bronjahm.obj
c:\build\src\server\scripts\scripts.dir\debug\oculus.obj
c:\build\src\server\scripts\scripts.dir\debug\boss_northrend_beasts.obj
c:\build\src\server\scripts\scripts.dir\debug\instance_trial_of_the_crusader.obj
c:\build\src\server\scripts\scripts.dir\debug\boss_black_knight.obj
c:\build\src\server\scripts\scripts.dir\debug\boss_faerlina.obj
c:\build\src\server\scripts\scripts.dir\debug\boss_heigan.obj
c:\build\src\server\scripts\scripts.dir\debug\instance_naxxramas.obj
c:\build\src\server\scripts\scripts.dir\debug\boss_emalon.obj
c:\build\src\server\scripts\scripts.dir\debug\instance_pinnacle.obj
c:\build\src\server\scripts\scripts.dir\debug\instance_utgarde_keep.obj
c:\build\src\server\scripts\scripts.dir\debug\zone_grizzly_hills.obj
c:\build\src\server\scripts\scripts.dir\debug\boss_deathbringer_saurfang.obj
c:\build\src\server\scripts\scripts.dir\debug\boss_blood_queen_lana_thel.obj
c:\build\src\server\scripts\scripts.dir\debug\zone_zuldrak.obj
c:\build\src\server\scripts\scripts.dir\debug\zone_borean_tundra.obj
c:\build\src\server\scripts\scripts.dir\debug\pet_shaman.obj
c:\build\src\server\scripts\scripts.dir\debug\spell_hunter.obj
c:\build\src\server\scripts\scripts.dir\debug\spell_priest.obj
c:\build\src\server\scripts\scripts.dir\debug\spell_holiday.obj
c:\build\src\server\scripts\scripts.dir\debug\cs_arena.obj
c:\build\src\server\scripts\scripts.dir\debug\cs_bf.obj
c:\build\src\server\scripts\scripts.dir\debug\cs_gobject.obj
c:\build\src\server\scripts\scripts.dir\debug\cs_message.obj
c:\build\src\server\scripts\scripts.dir\debug\cs_npc.obj
c:\build\src\server\scripts\scripts.dir\debug\cs_server.obj
c:\build\src\server\scripts\scripts.dir\debug\cs_titles.obj
c:\build\src\server\scripts\scripts.dir\debug\cs_wp.obj
c:\build\src\server\scripts\scripts.dir\debug\example_creature.obj
c:\build\src\server\scripts\scripts.dir\debug\example_spell.obj
c:\build\src\server\scripts\scripts.dir\debug\transmogrification.obj
c:\build\src\server\scripts\scripts.dir\debug\go_scripts.obj
c:\build\src\server\scripts\scripts.dir\debug\outdoorpvpzm.obj
c:\build\src\server\scripts\scripts.dir\debug\outdoorpvpep.obj
c:\build\src\server\scripts\scripts.dir\debug\boss_grizzle.obj
c:\build\src\server\scripts\scripts.dir\debug\boss_magmus.obj
c:\build\src\server\scripts\scripts.dir\debug\boss_firemaw.obj
c:\build\src\server\scripts\scripts.dir\debug\boss_ebonroc.obj
c:\build\src\server\scripts\scripts.dir\debug\boss_nefarian.obj
c:\build\src\server\scripts\scripts.dir\debug\boss_overlord_wyrmthalak.obj
c:\build\src\server\scripts\scripts.dir\debug\boss_gizrul_the_slavener.obj
c:\build\src\server\scripts\scripts.dir\debug\boss_lucifron.obj
c:\build\src\server\scripts\scripts.dir\debug\boss_ragnaros.obj
c:\build\src\server\scripts\scripts.dir\debug\boss_shazzrah.obj
c:\build\src\server\scripts\scripts.dir\debug\boss_instructor_malicia.obj
c:\build\src\server\scripts\scripts.dir\debug\boss_lord_alexei_barov.obj
c:\build\src\server\scripts\scripts.dir\debug\boss_kirtonos_the_herald.obj
c:\build\src\server\scripts\scripts.dir\debug\boss_hazzarah.obj
c:\build\src\server\scripts\scripts.dir\debug\boss_arlokk.obj
c:\build\src\server\scripts\scripts.dir\debug\instance_gnomeregan.obj
c:\build\src\server\scripts\scripts.dir\debug\chapter5.obj
c:\build\src\server\scripts\scripts.dir\debug\boss_order_of_silver_hand.obj
c:\build\src\server\scripts\scripts.dir\debug\boss_maleki_the_pallid.obj
c:\build\src\server\scripts\scripts.dir\debug\sunken_temple.obj
c:\build\src\server\scripts\scripts.dir\debug\boss_priestess_delrissa.obj
c:\build\src\server\scripts\scripts.dir\debug\magisters_terrace.obj
c:\build\src\server\scripts\scripts.dir\debug\instance_uldaman.obj
c:\build\src\server\scripts\scripts.dir\debug\boss_kalecgos.obj
c:\build\src\server\scripts\scripts.dir\debug\boss_azshir_the_sleepless.obj
c:\build\src\server\scripts\scripts.dir\debug\boss_headless_horseman.obj
c:\build\src\server\scripts\scripts.dir\debug\boss_terestian_illhoof.obj
c:\build\src\server\scripts\scripts.dir\debug\zone_moonglade.obj
c:\build\src\server\scripts\scripts.dir\debug\hyjal.obj
c:\build\src\server\scripts\scripts.dir\debug\boss_infinite_corruptor.obj
c:\build\src\server\scripts\scripts.dir\debug\boss_mal_ganis.obj
c:\build\src\server\scripts\scripts.dir\debug\instance_the_black_morass.obj
c:\build\src\server\scripts\scripts.dir\debug\boss_kelris.obj
c:\build\src\server\scripts\scripts.dir\debug\boss_aku_mai.obj
c:\build\src\server\scripts\scripts.dir\debug\zone_desolace.obj
c:\build\src\server\scripts\scripts.dir\debug\boss_cthun.obj
c:\build\src\server\scripts\scripts.dir\debug\instance_razorfen_kraul.obj
c:\build\src\server\scripts\scripts.dir\debug\wailing_caverns.obj
c:\build\src\server\scripts\scripts.dir\debug\zone_dustwallow_marsh.obj
c:\build\src\server\scripts\scripts.dir\debug\instance_blood_furnace.obj
c:\build\src\server\scripts\scripts.dir\debug\boss_lady_vashj.obj
c:\build\src\server\scripts\scripts.dir\debug\boss_the_black_stalker.obj
c:\build\src\server\scripts\scripts.dir\debug\boss_gatewatcher_gyrokill.obj
c:\build\src\server\scripts\scripts.dir\debug\boss_void_reaver.obj
c:\build\src\server\scripts\scripts.dir\debug\boss_kaelthas.obj
c:\build\src\server\scripts\scripts.dir\debug\instance_arcatraz.obj
c:\build\src\server\scripts\scripts.dir\debug\boss_darkweaver_syth.obj
c:\build\src\server\scripts\scripts.dir\debug\boss_grandmaster_vorpil.obj
c:\build\src\server\scripts\scripts.dir\debug\boss_doomlord_kazzak.obj
c:\build\src\server\scripts\scripts.dir\debug\black_temple.obj
c:\build\src\server\scripts\scripts.dir\debug\boss_bloodboil.obj
c:\build\src\server\scripts\scripts.dir\debug\boss_gruul.obj
c:\build\src\server\scripts\scripts.dir\debug\zone_storm_peaks.obj
c:\build\src\server\scripts\scripts.dir\debug\boss_hodir.obj
c:\build\src\server\scripts\scripts.dir\debug\boss_freya.obj
c:\build\src\server\scripts\scripts.dir\debug\boss_maiden_of_grief.obj
c:\build\src\server\scripts\scripts.dir\debug\halls_of_stone.obj
c:\build\src\server\scripts\scripts.dir\debug\boss_falric.obj
c:\build\src\server\scripts\scripts.dir\debug\halls_of_reflection.obj
c:\build\src\server\scripts\scripts.dir\debug\pit_of_saron.obj
c:\build\src\server\scripts\scripts.dir\debug\boss_devourer_of_souls.obj
c:\build\src\server\scripts\scripts.dir\debug\boss_ormorok.obj
c:\build\src\server\scripts\scripts.dir\debug\trial_of_the_crusader.obj
c:\build\src\server\scripts\scripts.dir\debug\boss_twin_valkyr.obj
c:\build\src\server\scripts\scripts.dir\debug\boss_maexxna.obj
c:\build\src\server\scripts\scripts.dir\debug\boss_gothik.obj
c:\build\src\server\scripts\scripts.dir\debug\boss_noth.obj
c:\build\src\server\scripts\scripts.dir\debug\boss_koralon.obj
c:\build\src\server\scripts\scripts.dir\debug\instance_azjol_nerub.obj
c:\build\src\server\scripts\scripts.dir\debug\boss_prince_taldaram.obj
c:\build\src\server\scripts\scripts.dir\debug\boss_zuramat.obj
c:\build\src\server\scripts\scripts.dir\debug\boss_lavanthor.obj
c:\build\src\server\scripts\scripts.dir\debug\boss_moragg.obj
c:\build\src\server\scripts\scripts.dir\debug\instance_icecrown_citadel.obj
c:\build\src\server\scripts\scripts.dir\debug\boss_rotface.obj
c:\build\src\server\scripts\scripts.dir\debug\boss_sindragosa.obj
c:\build\src\server\scripts\scripts.dir\debug\boss_eck.obj
c:\build\src\server\scripts\scripts.dir\debug\instance_drak_tharon_keep.obj
c:\build\src\server\scripts\scripts.dir\debug\boss_tharon_ja.obj
c:\build\src\server\scripts\scripts.dir\debug\pet_hunter.obj
c:\build\src\server\scripts\scripts.dir\debug\spell_druid.obj
c:\build\src\server\scripts\scripts.dir\debug\spell_mage.obj
c:\build\src\server\scripts\scripts.dir\debug\cs_account.obj
c:\build\src\server\scripts\scripts.dir\debug\cs_achievement.obj
c:\build\src\server\scripts\scripts.dir\debug\cs_event.obj
c:\build\src\server\scripts\scripts.dir\debug\cs_gm.obj
c:\build\src\server\scripts\scripts.dir\debug\cs_guild.obj
c:\build\src\server\scripts\scripts.dir\debug\cs_lookup.obj
c:\build\src\server\scripts\scripts.dir\debug\cs_quest.obj
c:\build\src\server\scripts\scripts.dir\debug\cs_tele.obj
c:\build\src\server\scripts\scripts.dir\debug\example_misc.obj
c:\build\src\server\scripts\scripts.dir\debug\example_gossip_codebox.obj
c:\build\src\server\scripts\scripts.dir\debug\example_escort.obj
c:\build\src\server\scripts\scripts.dir\debug\areatrigger_scripts.obj
c:\build\src\server\scripts\scripts.dir\debug\guards.obj
c:\build\src\server\scripts\scripts.dir\debug\item_scripts.obj
c:\build\src\server\scripts\scripts.dir\debug\npc_professions.obj
c:\build\src\server\scripts\scripts.dir\debug\outdoorpvpsi.obj
c:\build\src\server\scripts\scripts.dir\debug\zone_eversong_woods.obj
c:\build\src\server\scripts\scripts.dir\debug\boss_general_angerforge.obj
c:\build\src\server\scripts\scripts.dir\debug\instance_blackrock_depths.obj
c:\build\src\server\scripts\scripts.dir\debug\instance_blackwing_lair.obj
c:\build\src\server\scripts\scripts.dir\debug\boss_warmaster_voone.obj
c:\build\src\server\scripts\scripts.dir\debug\boss_halycon.obj
c:\build\src\server\scripts\scripts.dir\debug\boss_highlord_omokk.obj
c:\build\src\server\scripts\scripts.dir\debug\boss_gehennas.obj
c:\build\src\server\scripts\scripts.dir\debug\boss_baron_geddon.obj
c:\build\src\server\scripts\scripts.dir\debug\boss_sulfuron_harbinger.obj
c:\build\src\server\scripts\scripts.dir\debug\boss_illucia_barov.obj
c:\build\src\server\scripts\scripts.dir\debug\boss_doctor_theolen_krastinov.obj
c:\build\src\server\scripts\scripts.dir\debug\boss_ras_frostwhisper.obj
c:\build\src\server\scripts\scripts.dir\debug\boss_kruul.obj
c:\build\src\server\scripts\scripts.dir\debug\boss_hakkar.obj
c:\build\src\server\scripts\scripts.dir\debug\boss_marli.obj
c:\build\src\server\scripts\scripts.dir\debug\boss_renataki.obj
c:\build\src\server\scripts\scripts.dir\debug\instance_zulgurub.obj
c:\build\src\server\scripts\scripts.dir\debug\zone_redridge_mountains.obj
c:\build\src\server\scripts\scripts.dir\debug\zone_eastern_plaguelands.obj
c:\build\src\server\scripts\scripts.dir\debug\instance_stratholme.obj
c:\build\src\server\scripts\scripts.dir\debug\zone_tirisfal_glades.obj
c:\build\src\server\scripts\scripts.dir\debug\boss_felblood_kaelthas.obj
c:\build\src\server\scripts\scripts.dir\debug\boss_selin_fireheart.obj
c:\build\src\server\scripts\scripts.dir\debug\uldaman.obj
c:\build\src\server\scripts\scripts.dir\debug\boss_archaedas.obj
c:\build\src\server\scripts\scripts.dir\debug\boss_eredar_twins.obj
c:\build\src\server\scripts\scripts.dir\debug\boss_muru.obj
c:\build\src\server\scripts\scripts.dir\debug\boss_brutallus.obj
c:\build\src\server\scripts\scripts.dir\debug\deadmines.obj
c:\build\src\server\scripts\scripts.dir\debug\instance_deadmines.obj
c:\build\src\server\scripts\scripts.dir\debug\boss_houndmaster_loksey.obj
c:\build\src\server\scripts\scripts.dir\debug\boss_scorn.obj
c:\build\src\server\scripts\scripts.dir\debug\zone_loch_modan.obj
c:\build\src\server\scripts\scripts.dir\debug\zone_blasted_lands.obj
c:\build\src\server\scripts\scripts.dir\debug\boss_halazzi.obj
c:\build\src\server\scripts\scripts.dir\debug\boss_hexlord.obj
c:\build\src\server\scripts\scripts.dir\debug\boss_nalorakk.obj
c:\build\src\server\scripts\scripts.dir\debug\zone_westfall.obj
c:\build\src\server\scripts\scripts.dir\debug\boss_netherspite.obj
c:\build\src\server\scripts\scripts.dir\debug\bosses_opera.obj
c:\build\src\server\scripts\scripts.dir\debug\zone_silithus.obj
c:\build\src\server\scripts\scripts.dir\debug\boss_kazrogal.obj
c:\build\src\server\scripts\scripts.dir\debug\boss_anetheron.obj
c:\build\src\server\scripts\scripts.dir\debug\instance_blackfathom_deeps.obj
c:\build\src\server\scripts\scripts.dir\debug\zone_orgrimmar.obj
c:\build\src\server\scripts\scripts.dir\debug\zone_feralas.obj
c:\build\src\server\scripts\scripts.dir\debug\boss_ouro.obj
c:\build\src\server\scripts\scripts.dir\debug\zone_darkshore.obj
c:\build\src\server\scripts\scripts.dir\debug\zone_mulgore.obj
c:\build\src\server\scripts\scripts.dir\debug\zone_azshara.obj
c:\build\src\server\scripts\scripts.dir\debug\instance_wailing_caverns.obj
c:\build\src\server\scripts\scripts.dir\debug\zone_durotar.obj
c:\build\src\server\scripts\scripts.dir\debug\zone_teldrassil.obj
c:\build\src\server\scripts\scripts.dir\debug\boss_magtheridon.obj
c:\build\src\server\scripts\scripts.dir\debug\boss_watchkeeper_gargolmar.obj
c:\build\src\server\scripts\scripts.dir\debug\boss_kelidan_the_breaker.obj
c:\build\src\server\scripts\scripts.dir\debug\boss_warchief_kargath_bladefist.obj
c:\build\src\server\scripts\scripts.dir\debug\boss_hydromancer_thespia.obj
c:\build\src\server\scripts\scripts.dir\debug\boss_fathomlord_karathress.obj
c:\build\src\server\scripts\scripts.dir\debug\instance_the_eye.obj
c:\build\src\server\scripts\scripts.dir\debug\instance_the_botanica.obj
c:\build\src\server\scripts\scripts.dir\debug\boss_shirrak_the_dead_watcher.obj
c:\build\src\server\scripts\scripts.dir\debug\boss_nexusprince_shaffar.obj
c:\build\src\server\scripts\scripts.dir\debug\boss_ambassador_hellmaw.obj
c:\build\src\server\scripts\scripts.dir\debug\boss_supremus.obj
c:\build\src\server\scripts\scripts.dir\debug\instance_black_temple.obj
c:\build\src\server\scripts\scripts.dir\debug\zone_blades_edge_mountains.obj
c:\build\src\server\scripts\scripts.dir\debug\isle_of_conquest.obj
c:\build\src\server\scripts\scripts.dir\debug\boss_ionar.obj
c:\build\src\server\scripts\scripts.dir\debug\boss_loken.obj
c:\build\src\server\scripts\scripts.dir\debug\instance_ulduar.obj
c:\build\src\server\scripts\scripts.dir\debug\boss_yogg_saron.obj
c:\build\src\server\scripts\scripts.dir\debug\boss_scourgelord_tyrannus.obj
c:\build\src\server\scripts\scripts.dir\debug\boss_malygos.obj
c:\build\src\server\scripts\scripts.dir\debug\boss_anubrekhan.obj
c:\build\src\server\scripts\scripts.dir\debug\boss_patchwerk.obj
c:\build\src\server\scripts\scripts.dir\debug\boss_gluth.obj
c:\build\src\server\scripts\scripts.dir\debug\boss_thaddius.obj
c:\build\src\server\scripts\scripts.dir\debug\boss_archavon.obj
c:\build\src\server\scripts\scripts.dir\debug\boss_palehoof.obj
c:\build\src\server\scripts\scripts.dir\debug\boss_skadi.obj
c:\build\src\server\scripts\scripts.dir\debug\boss_keleseth.obj
c:\build\src\server\scripts\scripts.dir\debug\boss_krikthir_the_gatewatcher.obj
c:\build\src\server\scripts\scripts.dir\debug\boss_hadronox.obj
c:\build\src\server\scripts\scripts.dir\debug\boss_anubarak.obj
c:\build\src\server\scripts\scripts.dir\debug\boss_jedoga_shadowseeker.obj
c:\build\src\server\scripts\scripts.dir\debug\boss_amanitar.obj
c:\build\src\server\scripts\scripts.dir\debug\instance_violet_hold.obj
c:\build\src\server\scripts\scripts.dir\debug\boss_lord_marrowgar.obj
c:\build\src\server\scripts\scripts.dir\debug\boss_professor_putricide.obj
c:\build\src\server\scripts\scripts.dir\debug\boss_gal_darah.obj
c:\build\src\server\scripts\scripts.dir\debug\boss_moorabi.obj
c:\build\src\server\scripts\scripts.dir\debug\boss_trollgore.obj
c:\build\src\server\scripts\scripts.dir\debug\pet_dk.obj
c:\build\src\server\scripts\scripts.dir\debug\scripts.pch
c:\build\src\server\scripts\scripts.dir\debug\vc120.pdb
c:\build\src\server\scripts\scripts.dir\debug\scriptpch.obj
c:\build\src\server\scripts\scripts.dir\debug\ahnkarok.obj
c:\build\src\server\scripts\cmakefiles\generate.stamp
c:\build\src\server\scripts\debug\scripts.lib
c:\build\src\server\scripts\scripts.dir\debug\scripts.tlog\cl.command.1.tlog
c:\build\src\server\scripts\scripts.dir\debug\scripts.tlog\cl.read.1.tlog
c:\build\src\server\scripts\scripts.dir\debug\scripts.tlog\cl.write.1.tlog
c:\build\src\server\scripts\scripts.dir\debug\scripts.tlog\custombuild.command.1.tlog
c:\build\src\server\scripts\scripts.dir\debug\scripts.tlog\custombuild.read.1.tlog
c:\build\src\server\scripts\scripts.dir\debug\scripts.tlog\custombuild.write.1.tlog
c:\build\src\server\scripts\scripts.dir\debug\scripts.tlog\lib-link.read.1.tlog
c:\build\src\server\scripts\scripts.dir\debug\scripts.tlog\lib-link.write.1.tlog
c:\build\src\server\scripts\scripts.dir\debug\scripts.tlog\lib.command.1.tlog
