c:\build\src\server\authserver\authserver.dir\release\authserver.pch
c:\build\src\server\authserver\authserver.dir\release\authpch.obj
c:\build\src\server\authserver\authserver.dir\release\authsocket.obj
c:\build\src\server\authserver\authserver.dir\release\wheatyexceptionreport.obj
c:\build\src\server\authserver\authserver.dir\release\authcodes.obj
c:\build\src\server\authserver\authserver.dir\release\main.obj
c:\build\src\server\authserver\authserver.dir\release\realmlist.obj
c:\build\src\server\authserver\authserver.dir\release\realmsocket.obj
c:\build\src\server\authserver\cmakefiles\generate.stamp
c:\build\bin\release\authserver.exe
c:\build\src\server\authserver\authserver.dir\release\authserver.res
c:\build\src\server\authserver\authserver.dir\release\authserver.tlog\cl.command.1.tlog
c:\build\src\server\authserver\authserver.dir\release\authserver.tlog\cl.read.1.tlog
c:\build\src\server\authserver\authserver.dir\release\authserver.tlog\cl.write.1.tlog
c:\build\src\server\authserver\authserver.dir\release\authserver.tlog\custombuild.command.1.tlog
c:\build\src\server\authserver\authserver.dir\release\authserver.tlog\custombuild.read.1.tlog
c:\build\src\server\authserver\authserver.dir\release\authserver.tlog\custombuild.write.1.tlog
c:\build\src\server\authserver\authserver.dir\release\authserver.tlog\link.command.1.tlog
c:\build\src\server\authserver\authserver.dir\release\authserver.tlog\link.read.1.tlog
c:\build\src\server\authserver\authserver.dir\release\authserver.tlog\link.write.1.tlog
c:\build\src\server\authserver\authserver.dir\release\authserver.tlog\rc.command.1.tlog
c:\build\src\server\authserver\authserver.dir\release\authserver.tlog\rc.read.1.tlog
c:\build\src\server\authserver\authserver.dir\release\authserver.tlog\rc.write.1.tlog
