c:\build\dep\acelite\ace\debug\ace.lib
c:\build\dep\acelite\ace\debug\ace.exp
c:\build\dep\acelite\ace\ace.dir\debug\ace.pch
c:\build\dep\acelite\ace\ace.dir\debug\vc120.pdb
c:\build\dep\acelite\ace\ace.dir\debug\winacepch.obj
c:\build\dep\acelite\ace\ace.dir\debug\ace_crc32.obj
c:\build\dep\acelite\ace\ace.dir\debug\assert.obj
c:\build\dep\acelite\ace\ace.dir\debug\asynch_pseudo_task.obj
c:\build\dep\acelite\ace\ace.dir\debug\configuration_import_export.obj
c:\build\dep\acelite\ace\ace.dir\debug\dynamic_service_base.obj
c:\build\dep\acelite\ace\ace.dir\debug\event_handler_handle_timeout_upcall.obj
c:\build\dep\acelite\ace\ace.dir\debug\fifo_send_msg.obj
c:\build\dep\acelite\ace\ace.dir\debug\file_lock.obj
c:\build\dep\acelite\ace\ace.dir\debug\functor.obj
c:\build\dep\acelite\ace\ace.dir\debug\handle_set.obj
c:\build\dep\acelite\ace\ace.dir\debug\io_cntl_msg.obj
c:\build\dep\acelite\ace\ace.dir\debug\ipc_sap.obj
c:\build\dep\acelite\ace\ace.dir\debug\lib_find.obj
c:\build\dep\acelite\ace\ace.dir\debug\lock.obj
c:\build\dep\acelite\ace\ace.dir\debug\log_msg_callback.obj
c:\build\dep\acelite\ace\ace.dir\debug\log_msg_unix_syslog.obj
c:\build\dep\acelite\ace\ace.dir\debug\lsock.obj
c:\build\dep\acelite\ace\ace.dir\debug\lsock_acceptor.obj
c:\build\dep\acelite\ace\ace.dir\debug\lsock_codgram.obj
c:\build\dep\acelite\ace\ace.dir\debug\lsock_dgram.obj
c:\build\dep\acelite\ace\ace.dir\debug\malloc_allocator.obj
c:\build\dep\acelite\ace\ace.dir\debug\mem_connector.obj
c:\build\dep\acelite\ace\ace.dir\debug\message_block.obj
c:\build\dep\acelite\ace\ace.dir\debug\mmap_memory_pool.obj
c:\build\dep\acelite\ace\ace.dir\debug\msg_wfmo_reactor.obj
c:\build\dep\acelite\ace\ace.dir\debug\name_proxy.obj
c:\build\dep\acelite\ace\ace.dir\debug\object_manager_base.obj
c:\build\dep\acelite\ace\ace.dir\debug\os_ns_arpa_inet.obj
c:\build\dep\acelite\ace\ace.dir\debug\os_ns_errno.obj
c:\build\dep\acelite\ace\ace.dir\debug\os_ns_poll.obj
c:\build\dep\acelite\ace\ace.dir\debug\os_ns_signal.obj
c:\build\dep\acelite\ace\ace.dir\debug\os_ns_strings.obj
c:\build\dep\acelite\ace\ace.dir\debug\os_ns_sys_mman.obj
c:\build\dep\acelite\ace\ace.dir\debug\os_ns_sys_socket.obj
c:\build\dep\acelite\ace\ace.dir\debug\pagefile_memory_pool.obj
c:\build\dep\acelite\ace\ace.dir\debug\posix_asynch_io.obj
c:\build\dep\acelite\ace\ace.dir\debug\posix_proactor.obj
c:\build\dep\acelite\ace\ace.dir\debug\process.obj
c:\build\dep\acelite\ace\ace.dir\debug\process_semaphore.obj
c:\build\dep\acelite\ace\ace.dir\debug\reactor_notification_strategy.obj
c:\build\dep\acelite\ace\ace.dir\debug\recyclable.obj
c:\build\dep\acelite\ace\ace.dir\debug\remote_name_space.obj
c:\build\dep\acelite\ace\ace.dir\debug\semaphore.obj
c:\build\dep\acelite\ace\ace.dir\debug\service_manager.obj
c:\build\dep\acelite\ace\ace.dir\debug\service_types.obj
c:\build\dep\acelite\ace\ace.dir\debug\signal.obj
c:\build\dep\acelite\ace\ace.dir\debug\sock_codgram.obj
c:\build\dep\acelite\ace\ace.dir\debug\sock_dgram_bcast.obj
c:\build\dep\acelite\ace\ace.dir\debug\sock_seqpack_connector.obj
c:\build\dep\acelite\ace\ace.dir\debug\sstring.obj
c:\build\dep\acelite\ace\ace.dir\debug\time_value.obj
c:\build\dep\acelite\ace\ace.dir\debug\win32_asynch_io.obj
c:\build\dep\acelite\ace\ace.dir\debug\ace_crc_ccitt.obj
c:\build\dep\acelite\ace\ace.dir\debug\argv_type_converter.obj
c:\build\dep\acelite\ace\ace.dir\debug\asynch_io_impl.obj
c:\build\dep\acelite\ace\ace.dir\debug\cleanup.obj
c:\build\dep\acelite\ace\ace.dir\debug\codecs.obj
c:\build\dep\acelite\ace\ace.dir\debug\condition_attributes.obj
c:\build\dep\acelite\ace\ace.dir\debug\condition_thread_mutex.obj
c:\build\dep\acelite\ace\ace.dir\debug\copy_disabled.obj
c:\build\dep\acelite\ace\ace.dir\debug\dev.obj
c:\build\dep\acelite\ace\ace.dir\debug\dev_poll_reactor.obj
c:\build\dep\acelite\ace\ace.dir\debug\dll.obj
c:\build\dep\acelite\ace\ace.dir\debug\dynamic_message_strategy.obj
c:\build\dep\acelite\ace\ace.dir\debug\encoding_converter.obj
c:\build\dep\acelite\ace\ace.dir\debug\event.obj
c:\build\dep\acelite\ace\ace.dir\debug\fifo_recv.obj
c:\build\dep\acelite\ace\ace.dir\debug\file_addr.obj
c:\build\dep\acelite\ace\ace.dir\debug\filecache.obj
c:\build\dep\acelite\ace\ace.dir\debug\init_ace.obj
c:\build\dep\acelite\ace\ace.dir\debug\iostream.obj
c:\build\dep\acelite\ace\ace.dir\debug\lsock_connector.obj
c:\build\dep\acelite\ace\ace.dir\debug\lsock_stream.obj
c:\build\dep\acelite\ace\ace.dir\debug\manual_event.obj
c:\build\dep\acelite\ace\ace.dir\debug\mem_addr.obj
c:\build\dep\acelite\ace\ace.dir\debug\mem_io.obj
c:\build\dep\acelite\ace\ace.dir\debug\message_queue_vx.obj
c:\build\dep\acelite\ace\ace.dir\debug\monitor_admin_manager.obj
c:\build\dep\acelite\ace\ace.dir\debug\multihomed_inet_addr.obj
c:\build\dep\acelite\ace\ace.dir\debug\naming_context.obj
c:\build\dep\acelite\ace\ace.dir\debug\os_ns_wchar.obj
c:\build\dep\acelite\ace\ace.dir\debug\os_tli.obj
c:\build\dep\acelite\ace\ace.dir\debug\pi_malloc.obj
c:\build\dep\acelite\ace\ace.dir\debug\posix_cb_proactor.obj
c:\build\dep\acelite\ace\ace.dir\debug\proactor_impl.obj
c:\build\dep\acelite\ace\ace.dir\debug\profile_timer.obj
c:\build\dep\acelite\ace\ace.dir\debug\read_buffer.obj
c:\build\dep\acelite\ace\ace.dir\debug\registry.obj
c:\build\dep\acelite\ace\ace.dir\debug\sched_params.obj
c:\build\dep\acelite\ace\ace.dir\debug\service_object.obj
c:\build\dep\acelite\ace\ace.dir\debug\service_repository.obj
c:\build\dep\acelite\ace\ace.dir\debug\shared_memory_mm.obj
c:\build\dep\acelite\ace\ace.dir\debug\sig_adapter.obj
c:\build\dep\acelite\ace\ace.dir\debug\sock_acceptor.obj
c:\build\dep\acelite\ace\ace.dir\debug\sock_dgram_mcast.obj
c:\build\dep\acelite\ace\ace.dir\debug\spipe_acceptor.obj
c:\build\dep\acelite\ace\ace.dir\debug\stats.obj
c:\build\dep\acelite\ace\ace.dir\debug\sv_shared_memory.obj
c:\build\dep\acelite\ace\ace.dir\debug\synch_options.obj
c:\build\dep\acelite\ace\ace.dir\debug\thread.obj
c:\build\dep\acelite\ace\ace.dir\debug\thread_control.obj
c:\build\dep\acelite\ace\ace.dir\debug\thread_hook.obj
c:\build\dep\acelite\ace\ace.dir\debug\throughput_stats.obj
c:\build\dep\acelite\ace\ace.dir\debug\tli.obj
c:\build\dep\acelite\ace\ace.dir\debug\token_invariants.obj
c:\build\dep\acelite\ace\ace.dir\debug\trace.obj
c:\build\dep\acelite\ace\ace.dir\debug\upipe_connector.obj
c:\build\dep\acelite\ace\ace.dir\debug\utf8_encoding_converter.obj
c:\build\dep\acelite\ace\ace.dir\debug\win32_proactor.obj
c:\build\dep\acelite\ace\ace.dir\debug\ace_wchar.obj
c:\build\dep\acelite\ace\ace.dir\debug\addr.obj
c:\build\dep\acelite\ace\ace.dir\debug\asynch_io.obj
c:\build\dep\acelite\ace\ace.dir\debug\codeset_registry.obj
c:\build\dep\acelite\ace\ace.dir\debug\connection_recycling_strategy.obj
c:\build\dep\acelite\ace\ace.dir\debug\date_time.obj
c:\build\dep\acelite\ace\ace.dir\debug\dev_connector.obj
c:\build\dep\acelite\ace\ace.dir\debug\dirent_selector.obj
c:\build\dep\acelite\ace\ace.dir\debug\dynamic.obj
c:\build\dep\acelite\ace\ace.dir\debug\encoding_converter_factory.obj
c:\build\dep\acelite\ace\ace.dir\debug\fifo.obj
c:\build\dep\acelite\ace\ace.dir\debug\fifo_send.obj
c:\build\dep\acelite\ace\ace.dir\debug\file_io.obj
c:\build\dep\acelite\ace\ace.dir\debug\get_opt.obj
c:\build\dep\acelite\ace\ace.dir\debug\io_sap.obj
c:\build\dep\acelite\ace\ace.dir\debug\local_name_space.obj
c:\build\dep\acelite\ace\ace.dir\debug\logging_strategy.obj
c:\build\dep\acelite\ace\ace.dir\debug\message_queue.obj
c:\build\dep\acelite\ace\ace.dir\debug\message_queue_nt.obj
c:\build\dep\acelite\ace\ace.dir\debug\method_request.obj
c:\build\dep\acelite\ace\ace.dir\debug\monitor_base.obj
c:\build\dep\acelite\ace\ace.dir\debug\netlink_addr.obj
c:\build\dep\acelite\ace\ace.dir\debug\nt_service.obj
c:\build\dep\acelite\ace\ace.dir\debug\os_ns_ctype.obj
c:\build\dep\acelite\ace\ace.dir\debug\os_ns_fcntl.obj
c:\build\dep\acelite\ace\ace.dir\debug\os_ns_regex.obj
c:\build\dep\acelite\ace\ace.dir\debug\os_ns_stdio.obj
c:\build\dep\acelite\ace\ace.dir\debug\os_ns_sys_resource.obj
c:\build\dep\acelite\ace\ace.dir\debug\os_ns_sys_shm.obj
c:\build\dep\acelite\ace\ace.dir\debug\os_ns_sys_uio.obj
c:\build\dep\acelite\ace\ace.dir\debug\os_ns_time.obj
c:\build\dep\acelite\ace\ace.dir\debug\os_thread_adapter.obj
c:\build\dep\acelite\ace\ace.dir\debug\ping_socket.obj
c:\build\dep\acelite\ace\ace.dir\debug\proactor.obj
c:\build\dep\acelite\ace\ace.dir\debug\sv_message.obj
c:\build\dep\acelite\ace\ace.dir\debug\svc_conf_lexer.obj
c:\build\dep\acelite\ace\ace.dir\debug\thread_exit.obj
c:\build\dep\acelite\ace\ace.dir\debug\time_policy.obj
c:\build\dep\acelite\ace\ace.dir\debug\tli_connector.obj
c:\build\dep\acelite\ace\ace.dir\debug\token_collection.obj
c:\build\dep\acelite\ace\ace.dir\debug\tss_adapter.obj
c:\build\dep\acelite\ace\ace.dir\debug\unix_addr.obj
c:\build\dep\acelite\ace\ace.dir\debug\upipe_stream.obj
c:\build\dep\acelite\ace\ace.dir\debug\xml_svc_conf.obj
c:\build\dep\acelite\ace\ace.dir\debug\xti_atm_mcast.obj
c:\build\dep\acelite\ace\ace.dir\debug\ace.obj
c:\build\dep\acelite\ace\ace.dir\debug\atm_stream.obj
c:\build\dep\acelite\ace\ace.dir\debug\auto_event.obj
c:\build\dep\acelite\ace\ace.dir\debug\base_thread_adapter.obj
c:\build\dep\acelite\ace\ace.dir\debug\basic_types.obj
c:\build\dep\acelite\ace\ace.dir\debug\capabilities.obj
c:\build\dep\acelite\ace\ace.dir\debug\codeset_ibm1047.obj
c:\build\dep\acelite\ace\ace.dir\debug\codeset_registry_db.obj
c:\build\dep\acelite\ace\ace.dir\debug\configuration.obj
c:\build\dep\acelite\ace\ace.dir\debug\handle_ops.obj
c:\build\dep\acelite\ace\ace.dir\debug\inet_addr.obj
c:\build\dep\acelite\ace\ace.dir\debug\local_tokens.obj
c:\build\dep\acelite\ace\ace.dir\debug\log_msg.obj
c:\build\dep\acelite\ace\ace.dir\debug\mem_map.obj
c:\build\dep\acelite\ace\ace.dir\debug\mem_sap.obj
c:\build\dep\acelite\ace\ace.dir\debug\monitor_control_action.obj
c:\build\dep\acelite\ace\ace.dir\debug\monitor_control_types.obj
c:\build\dep\acelite\ace\ace.dir\debug\mutex.obj
c:\build\dep\acelite\ace\ace.dir\debug\name_request_reply.obj
c:\build\dep\acelite\ace\ace.dir\debug\obchunk.obj
c:\build\dep\acelite\ace\ace.dir\debug\os_errno.obj
c:\build\dep\acelite\ace\ace.dir\debug\os_main.obj
c:\build\dep\acelite\ace\ace.dir\debug\os_ns_dlfcn.obj
c:\build\dep\acelite\ace\ace.dir\debug\os_ns_netdb.obj
c:\build\dep\acelite\ace\ace.dir\debug\os_ns_string.obj
c:\build\dep\acelite\ace\ace.dir\debug\os_ns_sys_msg.obj
c:\build\dep\acelite\ace\ace.dir\debug\os_ns_sys_sendfile.obj
c:\build\dep\acelite\ace\ace.dir\debug\os_ns_sys_wait.obj
c:\build\dep\acelite\ace\ace.dir\debug\os_qos.obj
c:\build\dep\acelite\ace\ace.dir\debug\parse_node.obj
c:\build\dep\acelite\ace\ace.dir\debug\reactor_impl.obj
c:\build\dep\acelite\ace\ace.dir\debug\reactor_timer_interface.obj
c:\build\dep\acelite\ace\ace.dir\debug\recursive_thread_mutex.obj
c:\build\dep\acelite\ace\ace.dir\debug\remote_tokens.obj
c:\build\dep\acelite\ace\ace.dir\debug\rw_process_mutex.obj
c:\build\dep\acelite\ace\ace.dir\debug\select_reactor_base.obj
c:\build\dep\acelite\ace\ace.dir\debug\shared_memory_pool.obj
c:\build\dep\acelite\ace\ace.dir\debug\shared_object.obj
c:\build\dep\acelite\ace\ace.dir\debug\sig_handler.obj
c:\build\dep\acelite\ace\ace.dir\debug\sock_dgram.obj
c:\build\dep\acelite\ace\ace.dir\debug\sock_seqpack_acceptor.obj
c:\build\dep\acelite\ace\ace.dir\debug\spipe_addr.obj
c:\build\dep\acelite\ace\ace.dir\debug\stack_trace.obj
c:\build\dep\acelite\ace\ace.dir\debug\sv_semaphore_simple.obj
c:\build\dep\acelite\ace\ace.dir\debug\system_time.obj
c:\build\dep\acelite\ace\ace.dir\debug\thread_mutex.obj
c:\build\dep\acelite\ace\ace.dir\debug\tli_acceptor.obj
c:\build\dep\acelite\ace\ace.dir\debug\token.obj
c:\build\dep\acelite\ace\ace.dir\debug\upipe_acceptor.obj
c:\build\dep\acelite\ace\ace.dir\debug\uuid.obj
c:\build\dep\acelite\ace\ace.dir\debug\active_map_manager.obj
c:\build\dep\acelite\ace\ace.dir\debug\atm_acceptor.obj
c:\build\dep\acelite\ace\ace.dir\debug\atm_connector.obj
c:\build\dep\acelite\ace\ace.dir\debug\atm_qos.obj
c:\build\dep\acelite\ace\ace.dir\debug\atomic_op_sparc.obj
c:\build\dep\acelite\ace\ace.dir\debug\barrier.obj
c:\build\dep\acelite\ace\ace.dir\debug\basic_stats.obj
c:\build\dep\acelite\ace\ace.dir\debug\cdr_base.obj
c:\build\dep\acelite\ace\ace.dir\debug\cdr_stream.obj
c:\build\dep\acelite\ace\ace.dir\debug\dirent.obj
c:\build\dep\acelite\ace\ace.dir\debug\dump.obj
c:\build\dep\acelite\ace\ace.dir\debug\dynamic_service_dependency.obj
c:\build\dep\acelite\ace\ace.dir\debug\fifo_recv_msg.obj
c:\build\dep\acelite\ace\ace.dir\debug\file_connector.obj
c:\build\dep\acelite\ace\ace.dir\debug\functor_string.obj
c:\build\dep\acelite\ace\ace.dir\debug\hashable.obj
c:\build\dep\acelite\ace\ace.dir\debug\high_res_timer.obj
c:\build\dep\acelite\ace\ace.dir\debug\log_msg_backend.obj
c:\build\dep\acelite\ace\ace.dir\debug\log_msg_nt_event_log.obj
c:\build\dep\acelite\ace\ace.dir\debug\log_record.obj
c:\build\dep\acelite\ace\ace.dir\debug\mem_stream.obj
c:\build\dep\acelite\ace\ace.dir\debug\monitor_size.obj
c:\build\dep\acelite\ace\ace.dir\debug\name_space.obj
c:\build\dep\acelite\ace\ace.dir\debug\notification_queue.obj
c:\build\dep\acelite\ace\ace.dir\debug\os_log_msg_attributes.obj
c:\build\dep\acelite\ace\ace.dir\debug\os_ns_dirent.obj
c:\build\dep\acelite\ace\ace.dir\debug\os_ns_math.obj
c:\build\dep\acelite\ace\ace.dir\debug\os_ns_pwd.obj
c:\build\dep\acelite\ace\ace.dir\debug\os_ns_stdlib.obj
c:\build\dep\acelite\ace\ace.dir\debug\os_ns_sys_select.obj
c:\build\dep\acelite\ace\ace.dir\debug\os_ns_sys_stat.obj
c:\build\dep\acelite\ace\ace.dir\debug\os_ns_sys_utsname.obj
c:\build\dep\acelite\ace\ace.dir\debug\os_ns_unistd.obj
c:\build\dep\acelite\ace\ace.dir\debug\pipe.obj
c:\build\dep\acelite\ace\ace.dir\debug\process_manager.obj
c:\build\dep\acelite\ace\ace.dir\debug\process_mutex.obj
c:\build\dep\acelite\ace\ace.dir\debug\reactor.obj
c:\build\dep\acelite\ace\ace.dir\debug\registry_name_space.obj
c:\build\dep\acelite\ace\ace.dir\debug\rtems_init.obj
c:\build\dep\acelite\ace\ace.dir\debug\rw_mutex.obj
c:\build\dep\acelite\ace\ace.dir\debug\rw_thread_mutex.obj
c:\build\dep\acelite\ace\ace.dir\debug\sample_history.obj
c:\build\dep\acelite\ace\ace.dir\debug\service_gestalt.obj
c:\build\dep\acelite\ace\ace.dir\debug\sock_connect.obj
c:\build\dep\acelite\ace\ace.dir\debug\sock_io.obj
c:\build\dep\acelite\ace\ace.dir\debug\sock_stream.obj
c:\build\dep\acelite\ace\ace.dir\debug\spipe.obj
c:\build\dep\acelite\ace\ace.dir\debug\spipe_connector.obj
c:\build\dep\acelite\ace\ace.dir\debug\string_base_const.obj
c:\build\dep\acelite\ace\ace.dir\debug\sun_proactor.obj
c:\build\dep\acelite\ace\ace.dir\debug\sv_message_queue.obj
c:\build\dep\acelite\ace\ace.dir\debug\svc_conf_y.obj
c:\build\dep\acelite\ace\ace.dir\debug\thread_semaphore.obj
c:\build\dep\acelite\ace\ace.dir\debug\timeprobe.obj
c:\build\dep\acelite\ace\ace.dir\debug\tli_stream.obj
c:\build\dep\acelite\ace\ace.dir\debug\token_manager.obj
c:\build\dep\acelite\ace\ace.dir\debug\tp_reactor.obj
c:\build\dep\acelite\ace\ace.dir\debug\activation_queue.obj
c:\build\dep\acelite\ace\ace.dir\debug\atm_addr.obj
c:\build\dep\acelite\ace\ace.dir\debug\atm_params.obj
c:\build\dep\acelite\ace\ace.dir\debug\atomic_op.obj
c:\build\dep\acelite\ace\ace.dir\debug\based_pointer_repository.obj
c:\build\dep\acelite\ace\ace.dir\debug\cdr_size.obj
c:\build\dep\acelite\ace\ace.dir\debug\condition_recursive_thread_mutex.obj
c:\build\dep\acelite\ace\ace.dir\debug\containers.obj
c:\build\dep\acelite\ace\ace.dir\debug\dev_addr.obj
c:\build\dep\acelite\ace\ace.dir\debug\dev_io.obj
c:\build\dep\acelite\ace\ace.dir\debug\dll_manager.obj
c:\build\dep\acelite\ace\ace.dir\debug\event_handler.obj
c:\build\dep\acelite\ace\ace.dir\debug\file.obj
c:\build\dep\acelite\ace\ace.dir\debug\flag_manip.obj
c:\build\dep\acelite\ace\ace.dir\debug\framework_component.obj
c:\build\dep\acelite\ace\ace.dir\debug\icmp_socket.obj
c:\build\dep\acelite\ace\ace.dir\debug\local_memory_pool.obj
c:\build\dep\acelite\ace\ace.dir\debug\log_msg_ipc.obj
c:\build\dep\acelite\ace\ace.dir\debug\malloc.obj
c:\build\dep\acelite\ace\ace.dir\debug\mem_acceptor.obj
c:\build\dep\acelite\ace\ace.dir\debug\monitor_admin.obj
c:\build\dep\acelite\ace\ace.dir\debug\monitor_point_registry.obj
c:\build\dep\acelite\ace\ace.dir\debug\notification_strategy.obj
c:\build\dep\acelite\ace\ace.dir\debug\object_manager.obj
c:\build\dep\acelite\ace\ace.dir\debug\os_ns_stropts.obj
c:\build\dep\acelite\ace\ace.dir\debug\os_ns_sys_time.obj
c:\build\dep\acelite\ace\ace.dir\debug\os_ns_thread.obj
c:\build\dep\acelite\ace\ace.dir\debug\priority_reactor.obj
c:\build\dep\acelite\ace\ace.dir\debug\sbrk_memory_pool.obj
c:\build\dep\acelite\ace\ace.dir\debug\service_config.obj
c:\build\dep\acelite\ace\ace.dir\debug\shared_memory.obj
c:\build\dep\acelite\ace\ace.dir\debug\shared_memory_sv.obj
c:\build\dep\acelite\ace\ace.dir\debug\sock.obj
c:\build\dep\acelite\ace\ace.dir\debug\sock_connector.obj
c:\build\dep\acelite\ace\ace.dir\debug\sock_netlink.obj
c:\build\dep\acelite\ace\ace.dir\debug\sock_seqpack_association.obj
c:\build\dep\acelite\ace\ace.dir\debug\spipe_stream.obj
c:\build\dep\acelite\ace\ace.dir\debug\sv_semaphore_complex.obj
c:\build\dep\acelite\ace\ace.dir\debug\task.obj
c:\build\dep\acelite\ace\ace.dir\debug\thread_adapter.obj
c:\build\dep\acelite\ace\ace.dir\debug\thread_manager.obj
c:\build\dep\acelite\ace\ace.dir\debug\token_request_reply.obj
c:\build\dep\acelite\ace\ace.dir\debug\tty_io.obj
c:\build\dep\acelite\ace\ace.dir\debug\utf16_encoding_converter.obj
c:\build\dep\acelite\ace\ace.dir\debug\utf32_encoding_converter.obj
c:\build\dep\acelite\ace\ace.dir\debug\wfmo_reactor.obj
c:\build\dep\acelite\ace\cmakefiles\generate.stamp
c:\build\bin\debug\ace.ilk
c:\build\bin\debug\ace.dll
c:\build\bin\debug\ace.pdb
c:\build\dep\acelite\ace\ace.dir\debug\ace.tlog\ace.write.1u.tlog
c:\build\dep\acelite\ace\ace.dir\debug\ace.tlog\cl.command.1.tlog
c:\build\dep\acelite\ace\ace.dir\debug\ace.tlog\cl.read.1.tlog
c:\build\dep\acelite\ace\ace.dir\debug\ace.tlog\cl.write.1.tlog
c:\build\dep\acelite\ace\ace.dir\debug\ace.tlog\custombuild.command.1.tlog
c:\build\dep\acelite\ace\ace.dir\debug\ace.tlog\custombuild.read.1.tlog
c:\build\dep\acelite\ace\ace.dir\debug\ace.tlog\custombuild.write.1.tlog
c:\build\dep\acelite\ace\ace.dir\debug\ace.tlog\link.command.1.tlog
c:\build\dep\acelite\ace\ace.dir\debug\ace.tlog\link.read.1.tlog
c:\build\dep\acelite\ace\ace.dir\debug\ace.tlog\link.write.1.tlog
