c:\build\dep\mysqllite\libmysql.dir\release\net_serv.obj
c:\build\dep\mysqllite\cmakefiles\generate.stamp
c:\build\dep\mysqllite\release\libmysql.lib
c:\build\dep\mysqllite\release\libmysql.exp
c:\build\bin\release\libmysql.dll
c:\build\dep\mysqllite\libmysql.dir\release\versioninfo_dll.res
c:\build\dep\mysqllite\libmysql.dir\release\array.obj
c:\build\dep\mysqllite\libmysql.dir\release\base64.obj
c:\build\dep\mysqllite\libmysql.dir\release\bchange.obj
c:\build\dep\mysqllite\libmysql.dir\release\bmove_upp.obj
c:\build\dep\mysqllite\libmysql.dir\release\charset-def.obj
c:\build\dep\mysqllite\libmysql.dir\release\charset.obj
c:\build\dep\mysqllite\libmysql.dir\release\checksum.obj
c:\build\dep\mysqllite\libmysql.dir\release\client.obj
c:\build\dep\mysqllite\libmysql.dir\release\client_plugin.obj
c:\build\dep\mysqllite\libmysql.dir\release\ctype-big5.obj
c:\build\dep\mysqllite\libmysql.dir\release\ctype-bin.obj
c:\build\dep\mysqllite\libmysql.dir\release\ctype-cp932.obj
c:\build\dep\mysqllite\libmysql.dir\release\ctype-czech.obj
c:\build\dep\mysqllite\libmysql.dir\release\ctype-euc_kr.obj
c:\build\dep\mysqllite\libmysql.dir\release\ctype-extra.obj
c:\build\dep\mysqllite\libmysql.dir\release\ctype-gb2312.obj
c:\build\dep\mysqllite\libmysql.dir\release\ctype-gbk.obj
c:\build\dep\mysqllite\libmysql.dir\release\ctype-latin1.obj
c:\build\dep\mysqllite\libmysql.dir\release\ctype-mb.obj
c:\build\dep\mysqllite\libmysql.dir\release\ctype-simple.obj
c:\build\dep\mysqllite\libmysql.dir\release\ctype-tis620.obj
c:\build\dep\mysqllite\libmysql.dir\release\ctype-uca.obj
c:\build\dep\mysqllite\libmysql.dir\release\ctype-ucs2.obj
c:\build\dep\mysqllite\libmysql.dir\release\ctype-utf8.obj
c:\build\dep\mysqllite\libmysql.dir\release\ctype-win1250ch.obj
c:\build\dep\mysqllite\libmysql.dir\release\ctype.obj
c:\build\dep\mysqllite\libmysql.dir\release\dbug.obj
c:\build\dep\mysqllite\libmysql.dir\release\decimal.obj
c:\build\dep\mysqllite\libmysql.dir\release\default.obj
c:\build\dep\mysqllite\libmysql.dir\release\dtoa.obj
c:\build\dep\mysqllite\libmysql.dir\release\errmsg.obj
c:\build\dep\mysqllite\libmysql.dir\release\errors.obj
c:\build\dep\mysqllite\libmysql.dir\release\get_password.obj
c:\build\dep\mysqllite\libmysql.dir\release\hash.obj
c:\build\dep\mysqllite\libmysql.dir\release\int2str.obj
c:\build\dep\mysqllite\libmysql.dir\release\is_prefix.obj
c:\build\dep\mysqllite\libmysql.dir\release\lf_alloc-pin.obj
c:\build\dep\mysqllite\libmysql.dir\release\lf_dynarray.obj
c:\build\dep\mysqllite\libmysql.dir\release\lf_hash.obj
c:\build\dep\mysqllite\libmysql.dir\release\libmysql.obj
c:\build\dep\mysqllite\libmysql.dir\release\list.obj
c:\build\dep\mysqllite\libmysql.dir\release\llstr.obj
c:\build\dep\mysqllite\libmysql.dir\release\longlong2str.obj
c:\build\dep\mysqllite\libmysql.dir\release\md5.obj
c:\build\dep\mysqllite\libmysql.dir\release\mf_arr_appstr.obj
c:\build\dep\mysqllite\libmysql.dir\release\mf_cache.obj
c:\build\dep\mysqllite\libmysql.dir\release\mf_dirname.obj
c:\build\dep\mysqllite\libmysql.dir\release\mf_fn_ext.obj
c:\build\dep\mysqllite\libmysql.dir\release\mf_format.obj
c:\build\dep\mysqllite\libmysql.dir\release\mf_getdate.obj
c:\build\dep\mysqllite\libmysql.dir\release\mf_iocache.obj
c:\build\dep\mysqllite\libmysql.dir\release\mf_iocache2.obj
c:\build\dep\mysqllite\libmysql.dir\release\mf_keycache.obj
c:\build\dep\mysqllite\libmysql.dir\release\mf_keycaches.obj
c:\build\dep\mysqllite\libmysql.dir\release\mf_loadpath.obj
c:\build\dep\mysqllite\libmysql.dir\release\mf_pack.obj
c:\build\dep\mysqllite\libmysql.dir\release\mf_path.obj
c:\build\dep\mysqllite\libmysql.dir\release\mf_qsort.obj
c:\build\dep\mysqllite\libmysql.dir\release\mf_qsort2.obj
c:\build\dep\mysqllite\libmysql.dir\release\mf_radix.obj
c:\build\dep\mysqllite\libmysql.dir\release\mf_same.obj
c:\build\dep\mysqllite\libmysql.dir\release\mf_sort.obj
c:\build\dep\mysqllite\libmysql.dir\release\mf_soundex.obj
c:\build\dep\mysqllite\libmysql.dir\release\mf_tempdir.obj
c:\build\dep\mysqllite\libmysql.dir\release\mf_tempfile.obj
c:\build\dep\mysqllite\libmysql.dir\release\mf_unixpath.obj
c:\build\dep\mysqllite\libmysql.dir\release\mf_wcomp.obj
c:\build\dep\mysqllite\libmysql.dir\release\mulalloc.obj
c:\build\dep\mysqllite\libmysql.dir\release\my_access.obj
c:\build\dep\mysqllite\libmysql.dir\release\my_aes.obj
c:\build\dep\mysqllite\libmysql.dir\release\my_alloc.obj
c:\build\dep\mysqllite\libmysql.dir\release\my_atomic.obj
c:\build\dep\mysqllite\libmysql.dir\release\my_bit.obj
c:\build\dep\mysqllite\libmysql.dir\release\my_bitmap.obj
c:\build\dep\mysqllite\libmysql.dir\release\my_chsize.obj
c:\build\dep\mysqllite\libmysql.dir\release\my_compress.obj
c:\build\dep\mysqllite\libmysql.dir\release\my_conio.obj
c:\build\dep\mysqllite\libmysql.dir\release\my_copy.obj
c:\build\dep\mysqllite\libmysql.dir\release\my_create.obj
c:\build\dep\mysqllite\libmysql.dir\release\my_delete.obj
c:\build\dep\mysqllite\libmysql.dir\release\my_div.obj
c:\build\dep\mysqllite\libmysql.dir\release\my_error.obj
c:\build\dep\mysqllite\libmysql.dir\release\my_file.obj
c:\build\dep\mysqllite\libmysql.dir\release\my_fopen.obj
c:\build\dep\mysqllite\libmysql.dir\release\my_fstream.obj
c:\build\dep\mysqllite\libmysql.dir\release\my_gethostbyname.obj
c:\build\dep\mysqllite\libmysql.dir\release\my_gethwaddr.obj
c:\build\dep\mysqllite\libmysql.dir\release\my_getncpus.obj
c:\build\dep\mysqllite\libmysql.dir\release\my_getopt.obj
c:\build\dep\mysqllite\libmysql.dir\release\my_getpagesize.obj
c:\build\dep\mysqllite\libmysql.dir\release\my_getsystime.obj
c:\build\dep\mysqllite\libmysql.dir\release\my_getwd.obj
c:\build\dep\mysqllite\libmysql.dir\release\my_handler.obj
c:\build\dep\mysqllite\libmysql.dir\release\my_init.obj
c:\build\dep\mysqllite\libmysql.dir\release\my_lib.obj
c:\build\dep\mysqllite\libmysql.dir\release\my_lock.obj
c:\build\dep\mysqllite\libmysql.dir\release\my_malloc.obj
c:\build\dep\mysqllite\libmysql.dir\release\my_memmem.obj
c:\build\dep\mysqllite\libmysql.dir\release\my_mess.obj
c:\build\dep\mysqllite\libmysql.dir\release\my_mkdir.obj
c:\build\dep\mysqllite\libmysql.dir\release\my_mmap.obj
c:\build\dep\mysqllite\libmysql.dir\release\my_once.obj
c:\build\dep\mysqllite\libmysql.dir\release\my_open.obj
c:\build\dep\mysqllite\libmysql.dir\release\my_pread.obj
c:\build\dep\mysqllite\libmysql.dir\release\my_pthread.obj
c:\build\dep\mysqllite\libmysql.dir\release\my_quick.obj
c:\build\dep\mysqllite\libmysql.dir\release\my_rdtsc.obj
c:\build\dep\mysqllite\libmysql.dir\release\my_read.obj
c:\build\dep\mysqllite\libmysql.dir\release\my_redel.obj
c:\build\dep\mysqllite\libmysql.dir\release\my_rename.obj
c:\build\dep\mysqllite\libmysql.dir\release\my_seek.obj
c:\build\dep\mysqllite\libmysql.dir\release\my_sleep.obj
c:\build\dep\mysqllite\libmysql.dir\release\my_static.obj
c:\build\dep\mysqllite\libmysql.dir\release\my_strchr.obj
c:\build\dep\mysqllite\libmysql.dir\release\my_strtoll10.obj
c:\build\dep\mysqllite\libmysql.dir\release\my_symlink.obj
c:\build\dep\mysqllite\libmysql.dir\release\my_symlink2.obj
c:\build\dep\mysqllite\libmysql.dir\release\my_sync.obj
c:\build\dep\mysqllite\libmysql.dir\release\my_thr_init.obj
c:\build\dep\mysqllite\libmysql.dir\release\my_time.obj
c:\build\dep\mysqllite\libmysql.dir\release\my_vsnprintf.obj
c:\build\dep\mysqllite\libmysql.dir\release\my_wincond.obj
c:\build\dep\mysqllite\libmysql.dir\release\my_windac.obj
c:\build\dep\mysqllite\libmysql.dir\release\my_winerr.obj
c:\build\dep\mysqllite\libmysql.dir\release\my_winfile.obj
c:\build\dep\mysqllite\libmysql.dir\release\my_winthread.obj
c:\build\dep\mysqllite\libmysql.dir\release\my_write.obj
c:\build\dep\mysqllite\libmysql.dir\release\pack.obj
c:\build\dep\mysqllite\libmysql.dir\release\password.obj
c:\build\dep\mysqllite\libmysql.dir\release\ptr_cmp.obj
c:\build\dep\mysqllite\libmysql.dir\release\queues.obj
c:\build\dep\mysqllite\libmysql.dir\release\rijndael.obj
c:\build\dep\mysqllite\libmysql.dir\release\sha1.obj
c:\build\dep\mysqllite\libmysql.dir\release\stacktrace.obj
c:\build\dep\mysqllite\libmysql.dir\release\str2int.obj
c:\build\dep\mysqllite\libmysql.dir\release\strappend.obj
c:\build\dep\mysqllite\libmysql.dir\release\strcend.obj
c:\build\dep\mysqllite\libmysql.dir\release\strcont.obj
c:\build\dep\mysqllite\libmysql.dir\release\strend.obj
c:\build\dep\mysqllite\libmysql.dir\release\strfill.obj
c:\build\dep\mysqllite\libmysql.dir\release\string.obj
c:\build\dep\mysqllite\libmysql.dir\release\strmake.obj
c:\build\dep\mysqllite\libmysql.dir\release\strmov.obj
c:\build\dep\mysqllite\libmysql.dir\release\strnmov.obj
c:\build\dep\mysqllite\libmysql.dir\release\strxmov.obj
c:\build\dep\mysqllite\libmysql.dir\release\strxnmov.obj
c:\build\dep\mysqllite\libmysql.dir\release\str_alloc.obj
c:\build\dep\mysqllite\libmysql.dir\release\thr_alarm.obj
c:\build\dep\mysqllite\libmysql.dir\release\thr_lock.obj
c:\build\dep\mysqllite\libmysql.dir\release\thr_mutex.obj
c:\build\dep\mysqllite\libmysql.dir\release\thr_rwlock.obj
c:\build\dep\mysqllite\libmysql.dir\release\tree.obj
c:\build\dep\mysqllite\libmysql.dir\release\typelib.obj
c:\build\dep\mysqllite\libmysql.dir\release\vio.obj
c:\build\dep\mysqllite\libmysql.dir\release\viosocket.obj
c:\build\dep\mysqllite\libmysql.dir\release\viossl.obj
c:\build\dep\mysqllite\libmysql.dir\release\viosslfactories.obj
c:\build\dep\mysqllite\libmysql.dir\release\xml.obj
c:\build\dep\mysqllite\libmysql.dir\release\libmysql.tlog\cl.command.1.tlog
c:\build\dep\mysqllite\libmysql.dir\release\libmysql.tlog\cl.read.1.tlog
c:\build\dep\mysqllite\libmysql.dir\release\libmysql.tlog\cl.write.1.tlog
c:\build\dep\mysqllite\libmysql.dir\release\libmysql.tlog\custombuild.command.1.tlog
c:\build\dep\mysqllite\libmysql.dir\release\libmysql.tlog\custombuild.read.1.tlog
c:\build\dep\mysqllite\libmysql.dir\release\libmysql.tlog\custombuild.write.1.tlog
c:\build\dep\mysqllite\libmysql.dir\release\libmysql.tlog\libmysql.write.1u.tlog
c:\build\dep\mysqllite\libmysql.dir\release\libmysql.tlog\link.command.1.tlog
c:\build\dep\mysqllite\libmysql.dir\release\libmysql.tlog\link.read.1.tlog
c:\build\dep\mysqllite\libmysql.dir\release\libmysql.tlog\link.write.1.tlog
c:\build\dep\mysqllite\libmysql.dir\release\libmysql.tlog\rc.command.1.tlog
c:\build\dep\mysqllite\libmysql.dir\release\libmysql.tlog\rc.read.1.tlog
c:\build\dep\mysqllite\libmysql.dir\release\libmysql.tlog\rc.write.1.tlog
