c:\build\dep\zlib\zlib.dir\debug\vc120.pdb
c:\build\dep\zlib\zlib.dir\debug\zutil.obj
c:\build\dep\zlib\zlib.dir\debug\uncompr.obj
c:\build\dep\zlib\zlib.dir\debug\trees.obj
c:\build\dep\zlib\zlib.dir\debug\inftrees.obj
c:\build\dep\zlib\zlib.dir\debug\inflate.obj
c:\build\dep\zlib\zlib.dir\debug\inffast.obj
c:\build\dep\zlib\zlib.dir\debug\infback.obj
c:\build\dep\zlib\zlib.dir\debug\example.obj
c:\build\dep\zlib\zlib.dir\debug\deflate.obj
c:\build\dep\zlib\zlib.dir\debug\crc32.obj
c:\build\dep\zlib\zlib.dir\debug\compress.obj
c:\build\dep\zlib\zlib.dir\debug\adler32.obj
c:\build\dep\zlib\cmakefiles\generate.stamp
c:\build\dep\zlib\debug\zlib.lib
c:\build\dep\zlib\zlib.dir\debug\zlib.tlog\cl.command.1.tlog
c:\build\dep\zlib\zlib.dir\debug\zlib.tlog\cl.read.1.tlog
c:\build\dep\zlib\zlib.dir\debug\zlib.tlog\cl.write.1.tlog
c:\build\dep\zlib\zlib.dir\debug\zlib.tlog\custombuild.command.1.tlog
c:\build\dep\zlib\zlib.dir\debug\zlib.tlog\custombuild.read.1.tlog
c:\build\dep\zlib\zlib.dir\debug\zlib.tlog\custombuild.write.1.tlog
c:\build\dep\zlib\zlib.dir\debug\zlib.tlog\lib-link.read.1.tlog
c:\build\dep\zlib\zlib.dir\debug\zlib.tlog\lib-link.write.1.tlog
c:\build\dep\zlib\zlib.dir\debug\zlib.tlog\lib.command.1.tlog
