c:\build\dep\recastnavigation\recast\cmakefiles\generate.stamp
c:\build\dep\recastnavigation\recast\release\recast.lib
c:\build\dep\recastnavigation\recast\recast.dir\release\recast.obj
c:\build\dep\recastnavigation\recast\recast.dir\release\recastalloc.obj
c:\build\dep\recastnavigation\recast\recast.dir\release\recastarea.obj
c:\build\dep\recastnavigation\recast\recast.dir\release\recastcontour.obj
c:\build\dep\recastnavigation\recast\recast.dir\release\recastfilter.obj
c:\build\dep\recastnavigation\recast\recast.dir\release\recastlayers.obj
c:\build\dep\recastnavigation\recast\recast.dir\release\recastmesh.obj
c:\build\dep\recastnavigation\recast\recast.dir\release\recastmeshdetail.obj
c:\build\dep\recastnavigation\recast\recast.dir\release\recastrasterization.obj
c:\build\dep\recastnavigation\recast\recast.dir\release\recastregion.obj
c:\build\dep\recastnavigation\recast\recast.dir\release\recast.tlog\cl.command.1.tlog
c:\build\dep\recastnavigation\recast\recast.dir\release\recast.tlog\cl.read.1.tlog
c:\build\dep\recastnavigation\recast\recast.dir\release\recast.tlog\custombuild.command.1.tlog
c:\build\dep\recastnavigation\recast\recast.dir\release\recast.tlog\custombuild.read.1.tlog
c:\build\dep\recastnavigation\recast\recast.dir\release\recast.tlog\custombuild.write.1.tlog
c:\build\dep\recastnavigation\recast\recast.dir\release\recast.tlog\lib-link.read.1.tlog
c:\build\dep\recastnavigation\recast\recast.dir\release\recast.tlog\lib-link.write.1.tlog
c:\build\dep\recastnavigation\recast\recast.dir\release\recast.tlog\lib.command.1.tlog
