c:\users\administrateur\desktop\master\build\src\server\collision\collision.dir\release\collision.pch
c:\users\administrateur\desktop\master\build\src\server\collision\collision.dir\release\collisionpch.obj
c:\users\administrateur\desktop\master\build\src\server\collision\collision.dir\release\mmapfactory.obj
c:\users\administrateur\desktop\master\build\src\server\collision\collision.dir\release\maptree.obj
c:\users\administrateur\desktop\master\build\src\server\collision\collision.dir\release\tileassembler.obj
c:\users\administrateur\desktop\master\build\src\server\collision\collision.dir\release\modelinstance.obj
c:\users\administrateur\desktop\master\build\src\server\collision\collision.dir\release\worldmodel.obj
c:\users\administrateur\desktop\master\build\src\server\collision\collision.dir\release\boundingintervalhierarchy.obj
c:\users\administrateur\desktop\master\build\src\server\collision\collision.dir\release\dynamictree.obj
c:\users\administrateur\desktop\master\build\src\server\collision\collision.dir\release\mmapmanager.obj
c:\users\administrateur\desktop\master\build\src\server\collision\collision.dir\release\vmapfactory.obj
c:\users\administrateur\desktop\master\build\src\server\collision\collision.dir\release\vmapmanager2.obj
c:\users\administrateur\desktop\master\build\src\server\collision\collision.dir\release\gameobjectmodel.obj
c:\users\administrateur\desktop\master\build\src\server\collision\cmakefiles\generate.stamp
c:\users\administrateur\desktop\master\build\src\server\collision\release\collision.lib
c:\users\administrateur\desktop\master\build\src\server\collision\collision.dir\release\collision.tlog\cl.command.1.tlog
c:\users\administrateur\desktop\master\build\src\server\collision\collision.dir\release\collision.tlog\cl.read.1.tlog
c:\users\administrateur\desktop\master\build\src\server\collision\collision.dir\release\collision.tlog\cl.write.1.tlog
c:\users\administrateur\desktop\master\build\src\server\collision\collision.dir\release\collision.tlog\custombuild.command.1.tlog
c:\users\administrateur\desktop\master\build\src\server\collision\collision.dir\release\collision.tlog\custombuild.read.1.tlog
c:\users\administrateur\desktop\master\build\src\server\collision\collision.dir\release\collision.tlog\custombuild.write.1.tlog
c:\users\administrateur\desktop\master\build\src\server\collision\collision.dir\release\collision.tlog\lib-link.read.1.tlog
c:\users\administrateur\desktop\master\build\src\server\collision\collision.dir\release\collision.tlog\lib-link.write.1.tlog
c:\users\administrateur\desktop\master\build\src\server\collision\collision.dir\release\collision.tlog\lib.command.1.tlog
