c:\build\src\server\worldserver\worldserver.dir\debug\worldserver.pch
c:\build\src\server\worldserver\worldserver.dir\debug\vc120.pdb
c:\build\src\server\worldserver\worldserver.dir\debug\worldpch.obj
c:\build\src\server\worldserver\worldserver.dir\debug\main.obj
c:\build\src\server\worldserver\worldserver.dir\debug\rarunnable.obj
c:\build\src\server\worldserver\worldserver.dir\debug\master.obj
c:\build\src\server\worldserver\worldserver.dir\debug\worldrunnable.obj
c:\build\src\server\worldserver\worldserver.dir\debug\rasocket.obj
c:\build\src\server\worldserver\worldserver.dir\debug\clirunnable.obj
c:\build\src\server\worldserver\worldserver.dir\debug\tcsoap.obj
c:\build\src\server\worldserver\worldserver.dir\debug\wheatyexceptionreport.obj
c:\build\src\server\worldserver\cmakefiles\generate.stamp
c:\build\bin\debug\worldserver.ilk
c:\build\bin\debug\worldserver.exe
c:\build\bin\debug\worldserver.pdb
c:\build\src\server\worldserver\worldserver.dir\debug\worldserver.res
c:\build\src\server\worldserver\worldserver.dir\debug\worldserver.tlog\cl.command.1.tlog
c:\build\src\server\worldserver\worldserver.dir\debug\worldserver.tlog\cl.read.1.tlog
c:\build\src\server\worldserver\worldserver.dir\debug\worldserver.tlog\cl.write.1.tlog
c:\build\src\server\worldserver\worldserver.dir\debug\worldserver.tlog\custombuild.command.1.tlog
c:\build\src\server\worldserver\worldserver.dir\debug\worldserver.tlog\custombuild.read.1.tlog
c:\build\src\server\worldserver\worldserver.dir\debug\worldserver.tlog\custombuild.write.1.tlog
c:\build\src\server\worldserver\worldserver.dir\debug\worldserver.tlog\link.command.1.tlog
c:\build\src\server\worldserver\worldserver.dir\debug\worldserver.tlog\link.read.1.tlog
c:\build\src\server\worldserver\worldserver.dir\debug\worldserver.tlog\link.write.1.tlog
c:\build\src\server\worldserver\worldserver.dir\debug\worldserver.tlog\rc.command.1.tlog
c:\build\src\server\worldserver\worldserver.dir\debug\worldserver.tlog\rc.read.1.tlog
c:\build\src\server\worldserver\worldserver.dir\debug\worldserver.tlog\rc.write.1.tlog
