c:\build\src\server\scripts\scripts.dir\release\scripts.pch
c:\build\src\server\scripts\scripts.dir\release\scriptpch.obj
c:\build\src\server\scripts\scripts.dir\release\spell_generic.obj
c:\build\src\server\scripts\scripts.dir\release\cs_disable.obj
c:\build\src\server\scripts\scripts.dir\release\cs_server.obj
c:\build\src\server\scripts\scripts.dir\release\example_escort.obj
c:\build\src\server\scripts\scripts.dir\release\achievement_scripts.obj
c:\build\src\server\scripts\scripts.dir\release\guards.obj
c:\build\src\server\scripts\scripts.dir\release\mob_generic_creature.obj
c:\build\src\server\scripts\scripts.dir\release\npc_professions.obj
c:\build\src\server\scripts\scripts.dir\release\outdoorpvptf.obj
c:\build\src\server\scripts\scripts.dir\release\outdoorpvpna.obj
c:\build\src\server\scripts\scripts.dir\release\outdoorpvphp.obj
c:\build\src\server\scripts\scripts.dir\release\outdoorpvpep.obj
c:\build\src\server\scripts\scripts.dir\release\boss_broodlord_lashlayer.obj
c:\build\src\server\scripts\scripts.dir\release\boss_sulfuron_harbinger.obj
c:\build\src\server\scripts\scripts.dir\release\boss_death_knight_darkreaver.obj
c:\build\src\server\scripts\scripts.dir\release\boss_jandice_barov.obj
c:\build\src\server\scripts\scripts.dir\release\boss_darkmaster_gandling.obj
c:\build\src\server\scripts\scripts.dir\release\boss_mandokir.obj
c:\build\src\server\scripts\scripts.dir\release\instance_zulgurub.obj
c:\build\src\server\scripts\scripts.dir\release\instance_gnomeregan.obj
c:\build\src\server\scripts\scripts.dir\release\zone_ironforge.obj
c:\build\src\server\scripts\scripts.dir\release\chapter2.obj
c:\build\src\server\scripts\scripts.dir\release\boss_shade_of_aran.obj
c:\build\src\server\scripts\scripts.dir\release\boss_moroes.obj
c:\build\src\server\scripts\scripts.dir\release\zone_moonglade.obj
c:\build\src\server\scripts\scripts.dir\release\boss_captain_skarloc.obj
c:\build\src\server\scripts\scripts.dir\release\boss_kazrogal.obj
c:\build\src\server\scripts\scripts.dir\release\boss_azgalor.obj
c:\build\src\server\scripts\scripts.dir\release\instance_culling_of_stratholme.obj
c:\build\src\server\scripts\scripts.dir\release\zone_orgrimmar.obj
c:\build\src\server\scripts\scripts.dir\release\boss_princess_theradras.obj
c:\build\src\server\scripts\scripts.dir\release\boss_landslide.obj
c:\build\src\server\scripts\scripts.dir\release\boss_celebras_the_cursed.obj
c:\build\src\server\scripts\scripts.dir\release\boss_noxxion.obj
c:\build\src\server\scripts\scripts.dir\release\boss_fankriss.obj
c:\build\src\server\scripts\scripts.dir\release\boss_huhuran.obj
c:\build\src\server\scripts\scripts.dir\release\mob_anubisath_sentinel.obj
c:\build\src\server\scripts\scripts.dir\release\boss_skeram.obj
c:\build\src\server\scripts\scripts.dir\release\boss_rajaxx.obj
c:\build\src\server\scripts\scripts.dir\release\boss_moam.obj
c:\build\src\server\scripts\scripts.dir\release\zone_the_barrens.obj
c:\build\src\server\scripts\scripts.dir\release\instance_shattered_halls.obj
c:\build\src\server\scripts\scripts.dir\release\boss_lady_vashj.obj
c:\build\src\server\scripts\scripts.dir\release\boss_morogrim_tidewalker.obj
c:\build\src\server\scripts\scripts.dir\release\zone_shattrath_city.obj
c:\build\src\server\scripts\scripts.dir\release\instance_mechanar.obj
c:\build\src\server\scripts\scripts.dir\release\boss_alar.obj
c:\build\src\server\scripts\scripts.dir\release\instance_the_botanica.obj
c:\build\src\server\scripts\scripts.dir\release\boss_warp_splinter.obj
c:\build\src\server\scripts\scripts.dir\release\zone_wintergrasp.obj
c:\build\src\server\scripts\scripts.dir\release\boss_auriaya.obj
c:\build\src\server\scripts\scripts.dir\release\boss_flame_leviathan.obj
c:\build\src\server\scripts\scripts.dir\release\boss_krystallus.obj
c:\build\src\server\scripts\scripts.dir\release\boss_maiden_of_grief.obj
c:\build\src\server\scripts\scripts.dir\release\boss_sjonnir.obj
c:\build\src\server\scripts\scripts.dir\release\boss_sartharion.obj
c:\build\src\server\scripts\scripts.dir\release\boss_general_zarithrian.obj
c:\build\src\server\scripts\scripts.dir\release\boss_varos.obj
c:\build\src\server\scripts\scripts.dir\release\instance_oculus.obj
c:\build\src\server\scripts\scripts.dir\release\boss_commander_kolurg.obj
c:\build\src\server\scripts\scripts.dir\release\boss_commander_stoutbeard.obj
c:\build\src\server\scripts\scripts.dir\release\boss_ormorok.obj
c:\build\src\server\scripts\scripts.dir\release\instance_nexus.obj
c:\build\src\server\scripts\scripts.dir\release\boss_lord_jaraxxus.obj
c:\build\src\server\scripts\scripts.dir\release\trial_of_the_crusader.obj
c:\build\src\server\scripts\scripts.dir\release\boss_twin_valkyr.obj
c:\build\src\server\scripts\scripts.dir\release\trial_of_the_champion.obj
c:\build\src\server\scripts\scripts.dir\release\zone_sholazar_basin.obj
c:\build\src\server\scripts\scripts.dir\release\zone_dragonblight.obj
c:\build\src\server\scripts\scripts.dir\release\boss_cyanigosa.obj
c:\build\src\server\scripts\scripts.dir\release\boss_moragg.obj
c:\build\src\server\scripts\scripts.dir\release\boss_erekem.obj
c:\build\src\server\scripts\scripts.dir\release\icecrown_citadel.obj
c:\build\src\server\scripts\scripts.dir\release\boss_the_lich_king.obj
c:\build\src\server\scripts\scripts.dir\release\pet_mage.obj
c:\build\src\server\scripts\scripts.dir\release\spell_priest.obj
c:\build\src\server\scripts\scripts.dir\release\spell_pet.obj
c:\build\src\server\scripts\scripts.dir\release\cs_achievement.obj
c:\build\src\server\scripts\scripts.dir\release\cs_guild.obj
c:\build\src\server\scripts\scripts.dir\release\cs_instance.obj
c:\build\src\server\scripts\scripts.dir\release\cs_message.obj
c:\build\src\server\scripts\scripts.dir\release\cs_modify.obj
c:\build\src\server\scripts\scripts.dir\release\cs_quest.obj
c:\build\src\server\scripts\scripts.dir\release\cs_rbac.obj
c:\build\src\server\scripts\scripts.dir\release\cs_reset.obj
c:\build\src\server\scripts\scripts.dir\release\cs_tele.obj
c:\build\src\server\scripts\scripts.dir\release\transmogrification.obj
c:\build\src\server\scripts\scripts.dir\release\zone_ghostlands.obj
c:\build\src\server\scripts\scripts.dir\release\zone_eversong_woods.obj
c:\build\src\server\scripts\scripts.dir\release\boss_galvangar.obj
c:\build\src\server\scripts\scripts.dir\release\boss_balinda.obj
c:\build\src\server\scripts\scripts.dir\release\boss_drekthar.obj
c:\build\src\server\scripts\scripts.dir\release\boss_vanndar.obj
c:\build\src\server\scripts\scripts.dir\release\boss_high_interrogator_gerstahn.obj
c:\build\src\server\scripts\scripts.dir\release\boss_gorosh_the_dervish.obj
c:\build\src\server\scripts\scripts.dir\release\blackrock_depths.obj
c:\build\src\server\scripts\scripts.dir\release\instance_blackrock_depths.obj
c:\build\src\server\scripts\scripts.dir\release\boss_magmus.obj
c:\build\src\server\scripts\scripts.dir\release\boss_razorgore.obj
c:\build\src\server\scripts\scripts.dir\release\instance_molten_core.obj
c:\build\src\server\scripts\scripts.dir\release\boss_lord_alexei_barov.obj
c:\build\src\server\scripts\scripts.dir\release\boss_ras_frostwhisper.obj
c:\build\src\server\scripts\scripts.dir\release\boss_kruul.obj
c:\build\src\server\scripts\scripts.dir\release\boss_jeklik.obj
c:\build\src\server\scripts\scripts.dir\release\boss_gahzranka.obj
c:\build\src\server\scripts\scripts.dir\release\boss_wushoolay.obj
c:\build\src\server\scripts\scripts.dir\release\zone_redridge_mountains.obj
c:\build\src\server\scripts\scripts.dir\release\chapter1.obj
c:\build\src\server\scripts\scripts.dir\release\boss_muru.obj
c:\build\src\server\scripts\scripts.dir\release\boss_kalecgos.obj
c:\build\src\server\scripts\scripts.dir\release\zone_duskwood.obj
c:\build\src\server\scripts\scripts.dir\release\boss_azshir_the_sleepless.obj
c:\build\src\server\scripts\scripts.dir\release\boss_interrogator_vishas.obj
c:\build\src\server\scripts\scripts.dir\release\instance_scarlet_monastery.obj
c:\build\src\server\scripts\scripts.dir\release\boss_scorn.obj
c:\build\src\server\scripts\scripts.dir\release\zone_silvermoon_city.obj
c:\build\src\server\scripts\scripts.dir\release\shadowfang_keep.obj
c:\build\src\server\scripts\scripts.dir\release\zone_stormwind_city.obj
c:\build\src\server\scripts\scripts.dir\release\zulaman.obj
c:\build\src\server\scripts\scripts.dir\release\zone_westfall.obj
c:\build\src\server\scripts\scripts.dir\release\boss_midnight.obj
c:\build\src\server\scripts\scripts.dir\release\instance_old_hillsbrad.obj
c:\build\src\server\scripts\scripts.dir\release\boss_mal_ganis.obj
c:\build\src\server\scripts\scripts.dir\release\blackfathom_deeps.obj
c:\build\src\server\scripts\scripts.dir\release\zone_feralas.obj
c:\build\src\server\scripts\scripts.dir\release\instance_temple_of_ahnqiraj.obj
c:\build\src\server\scripts\scripts.dir\release\boss_bug_trio.obj
c:\build\src\server\scripts\scripts.dir\release\instance_ruins_of_ahnqiraj.obj
c:\build\src\server\scripts\scripts.dir\release\boss_ayamiss.obj
c:\build\src\server\scripts\scripts.dir\release\zone_mulgore.obj
c:\build\src\server\scripts\scripts.dir\release\zone_thunder_bluff.obj
c:\build\src\server\scripts\scripts.dir\release\zone_azshara.obj
c:\build\src\server\scripts\scripts.dir\release\razorfen_kraul.obj
c:\build\src\server\scripts\scripts.dir\release\zone_durotar.obj
c:\build\src\server\scripts\scripts.dir\release\zone_ashenvale.obj
c:\build\src\server\scripts\scripts.dir\release\instance_hellfire_ramparts.obj
c:\build\src\server\scripts\scripts.dir\release\boss_laj.obj
c:\build\src\server\scripts\scripts.dir\release\boss_shirrak_the_dead_watcher.obj
c:\build\src\server\scripts\scripts.dir\release\boss_nexusprince_shaffar.obj
c:\build\src\server\scripts\scripts.dir\release\boss_murmur.obj
c:\build\src\server\scripts\scripts.dir\release\boss_grandmaster_vorpil.obj
c:\build\src\server\scripts\scripts.dir\release\boss_doomwalker.obj
c:\build\src\server\scripts\scripts.dir\release\boss_teron_gorefiend.obj
c:\build\src\server\scripts\scripts.dir\release\boss_shade_of_akama.obj
c:\build\src\server\scripts\scripts.dir\release\instance_black_temple.obj
c:\build\src\server\scripts\scripts.dir\release\zone_shadowmoon_valley.obj
c:\build\src\server\scripts\scripts.dir\release\zone_storm_peaks.obj
c:\build\src\server\scripts\scripts.dir\release\boss_xt002.obj
c:\build\src\server\scripts\scripts.dir\release\boss_razorscale.obj
c:\build\src\server\scripts\scripts.dir\release\instance_halls_of_stone.obj
c:\build\src\server\scripts\scripts.dir\release\instance_ruby_sanctum.obj
c:\build\src\server\scripts\scripts.dir\release\boss_scourgelord_tyrannus.obj
c:\build\src\server\scripts\scripts.dir\release\boss_anubarak_trial.obj
c:\build\src\server\scripts\scripts.dir\release\instance_trial_of_the_champion.obj
c:\build\src\server\scripts\scripts.dir\release\boss_anubrekhan.obj
c:\build\src\server\scripts\scripts.dir\release\boss_maexxna.obj
c:\build\src\server\scripts\scripts.dir\release\boss_patchwerk.obj
c:\build\src\server\scripts\scripts.dir\release\boss_gluth.obj
c:\build\src\server\scripts\scripts.dir\release\boss_four_horsemen.obj
c:\build\src\server\scripts\scripts.dir\release\boss_thaddius.obj
c:\build\src\server\scripts\scripts.dir\release\instance_naxxramas.obj
c:\build\src\server\scripts\scripts.dir\release\boss_emalon.obj
c:\build\src\server\scripts\scripts.dir\release\boss_amanitar.obj
c:\build\src\server\scripts\scripts.dir\release\instance_violet_hold.obj
c:\build\src\server\scripts\scripts.dir\release\boss_lord_marrowgar.obj
c:\build\src\server\scripts\scripts.dir\release\boss_festergut.obj
c:\build\src\server\scripts\scripts.dir\release\boss_blood_prince_council.obj
c:\build\src\server\scripts\scripts.dir\release\instance_gundrak.obj
c:\build\src\server\scripts\scripts.dir\release\zone_dalaran.obj
c:\build\src\server\scripts\scripts.dir\release\instance_drak_tharon_keep.obj
c:\build\src\server\scripts\scripts.dir\release\boss_novos.obj
c:\build\src\server\scripts\scripts.dir\release\pet_shaman.obj
c:\build\src\server\scripts\scripts.dir\release\spell_rogue.obj
c:\build\src\server\scripts\scripts.dir\release\spell_dk.obj
c:\build\src\server\scripts\scripts.dir\release\spell_mage.obj
c:\build\src\server\scripts\scripts.dir\release\cs_account.obj
c:\build\src\server\scripts\scripts.dir\release\cs_arena.obj
c:\build\src\server\scripts\scripts.dir\release\cs_cheat.obj
c:\build\src\server\scripts\scripts.dir\release\cs_deserter.obj
c:\build\src\server\scripts\scripts.dir\release\cs_gm.obj
c:\build\src\server\scripts\scripts.dir\release\cs_gobject.obj
c:\build\src\server\scripts\scripts.dir\release\cs_lfg.obj
c:\build\src\server\scripts\scripts.dir\release\cs_misc.obj
c:\build\src\server\scripts\scripts.dir\release\cs_titles.obj
c:\build\src\server\scripts\scripts.dir\release\cs_wp.obj
c:\build\src\server\scripts\scripts.dir\release\example_creature.obj
c:\build\src\server\scripts\scripts.dir\release\example_commandscript.obj
c:\build\src\server\scripts\scripts.dir\release\scriptedescortai.obj
c:\build\src\server\scripts\scripts.dir\release\boss_emerald_dragons.obj
c:\build\src\server\scripts\scripts.dir\release\item_scripts.obj
c:\build\src\server\scripts\scripts.dir\release\npc_innkeeper.obj
c:\build\src\server\scripts\scripts.dir\release\npc_taxi.obj
c:\build\src\server\scripts\scripts.dir\release\outdoorpvpzm.obj
c:\build\src\server\scripts\scripts.dir\release\alterac_valley.obj
c:\build\src\server\scripts\scripts.dir\release\instance_blackwing_lair.obj
c:\build\src\server\scripts\scripts.dir\release\boss_drakkisath.obj
c:\build\src\server\scripts\scripts.dir\release\boss_overlord_wyrmthalak.obj
c:\build\src\server\scripts\scripts.dir\release\boss_gyth.obj
c:\build\src\server\scripts\scripts.dir\release\boss_gizrul_the_slavener.obj
c:\build\src\server\scripts\scripts.dir\release\instance_blackrock_spire.obj
c:\build\src\server\scripts\scripts.dir\release\boss_ragnaros.obj
c:\build\src\server\scripts\scripts.dir\release\boss_shazzrah.obj
c:\build\src\server\scripts\scripts.dir\release\boss_instructor_malicia.obj
c:\build\src\server\scripts\scripts.dir\release\boss_kormok.obj
c:\build\src\server\scripts\scripts.dir\release\instance_scholomance.obj
c:\build\src\server\scripts\scripts.dir\release\boss_hazzarah.obj
c:\build\src\server\scripts\scripts.dir\release\boss_arlokk.obj
c:\build\src\server\scripts\scripts.dir\release\zone_wetlands.obj
c:\build\src\server\scripts\scripts.dir\release\zone_eastern_plaguelands.obj
c:\build\src\server\scripts\scripts.dir\release\boss_timmy_the_cruel.obj
c:\build\src\server\scripts\scripts.dir\release\boss_magistrate_barthilas.obj
c:\build\src\server\scripts\scripts.dir\release\boss_ramstein_the_gorger.obj
c:\build\src\server\scripts\scripts.dir\release\boss_postmaster_malown.obj
c:\build\src\server\scripts\scripts.dir\release\boss_priestess_delrissa.obj
c:\build\src\server\scripts\scripts.dir\release\boss_vexallus.obj
c:\build\src\server\scripts\scripts.dir\release\uldaman.obj
c:\build\src\server\scripts\scripts.dir\release\boss_kiljaeden.obj
c:\build\src\server\scripts\scripts.dir\release\boss_brutallus.obj
c:\build\src\server\scripts\scripts.dir\release\boss_bloodmage_thalnos.obj
c:\build\src\server\scripts\scripts.dir\release\boss_high_inquisitor_fairbanks.obj
c:\build\src\server\scripts\scripts.dir\release\zone_undercity.obj
c:\build\src\server\scripts\scripts.dir\release\instance_shadowfang_keep.obj
c:\build\src\server\scripts\scripts.dir\release\boss_zuljin.obj
c:\build\src\server\scripts\scripts.dir\release\boss_janalai.obj
c:\build\src\server\scripts\scripts.dir\release\zone_western_plaguelands.obj
c:\build\src\server\scripts\scripts.dir\release\instance_karazhan.obj
c:\build\src\server\scripts\scripts.dir\release\boss_maiden_of_virtue.obj
c:\build\src\server\scripts\scripts.dir\release\bosses_opera.obj
c:\build\src\server\scripts\scripts.dir\release\boss_terestian_illhoof.obj
c:\build\src\server\scripts\scripts.dir\release\zone_silithus.obj
c:\build\src\server\scripts\scripts.dir\release\instance_zulfarrak.obj
c:\build\src\server\scripts\scripts.dir\release\old_hillsbrad.obj
c:\build\src\server\scripts\scripts.dir\release\hyjal.obj
c:\build\src\server\scripts\scripts.dir\release\boss_rage_winterchill.obj
c:\build\src\server\scripts\scripts.dir\release\boss_infinite_corruptor.obj
c:\build\src\server\scripts\scripts.dir\release\boss_meathook.obj
c:\build\src\server\scripts\scripts.dir\release\boss_chrono_lord_epoch.obj
c:\build\src\server\scripts\scripts.dir\release\boss_viscidus.obj
c:\build\src\server\scripts\scripts.dir\release\wailing_caverns.obj
c:\build\src\server\scripts\scripts.dir\release\zone_dustwallow_marsh.obj
c:\build\src\server\scripts\scripts.dir\release\instance_magtheridons_lair.obj
c:\build\src\server\scripts\scripts.dir\release\boss_watchkeeper_gargolmar.obj
c:\build\src\server\scripts\scripts.dir\release\boss_the_maker.obj
c:\build\src\server\scripts\scripts.dir\release\boss_broggok.obj
c:\build\src\server\scripts\scripts.dir\release\boss_nethekurse.obj
c:\build\src\server\scripts\scripts.dir\release\instance_steam_vault.obj
c:\build\src\server\scripts\scripts.dir\release\boss_lurker_below.obj
c:\build\src\server\scripts\scripts.dir\release\boss_hungarfen.obj
c:\build\src\server\scripts\scripts.dir\release\boss_mechano_lord_capacitus.obj
c:\build\src\server\scripts\scripts.dir\release\boss_void_reaver.obj
c:\build\src\server\scripts\scripts.dir\release\boss_kaelthas.obj
c:\build\src\server\scripts\scripts.dir\release\boss_thorngrin_the_tender.obj
c:\build\src\server\scripts\scripts.dir\release\boss_harbinger_skyriss.obj
c:\build\src\server\scripts\scripts.dir\release\boss_exarch_maladaar.obj
c:\build\src\server\scripts\scripts.dir\release\boss_darkweaver_syth.obj
c:\build\src\server\scripts\scripts.dir\release\instance_shadow_labyrinth.obj
c:\build\src\server\scripts\scripts.dir\release\illidari_council.obj
c:\build\src\server\scripts\scripts.dir\release\boss_mother_shahraz.obj
c:\build\src\server\scripts\scripts.dir\release\boss_reliquary_of_souls.obj
c:\build\src\server\scripts\scripts.dir\release\boss_gruul.obj
c:\build\src\server\scripts\scripts.dir\release\zone_netherstorm.obj
c:\build\src\server\scripts\scripts.dir\release\boss_volkhan.obj
c:\build\src\server\scripts\scripts.dir\release\boss_loken.obj
c:\build\src\server\scripts\scripts.dir\release\boss_ignis.obj
c:\build\src\server\scripts\scripts.dir\release\instance_obsidian_sanctum.obj
c:\build\src\server\scripts\scripts.dir\release\ruby_sanctum.obj
c:\build\src\server\scripts\scripts.dir\release\boss_saviana_ragefire.obj
c:\build\src\server\scripts\scripts.dir\release\instance_halls_of_reflection.obj
c:\build\src\server\scripts\scripts.dir\release\boss_marwyn.obj
c:\build\src\server\scripts\scripts.dir\release\pit_of_saron.obj
c:\build\src\server\scripts\scripts.dir\release\boss_magus_telestra.obj
c:\build\src\server\scripts\scripts.dir\release\boss_anomalus.obj
c:\build\src\server\scripts\scripts.dir\release\boss_faction_champions.obj
c:\build\src\server\scripts\scripts.dir\release\instance_trial_of_the_crusader.obj
c:\build\src\server\scripts\scripts.dir\release\boss_grand_champions.obj
c:\build\src\server\scripts\scripts.dir\release\boss_toravon.obj
c:\build\src\server\scripts\scripts.dir\release\boss_palehoof.obj
c:\build\src\server\scripts\scripts.dir\release\boss_ymiron.obj
c:\build\src\server\scripts\scripts.dir\release\boss_ingvar_the_plunderer.obj
c:\build\src\server\scripts\scripts.dir\release\boss_keleseth.obj
c:\build\src\server\scripts\scripts.dir\release\boss_hadronox.obj
c:\build\src\server\scripts\scripts.dir\release\boss_prince_taldaram.obj
c:\build\src\server\scripts\scripts.dir\release\boss_elder_nadox.obj
c:\build\src\server\scripts\scripts.dir\release\boss_ichoron.obj
c:\build\src\server\scripts\scripts.dir\release\instance_icecrown_citadel.obj
c:\build\src\server\scripts\scripts.dir\release\boss_rotface.obj
c:\build\src\server\scripts\scripts.dir\release\boss_blood_queen_lana_thel.obj
c:\build\src\server\scripts\scripts.dir\release\spell_druid.obj
c:\build\src\server\scripts\scripts.dir\release\spell_warlock.obj
c:\build\src\server\scripts\scripts.dir\release\spell_holiday.obj
c:\build\src\server\scripts\scripts.dir\release\cs_ban.obj
c:\build\src\server\scripts\scripts.dir\release\cs_event.obj
c:\build\src\server\scripts\scripts.dir\release\cs_go.obj
c:\build\src\server\scripts\scripts.dir\release\cs_ticket.obj
c:\build\src\server\scripts\scripts.dir\release\cs_mmaps.obj
c:\build\src\server\scripts\scripts.dir\release\scriptedcreature.obj
c:\build\src\server\scripts\scripts.dir\release\areatrigger_scripts.obj
c:\build\src\server\scripts\scripts.dir\release\chat_log.obj
c:\build\src\server\scripts\scripts.dir\release\outdoorpvpsi.obj
c:\build\src\server\scripts\scripts.dir\release\boss_grizzle.obj
c:\build\src\server\scripts\scripts.dir\release\boss_ebonroc.obj
c:\build\src\server\scripts\scripts.dir\release\boss_flamegor.obj
c:\build\src\server\scripts\scripts.dir\release\boss_warmaster_voone.obj
c:\build\src\server\scripts\scripts.dir\release\boss_quartermaster_zigris.obj
c:\build\src\server\scripts\scripts.dir\release\boss_highlord_omokk.obj
c:\build\src\server\scripts\scripts.dir\release\boss_urok_doomhowl.obj
c:\build\src\server\scripts\scripts.dir\release\boss_gehennas.obj
c:\build\src\server\scripts\scripts.dir\release\boss_golemagg.obj
c:\build\src\server\scripts\scripts.dir\release\boss_baron_geddon.obj
c:\build\src\server\scripts\scripts.dir\release\boss_garr.obj
c:\build\src\server\scripts\scripts.dir\release\boss_the_ravenian.obj
c:\build\src\server\scripts\scripts.dir\release\boss_vectus.obj
c:\build\src\server\scripts\scripts.dir\release\boss_lorekeeper_polkelt.obj
c:\build\src\server\scripts\scripts.dir\release\zone_isle_of_queldanas.obj
c:\build\src\server\scripts\scripts.dir\release\boss_marli.obj
c:\build\src\server\scripts\scripts.dir\release\boss_renataki.obj
c:\build\src\server\scripts\scripts.dir\release\boss_jindo.obj
c:\build\src\server\scripts\scripts.dir\release\zone_arathi_highlands.obj
c:\build\src\server\scripts\scripts.dir\release\boss_baroness_anastari.obj
c:\build\src\server\scripts\scripts.dir\release\boss_dathrohan_balnazzar.obj
c:\build\src\server\scripts\scripts.dir\release\boss_baron_rivendare.obj
c:\build\src\server\scripts\scripts.dir\release\boss_order_of_silver_hand.obj
c:\build\src\server\scripts\scripts.dir\release\sunken_temple.obj
c:\build\src\server\scripts\scripts.dir\release\boss_felblood_kaelthas.obj
c:\build\src\server\scripts\scripts.dir\release\magisters_terrace.obj
c:\build\src\server\scripts\scripts.dir\release\instance_uldaman.obj
c:\build\src\server\scripts\scripts.dir\release\boss_felmyst.obj
c:\build\src\server\scripts\scripts.dir\release\zone_loch_modan.obj
c:\build\src\server\scripts\scripts.dir\release\zone_burning_steppes.obj
c:\build\src\server\scripts\scripts.dir\release\zone_blasted_lands.obj
c:\build\src\server\scripts\scripts.dir\release\instance_zulaman.obj
c:\build\src\server\scripts\scripts.dir\release\boss_nalorakk.obj
c:\build\src\server\scripts\scripts.dir\release\zone_alterac_mountains.obj
c:\build\src\server\scripts\scripts.dir\release\zone_silverpine_forest.obj
c:\build\src\server\scripts\scripts.dir\release\boss_nightbane.obj
c:\build\src\server\scripts\scripts.dir\release\boss_curator.obj
c:\build\src\server\scripts\scripts.dir\release\boss_netherspite.obj
c:\build\src\server\scripts\scripts.dir\release\boss_prince_malchezaar.obj
c:\build\src\server\scripts\scripts.dir\release\zone_stonetalon_mountains.obj
c:\build\src\server\scripts\scripts.dir\release\boss_amnennar_the_coldbringer.obj
c:\build\src\server\scripts\scripts.dir\release\zulfarrak.obj
c:\build\src\server\scripts\scripts.dir\release\boss_zum_rah.obj
c:\build\src\server\scripts\scripts.dir\release\boss_leutenant_drake.obj
c:\build\src\server\scripts\scripts.dir\release\hyjal_trash.obj
c:\build\src\server\scripts\scripts.dir\release\hyjalai.obj
c:\build\src\server\scripts\scripts.dir\release\boss_cthun.obj
c:\build\src\server\scripts\scripts.dir\release\instance_wailing_caverns.obj
c:\build\src\server\scripts\scripts.dir\release\zone_felwood.obj
c:\build\src\server\scripts\scripts.dir\release\zone_winterspring.obj
c:\build\src\server\scripts\scripts.dir\release\boss_onyxia.obj
c:\build\src\server\scripts\scripts.dir\release\boss_magtheridon.obj
c:\build\src\server\scripts\scripts.dir\release\boss_kelidan_the_breaker.obj
c:\build\src\server\scripts\scripts.dir\release\boss_warchief_kargath_bladefist.obj
c:\build\src\server\scripts\scripts.dir\release\boss_mekgineer_steamrigger.obj
c:\build\src\server\scripts\scripts.dir\release\boss_hydromancer_thespia.obj
c:\build\src\server\scripts\scripts.dir\release\boss_fathomlord_karathress.obj
c:\build\src\server\scripts\scripts.dir\release\boss_nethermancer_sepethrea.obj
c:\build\src\server\scripts\scripts.dir\release\boss_gatewatcher_gyrokill.obj
c:\build\src\server\scripts\scripts.dir\release\instance_the_eye.obj
c:\build\src\server\scripts\scripts.dir\release\the_eye.obj
c:\build\src\server\scripts\scripts.dir\release\boss_commander_sarannis.obj
c:\build\src\server\scripts\scripts.dir\release\boss_pandemonius.obj
c:\build\src\server\scripts\scripts.dir\release\boss_tailonking_ikiss.obj
c:\build\src\server\scripts\scripts.dir\release\boss_ambassador_hellmaw.obj
c:\build\src\server\scripts\scripts.dir\release\zone_hellfire_peninsula.obj
c:\build\src\server\scripts\scripts.dir\release\boss_supremus.obj
c:\build\src\server\scripts\scripts.dir\release\boss_bloodboil.obj
c:\build\src\server\scripts\scripts.dir\release\boss_high_king_maulgar.obj
c:\build\src\server\scripts\scripts.dir\release\instance_gruuls_lair.obj
c:\build\src\server\scripts\scripts.dir\release\isle_of_conquest.obj
c:\build\src\server\scripts\scripts.dir\release\boss_bjarngrim.obj
c:\build\src\server\scripts\scripts.dir\release\boss_ionar.obj
c:\build\src\server\scripts\scripts.dir\release\boss_hodir.obj
c:\build\src\server\scripts\scripts.dir\release\boss_freya.obj
c:\build\src\server\scripts\scripts.dir\release\boss_kologarn.obj
c:\build\src\server\scripts\scripts.dir\release\boss_baltharus_the_warborn.obj
c:\build\src\server\scripts\scripts.dir\release\boss_falric.obj
c:\build\src\server\scripts\scripts.dir\release\halls_of_reflection.obj
c:\build\src\server\scripts\scripts.dir\release\boss_krickandick.obj
c:\build\src\server\scripts\scripts.dir\release\boss_keristrasza.obj
c:\build\src\server\scripts\scripts.dir\release\boss_northrend_beasts.obj
c:\build\src\server\scripts\scripts.dir\release\boss_argent_challenge.obj
c:\build\src\server\scripts\scripts.dir\release\boss_faerlina.obj
c:\build\src\server\scripts\scripts.dir\release\boss_kelthuzad.obj
c:\build\src\server\scripts\scripts.dir\release\boss_grobbulus.obj
c:\build\src\server\scripts\scripts.dir\release\zone_crystalsong_forest.obj
c:\build\src\server\scripts\scripts.dir\release\boss_koralon.obj
c:\build\src\server\scripts\scripts.dir\release\boss_skadi.obj
c:\build\src\server\scripts\scripts.dir\release\instance_utgarde_keep.obj
c:\build\src\server\scripts\scripts.dir\release\instance_azjol_nerub.obj
c:\build\src\server\scripts\scripts.dir\release\boss_krikthir_the_gatewatcher.obj
c:\build\src\server\scripts\scripts.dir\release\boss_anubarak.obj
c:\build\src\server\scripts\scripts.dir\release\instance_ahnkahet.obj
c:\build\src\server\scripts\scripts.dir\release\boss_professor_putricide.obj
c:\build\src\server\scripts\scripts.dir\release\zone_zuldrak.obj
c:\build\src\server\scripts\scripts.dir\release\boss_drakkari_colossus.obj
c:\build\src\server\scripts\scripts.dir\release\boss_trollgore.obj
c:\build\src\server\scripts\scripts.dir\release\boss_king_dred.obj
c:\build\src\server\scripts\scripts.dir\release\pet_hunter.obj
c:\build\src\server\scripts\scripts.dir\release\spell_hunter.obj
c:\build\src\server\scripts\scripts.dir\release\spell_warrior.obj
c:\build\src\server\scripts\scripts.dir\release\spell_paladin.obj
c:\build\src\server\scripts\scripts.dir\release\cs_cast.obj
c:\build\src\server\scripts\scripts.dir\release\cs_character.obj
c:\build\src\server\scripts\scripts.dir\release\cs_honor.obj
c:\build\src\server\scripts\scripts.dir\release\cs_learn.obj
c:\build\src\server\scripts\scripts.dir\release\cs_list.obj
c:\build\src\server\scripts\scripts.dir\release\cs_lookup.obj
c:\build\src\server\scripts\scripts.dir\release\cs_npc.obj
c:\build\src\server\scripts\scripts.dir\release\cs_reload.obj
c:\build\src\server\scripts\scripts.dir\release\boss_anubshiah.obj
c:\build\src\server\scripts\scripts.dir\release\boss_tomb_of_seven.obj
c:\build\src\server\scripts\scripts.dir\release\boss_general_angerforge.obj
c:\build\src\server\scripts\scripts.dir\release\boss_ambassador_flamelash.obj
c:\build\src\server\scripts\scripts.dir\release\boss_moira_bronzebeard.obj
c:\build\src\server\scripts\scripts.dir\release\boss_emperor_dagran_thaurissan.obj
c:\build\src\server\scripts\scripts.dir\release\boss_chromaggus.obj
c:\build\src\server\scripts\scripts.dir\release\boss_vaelastrasz.obj
c:\build\src\server\scripts\scripts.dir\release\boss_pyroguard_emberseer.obj
c:\build\src\server\scripts\scripts.dir\release\boss_shadow_hunter_voshgajin.obj
c:\build\src\server\scripts\scripts.dir\release\boss_the_beast.obj
c:\build\src\server\scripts\scripts.dir\release\chapter5.obj
c:\build\src\server\scripts\scripts.dir\release\boss_cannon_master_willey.obj
c:\build\src\server\scripts\scripts.dir\release\stratholme.obj
c:\build\src\server\scripts\scripts.dir\release\boss_selin_fireheart.obj
c:\build\src\server\scripts\scripts.dir\release\boss_ironaya.obj
c:\build\src\server\scripts\scripts.dir\release\zone_swamp_of_sorrows.obj
c:\build\src\server\scripts\scripts.dir\release\sunwell_plateau.obj
c:\build\src\server\scripts\scripts.dir\release\zone_stranglethorn_vale.obj
c:\build\src\server\scripts\scripts.dir\release\boss_mr_smite.obj
c:\build\src\server\scripts\scripts.dir\release\boss_mograine_and_whitemane.obj
c:\build\src\server\scripts\scripts.dir\release\boss_headless_horseman.obj
c:\build\src\server\scripts\scripts.dir\release\boss_hexlord.obj
c:\build\src\server\scripts\scripts.dir\release\zone_hinterlands.obj
c:\build\src\server\scripts\scripts.dir\release\karazhan.obj
c:\build\src\server\scripts\scripts.dir\release\razorfen_downs.obj
c:\build\src\server\scripts\scripts.dir\release\instance_razorfen_downs.obj
c:\build\src\server\scripts\scripts.dir\release\boss_epoch_hunter.obj
c:\build\src\server\scripts\scripts.dir\release\boss_archimonde.obj
c:\build\src\server\scripts\scripts.dir\release\boss_salramm_the_fleshcrafter.obj
c:\build\src\server\scripts\scripts.dir\release\culling_of_stratholme.obj
c:\build\src\server\scripts\scripts.dir\release\boss_chrono_lord_deja.obj
c:\build\src\server\scripts\scripts.dir\release\the_black_morass.obj
c:\build\src\server\scripts\scripts.dir\release\boss_temporus.obj
c:\build\src\server\scripts\scripts.dir\release\boss_gelihast.obj
c:\build\src\server\scripts\scripts.dir\release\boss_aku_mai.obj
c:\build\src\server\scripts\scripts.dir\release\zone_desolace.obj
c:\build\src\server\scripts\scripts.dir\release\boss_sartura.obj
c:\build\src\server\scripts\scripts.dir\release\zone_darkshore.obj
c:\build\src\server\scripts\scripts.dir\release\zone_bloodmyst_isle.obj
c:\build\src\server\scripts\scripts.dir\release\instance_razorfen_kraul.obj
c:\build\src\server\scripts\scripts.dir\release\zone_ungoro_crater.obj
c:\build\src\server\scripts\scripts.dir\release\zone_tanaris.obj
c:\build\src\server\scripts\scripts.dir\release\instance_onyxias_lair.obj
c:\build\src\server\scripts\scripts.dir\release\boss_hydross_the_unstable.obj
c:\build\src\server\scripts\scripts.dir\release\boss_leotheras_the_blind.obj
c:\build\src\server\scripts\scripts.dir\release\boss_the_black_stalker.obj
c:\build\src\server\scripts\scripts.dir\release\boss_pathaleon_the_calculator.obj
c:\build\src\server\scripts\scripts.dir\release\boss_gatewatcher_ironhand.obj
c:\build\src\server\scripts\scripts.dir\release\boss_astromancer.obj
c:\build\src\server\scripts\scripts.dir\release\boss_high_botanist_freywinn.obj
c:\build\src\server\scripts\scripts.dir\release\instance_arcatraz.obj
c:\build\src\server\scripts\scripts.dir\release\instance_sethekk_halls.obj
c:\build\src\server\scripts\scripts.dir\release\boss_doomlord_kazzak.obj
c:\build\src\server\scripts\scripts.dir\release\black_temple.obj
c:\build\src\server\scripts\scripts.dir\release\boss_warlord_najentus.obj
c:\build\src\server\scripts\scripts.dir\release\zone_blades_edge_mountains.obj
c:\build\src\server\scripts\scripts.dir\release\instance_halls_of_lightning.obj
c:\build\src\server\scripts\scripts.dir\release\boss_general_vezax.obj
c:\build\src\server\scripts\scripts.dir\release\boss_algalon_the_observer.obj
c:\build\src\server\scripts\scripts.dir\release\boss_assembly_of_iron.obj
c:\build\src\server\scripts\scripts.dir\release\boss_mimiron.obj
c:\build\src\server\scripts\scripts.dir\release\instance_pit_of_saron.obj
c:\build\src\server\scripts\scripts.dir\release\boss_bronjahm.obj
c:\build\src\server\scripts\scripts.dir\release\boss_malygos.obj
c:\build\src\server\scripts\scripts.dir\release\boss_sapphiron.obj
c:\build\src\server\scripts\scripts.dir\release\instance_pinnacle.obj
c:\build\src\server\scripts\scripts.dir\release\utgarde_keep.obj
c:\build\src\server\scripts\scripts.dir\release\boss_herald_volazj.obj
c:\build\src\server\scripts\scripts.dir\release\boss_jedoga_shadowseeker.obj
c:\build\src\server\scripts\scripts.dir\release\boss_zuramat.obj
c:\build\src\server\scripts\scripts.dir\release\boss_lavanthor.obj
c:\build\src\server\scripts\scripts.dir\release\boss_xevozz.obj
c:\build\src\server\scripts\scripts.dir\release\icecrown_citadel_teleport.obj
c:\build\src\server\scripts\scripts.dir\release\boss_lady_deathwhisper.obj
c:\build\src\server\scripts\scripts.dir\release\boss_valithria_dreamwalker.obj
c:\build\src\server\scripts\scripts.dir\release\boss_gal_darah.obj
c:\build\src\server\scripts\scripts.dir\release\boss_eck.obj
c:\build\src\server\scripts\scripts.dir\release\zone_howling_fjord.obj
c:\build\src\server\scripts\scripts.dir\release\pet_dk.obj
c:\build\src\server\scripts\scripts.dir\release\spell_shaman.obj
c:\build\src\server\scripts\scripts.dir\release\spell_quest.obj
c:\build\src\server\scripts\scripts.dir\release\spell_item.obj
c:\build\src\server\scripts\scripts.dir\release\cs_bf.obj
c:\build\src\server\scripts\scripts.dir\release\cs_debug.obj
c:\build\src\server\scripts\scripts.dir\release\example_misc.obj
c:\build\src\server\scripts\scripts.dir\release\example_gossip_codebox.obj
c:\build\src\server\scripts\scripts.dir\release\example_spell.obj
c:\build\src\server\scripts\scripts.dir\release\scriptedfollowerai.obj
c:\build\src\server\scripts\scripts.dir\release\go_scripts.obj
c:\build\src\server\scripts\scripts.dir\release\npcs_special.obj
c:\build\src\server\scripts\scripts.dir\release\boss_firemaw.obj
c:\build\src\server\scripts\scripts.dir\release\boss_nefarian.obj
c:\build\src\server\scripts\scripts.dir\release\boss_mother_smolderweb.obj
c:\build\src\server\scripts\scripts.dir\release\boss_halycon.obj
c:\build\src\server\scripts\scripts.dir\release\boss_rend_blackhand.obj
c:\build\src\server\scripts\scripts.dir\release\boss_lord_valthalak.obj
c:\build\src\server\scripts\scripts.dir\release\boss_lucifron.obj
c:\build\src\server\scripts\scripts.dir\release\boss_majordomo_executus.obj
c:\build\src\server\scripts\scripts.dir\release\boss_magmadar.obj
c:\build\src\server\scripts\scripts.dir\release\boss_illucia_barov.obj
c:\build\src\server\scripts\scripts.dir\release\boss_doctor_theolen_krastinov.obj
c:\build\src\server\scripts\scripts.dir\release\boss_kirtonos_the_herald.obj
c:\build\src\server\scripts\scripts.dir\release\boss_hakkar.obj
c:\build\src\server\scripts\scripts.dir\release\boss_grilek.obj
c:\build\src\server\scripts\scripts.dir\release\boss_venoxis.obj
c:\build\src\server\scripts\scripts.dir\release\boss_thekal.obj
c:\build\src\server\scripts\scripts.dir\release\gnomeregan.obj
c:\build\src\server\scripts\scripts.dir\release\zone_the_scarlet_enclave.obj
c:\build\src\server\scripts\scripts.dir\release\boss_nerubenkan.obj
c:\build\src\server\scripts\scripts.dir\release\instance_stratholme.obj
c:\build\src\server\scripts\scripts.dir\release\boss_maleki_the_pallid.obj
c:\build\src\server\scripts\scripts.dir\release\zone_tirisfal_glades.obj
c:\build\src\server\scripts\scripts.dir\release\instance_sunken_temple.obj
c:\build\src\server\scripts\scripts.dir\release\instance_magisters_terrace.obj
c:\build\src\server\scripts\scripts.dir\release\boss_archaedas.obj
c:\build\src\server\scripts\scripts.dir\release\boss_eredar_twins.obj
c:\build\src\server\scripts\scripts.dir\release\instance_sunwell_plateau.obj
c:\build\src\server\scripts\scripts.dir\release\deadmines.obj
c:\build\src\server\scripts\scripts.dir\release\instance_deadmines.obj
c:\build\src\server\scripts\scripts.dir\release\boss_houndmaster_loksey.obj
c:\build\src\server\scripts\scripts.dir\release\boss_arcanist_doan.obj
c:\build\src\server\scripts\scripts.dir\release\boss_herod.obj
c:\build\src\server\scripts\scripts.dir\release\boss_halazzi.obj
c:\build\src\server\scripts\scripts.dir\release\boss_akilzon.obj
c:\build\src\server\scripts\scripts.dir\release\instance_hyjal.obj
c:\build\src\server\scripts\scripts.dir\release\boss_anetheron.obj
c:\build\src\server\scripts\scripts.dir\release\instance_the_black_morass.obj
c:\build\src\server\scripts\scripts.dir\release\boss_aeonus.obj
c:\build\src\server\scripts\scripts.dir\release\boss_kelris.obj
c:\build\src\server\scripts\scripts.dir\release\instance_blackfathom_deeps.obj
c:\build\src\server\scripts\scripts.dir\release\zone_azuremyst_isle.obj
c:\build\src\server\scripts\scripts.dir\release\boss_twinemperors.obj
c:\build\src\server\scripts\scripts.dir\release\boss_ouro.obj
c:\build\src\server\scripts\scripts.dir\release\boss_buru.obj
c:\build\src\server\scripts\scripts.dir\release\boss_ossirian.obj
c:\build\src\server\scripts\scripts.dir\release\boss_kurinnaxx.obj
c:\build\src\server\scripts\scripts.dir\release\boss_azuregos.obj
c:\build\src\server\scripts\scripts.dir\release\zone_thousand_needles.obj
c:\build\src\server\scripts\scripts.dir\release\zone_teldrassil.obj
c:\build\src\server\scripts\scripts.dir\release\zone_nagrand.obj
c:\build\src\server\scripts\scripts.dir\release\boss_omor_the_unscarred.obj
c:\build\src\server\scripts\scripts.dir\release\boss_vazruden_the_herald.obj
c:\build\src\server\scripts\scripts.dir\release\instance_blood_furnace.obj
c:\build\src\server\scripts\scripts.dir\release\boss_warbringer_omrogg.obj
c:\build\src\server\scripts\scripts.dir\release\boss_warlord_kalithresh.obj
c:\build\src\server\scripts\scripts.dir\release\instance_serpent_shrine.obj
c:\build\src\server\scripts\scripts.dir\release\arcatraz.obj
c:\build\src\server\scripts\scripts.dir\release\boss_anzu.obj
c:\build\src\server\scripts\scripts.dir\release\boss_blackheart_the_inciter.obj
c:\build\src\server\scripts\scripts.dir\release\zone_terokkar_forest.obj
c:\build\src\server\scripts\scripts.dir\release\boss_illidan.obj
c:\build\src\server\scripts\scripts.dir\release\zone_zangarmarsh.obj
c:\build\src\server\scripts\scripts.dir\release\ulduar_teleporter.obj
c:\build\src\server\scripts\scripts.dir\release\boss_thorim.obj
c:\build\src\server\scripts\scripts.dir\release\instance_ulduar.obj
c:\build\src\server\scripts\scripts.dir\release\boss_yogg_saron.obj
c:\build\src\server\scripts\scripts.dir\release\halls_of_stone.obj
c:\build\src\server\scripts\scripts.dir\release\boss_halion.obj
c:\build\src\server\scripts\scripts.dir\release\boss_forgemaster_garfrost.obj
c:\build\src\server\scripts\scripts.dir\release\forge_of_souls.obj
c:\build\src\server\scripts\scripts.dir\release\instance_forge_of_souls.obj
c:\build\src\server\scripts\scripts.dir\release\boss_devourer_of_souls.obj
c:\build\src\server\scripts\scripts.dir\release\instance_eye_of_eternity.obj
c:\build\src\server\scripts\scripts.dir\release\boss_eregos.obj
c:\build\src\server\scripts\scripts.dir\release\boss_drakos.obj
c:\build\src\server\scripts\scripts.dir\release\boss_urom.obj
c:\build\src\server\scripts\scripts.dir\release\oculus.obj
c:\build\src\server\scripts\scripts.dir\release\boss_black_knight.obj
c:\build\src\server\scripts\scripts.dir\release\boss_loatheb.obj
c:\build\src\server\scripts\scripts.dir\release\boss_gothik.obj
c:\build\src\server\scripts\scripts.dir\release\boss_heigan.obj
c:\build\src\server\scripts\scripts.dir\release\boss_razuvious.obj
c:\build\src\server\scripts\scripts.dir\release\boss_noth.obj
c:\build\src\server\scripts\scripts.dir\release\boss_archavon.obj
c:\build\src\server\scripts\scripts.dir\release\instance_vault_of_archavon.obj
c:\build\src\server\scripts\scripts.dir\release\boss_svala.obj
c:\build\src\server\scripts\scripts.dir\release\boss_skarvald_dalronn.obj
c:\build\src\server\scripts\scripts.dir\release\zone_grizzly_hills.obj
c:\build\src\server\scripts\scripts.dir\release\violet_hold.obj
c:\build\src\server\scripts\scripts.dir\release\boss_deathbringer_saurfang.obj
c:\build\src\server\scripts\scripts.dir\release\boss_sindragosa.obj
c:\build\src\server\scripts\scripts.dir\release\zone_icecrown.obj
c:\build\src\server\scripts\scripts.dir\release\boss_slad_ran.obj
c:\build\src\server\scripts\scripts.dir\release\boss_moorabi.obj
c:\build\src\server\scripts\scripts.dir\release\zone_borean_tundra.obj
c:\build\src\server\scripts\scripts.dir\release\boss_tharon_ja.obj
c:\build\src\server\scripts\scripts.dir\release\childrens_week.obj
c:\build\src\server\scripts\scripts.dir\release\pet_priest.obj
c:\build\src\server\scripts\cmakefiles\generate.stamp
c:\build\src\server\scripts\release\scripts.lib
c:\build\src\server\scripts\scripts.dir\release\scripts.tlog\cl.command.1.tlog
c:\build\src\server\scripts\scripts.dir\release\scripts.tlog\cl.read.1.tlog
c:\build\src\server\scripts\scripts.dir\release\scripts.tlog\cl.write.1.tlog
c:\build\src\server\scripts\scripts.dir\release\scripts.tlog\custombuild.command.1.tlog
c:\build\src\server\scripts\scripts.dir\release\scripts.tlog\custombuild.read.1.tlog
c:\build\src\server\scripts\scripts.dir\release\scripts.tlog\custombuild.write.1.tlog
c:\build\src\server\scripts\scripts.dir\release\scripts.tlog\lib-link.read.1.tlog
c:\build\src\server\scripts\scripts.dir\release\scripts.tlog\lib-link.write.1.tlog
c:\build\src\server\scripts\scripts.dir\release\scripts.tlog\lib.command.1.tlog
