c:\users\administrateur\desktop\master\build\cmakefiles\generate.stamp
c:\users\administrateur\desktop\master\build\dep\cmakefiles\generate.stamp
c:\users\administrateur\desktop\master\build\dep\acelite\cmakefiles\generate.stamp
c:\users\administrateur\desktop\master\build\dep\acelite\ace\cmakefiles\generate.stamp
c:\users\administrateur\desktop\master\build\dep\mysqllite\cmakefiles\generate.stamp
c:\users\administrateur\desktop\master\build\dep\zlib\cmakefiles\generate.stamp
c:\users\administrateur\desktop\master\build\dep\g3dlite\cmakefiles\generate.stamp
c:\users\administrateur\desktop\master\build\dep\recastnavigation\cmakefiles\generate.stamp
c:\users\administrateur\desktop\master\build\dep\recastnavigation\detour\cmakefiles\generate.stamp
c:\users\administrateur\desktop\master\build\dep\recastnavigation\recast\cmakefiles\generate.stamp
c:\users\administrateur\desktop\master\build\dep\gsoap\cmakefiles\generate.stamp
c:\users\administrateur\desktop\master\build\src\cmakefiles\generate.stamp
c:\users\administrateur\desktop\master\build\src\genrev\cmakefiles\generate.stamp
c:\users\administrateur\desktop\master\build\src\server\cmakefiles\generate.stamp
c:\users\administrateur\desktop\master\build\src\server\shared\cmakefiles\generate.stamp
c:\users\administrateur\desktop\master\build\src\server\game\cmakefiles\generate.stamp
c:\users\administrateur\desktop\master\build\src\server\collision\cmakefiles\generate.stamp
c:\users\administrateur\desktop\master\build\src\server\authserver\cmakefiles\generate.stamp
c:\users\administrateur\desktop\master\build\src\server\scripts\cmakefiles\generate.stamp
c:\users\administrateur\desktop\master\build\src\server\worldserver\cmakefiles\generate.stamp
c:\users\administrateur\desktop\master\build\cmakefiles\zero_check
c:\users\administrateur\desktop\master\build\win32\release\zero_check\zero_check.tlog\custombuild.command.1.tlog
c:\users\administrateur\desktop\master\build\win32\release\zero_check\zero_check.tlog\custombuild.read.1.tlog
c:\users\administrateur\desktop\master\build\win32\release\zero_check\zero_check.tlog\custombuild.write.1.tlog
