c:\users\administrateur\desktop\master\build\src\server\game\game.dir\release\game.pch
c:\users\administrateur\desktop\master\build\src\server\game\game.dir\release\gamepch.obj
c:\users\administrateur\desktop\master\build\src\server\game\game.dir\release\rbac.obj
c:\users\administrateur\desktop\master\build\src\server\game\game.dir\release\achievementmgr.obj
c:\users\administrateur\desktop\master\build\src\server\game\game.dir\release\reactorai.obj
c:\users\administrateur\desktop\master\build\src\server\game\game.dir\release\totemai.obj
c:\users\administrateur\desktop\master\build\src\server\game\game.dir\release\creatureai.obj
c:\users\administrateur\desktop\master\build\src\server\game\game.dir\release\creatureaiselector.obj
c:\users\administrateur\desktop\master\build\src\server\game\game.dir\release\creatureeventai.obj
c:\users\administrateur\desktop\master\build\src\server\game\game.dir\release\scriptedcreature.obj
c:\users\administrateur\desktop\master\build\src\server\game\game.dir\release\smartai.obj
c:\users\administrateur\desktop\master\build\src\server\game\game.dir\release\smartscriptmgr.obj
c:\users\administrateur\desktop\master\build\src\server\game\game.dir\release\battlefield.obj
c:\users\administrateur\desktop\master\build\src\server\game\game.dir\release\battlefieldwg.obj
c:\users\administrateur\desktop\master\build\src\server\game\game.dir\release\battleground.obj
c:\users\administrateur\desktop\master\build\src\server\game\game.dir\release\battlegroundqueue.obj
c:\users\administrateur\desktop\master\build\src\server\game\game.dir\release\battlegroundav.obj
c:\users\administrateur\desktop\master\build\src\server\game\game.dir\release\battlegroundds.obj
c:\users\administrateur\desktop\master\build\src\server\game\game.dir\release\battlegroundic.obj
c:\users\administrateur\desktop\master\build\src\server\game\game.dir\release\battlegroundrv.obj
c:\users\administrateur\desktop\master\build\src\server\game\game.dir\release\battlegroundws.obj
c:\users\administrateur\desktop\master\build\src\server\game\game.dir\release\channel.obj
c:\users\administrateur\desktop\master\build\src\server\game\game.dir\release\chatlink.obj
c:\users\administrateur\desktop\master\build\src\server\game\game.dir\release\threatmanager.obj
c:\users\administrateur\desktop\master\build\src\server\game\game.dir\release\disablemgr.obj
c:\users\administrateur\desktop\master\build\src\server\game\game.dir\release\dbcstores.obj
c:\users\administrateur\desktop\master\build\src\server\game\game.dir\release\lfgplayerdata.obj
c:\users\administrateur\desktop\master\build\src\server\game\game.dir\release\lfgqueue.obj
c:\users\administrateur\desktop\master\build\src\server\game\game.dir\release\corpse.obj
c:\users\administrateur\desktop\master\build\src\server\game\game.dir\release\creaturegroups.obj
c:\users\administrateur\desktop\master\build\src\server\game\game.dir\release\gossipdef.obj
c:\users\administrateur\desktop\master\build\src\server\game\game.dir\release\temporarysummon.obj
c:\users\administrateur\desktop\master\build\src\server\game\game.dir\release\dynamicobject.obj
c:\users\administrateur\desktop\master\build\src\server\game\game.dir\release\bag.obj
c:\users\administrateur\desktop\master\build\src\server\game\game.dir\release\item.obj
c:\users\administrateur\desktop\master\build\src\server\game\game.dir\release\objectposselector.obj
c:\users\administrateur\desktop\master\build\src\server\game\game.dir\release\updatedata.obj
c:\users\administrateur\desktop\master\build\src\server\game\game.dir\release\updatefieldflags.obj
c:\users\administrateur\desktop\master\build\src\server\game\game.dir\release\pet.obj
c:\users\administrateur\desktop\master\build\src\server\game\game.dir\release\socialmgr.obj
c:\users\administrateur\desktop\master\build\src\server\game\game.dir\release\totem.obj
c:\users\administrateur\desktop\master\build\src\server\game\game.dir\release\transport.obj
c:\users\administrateur\desktop\master\build\src\server\game\game.dir\release\statsystem.obj
c:\users\administrateur\desktop\master\build\src\server\game\game.dir\release\unit.obj
c:\users\administrateur\desktop\master\build\src\server\game\game.dir\release\objectaccessor.obj
c:\users\administrateur\desktop\master\build\src\server\game\game.dir\release\gridstates.obj
c:\users\administrateur\desktop\master\build\src\server\game\game.dir\release\gridnotifiers.obj
c:\users\administrateur\desktop\master\build\src\server\game\game.dir\release\objectgridloader.obj
c:\users\administrateur\desktop\master\build\src\server\game\game.dir\release\group.obj
c:\users\administrateur\desktop\master\build\src\server\game\game.dir\release\groupmgr.obj
c:\users\administrateur\desktop\master\build\src\server\game\game.dir\release\groupreference.obj
c:\users\administrateur\desktop\master\build\src\server\game\game.dir\release\guild.obj
c:\users\administrateur\desktop\master\build\src\server\game\game.dir\release\guildmgr.obj
c:\users\administrateur\desktop\master\build\src\server\game\game.dir\release\addonhandler.obj
c:\users\administrateur\desktop\master\build\src\server\game\game.dir\release\auctionhousehandler.obj
c:\users\administrateur\desktop\master\build\src\server\game\game.dir\release\battlegroundhandler.obj
c:\users\administrateur\desktop\master\build\src\server\game\game.dir\release\channelhandler.obj
c:\users\administrateur\desktop\master\build\src\server\game\game.dir\release\characterhandler.obj
c:\users\administrateur\desktop\master\build\src\server\game\game.dir\release\duelhandler.obj
c:\users\administrateur\desktop\master\build\src\server\game\game.dir\release\guildhandler.obj
c:\users\administrateur\desktop\master\build\src\server\game\game.dir\release\lfghandler.obj
c:\users\administrateur\desktop\master\build\src\server\game\game.dir\release\mailhandler.obj
c:\users\administrateur\desktop\master\build\src\server\game\game.dir\release\movementhandler.obj
c:\users\administrateur\desktop\master\build\src\server\game\game.dir\release\npchandler.obj
c:\users\administrateur\desktop\master\build\src\server\game\game.dir\release\petitionshandler.obj
c:\users\administrateur\desktop\master\build\src\server\game\game.dir\release\questhandler.obj
c:\users\administrateur\desktop\master\build\src\server\game\game.dir\release\skillhandler.obj
c:\users\administrateur\desktop\master\build\src\server\game\game.dir\release\taxihandler.obj
c:\users\administrateur\desktop\master\build\src\server\game\game.dir\release\tradehandler.obj
c:\users\administrateur\desktop\master\build\src\server\game\game.dir\release\voicechathandler.obj
c:\users\administrateur\desktop\master\build\src\server\game\game.dir\release\instancesavemgr.obj
c:\users\administrateur\desktop\master\build\src\server\game\game.dir\release\lootmgr.obj
c:\users\administrateur\desktop\master\build\src\server\game\game.dir\release\mapinstanced.obj
c:\users\administrateur\desktop\master\build\src\server\game\game.dir\release\mapmanager.obj
c:\users\administrateur\desktop\master\build\src\server\game\game.dir\release\movementgenerator.obj
c:\users\administrateur\desktop\master\build\src\server\game\game.dir\release\confusedmovementgenerator.obj
c:\users\administrateur\desktop\master\build\src\server\game\game.dir\release\fleeingmovementgenerator.obj
c:\users\administrateur\desktop\master\build\src\server\game\game.dir\release\randommovementgenerator.obj
c:\users\administrateur\desktop\master\build\src\server\game\game.dir\release\targetedmovementgenerator.obj
c:\users\administrateur\desktop\master\build\src\server\game\game.dir\release\pathgenerator.obj
c:\users\administrateur\desktop\master\build\src\server\game\game.dir\release\movementutil.obj
c:\users\administrateur\desktop\master\build\src\server\game\game.dir\release\movesplineinit.obj
c:\users\administrateur\desktop\master\build\src\server\game\game.dir\release\outdoorpvp.obj
c:\users\administrateur\desktop\master\build\src\server\game\game.dir\release\questdef.obj
c:\users\administrateur\desktop\master\build\src\server\game\game.dir\release\mapscripts.obj
c:\users\administrateur\desktop\master\build\src\server\game\game.dir\release\scriptsystem.obj
c:\users\administrateur\desktop\master\build\src\server\game\game.dir\release\opcodes.obj
c:\users\administrateur\desktop\master\build\src\server\game\game.dir\release\packetlog.obj
c:\users\administrateur\desktop\master\build\src\server\game\game.dir\release\worldsession.obj
c:\users\administrateur\desktop\master\build\src\server\game\game.dir\release\worldsocketmgr.obj
c:\users\administrateur\desktop\master\build\src\server\game\game.dir\release\skilldiscovery.obj
c:\users\administrateur\desktop\master\build\src\server\game\game.dir\release\spellauraeffects.obj
c:\users\administrateur\desktop\master\build\src\server\game\game.dir\release\spell.obj
c:\users\administrateur\desktop\master\build\src\server\game\game.dir\release\spellmgr.obj
c:\users\administrateur\desktop\master\build\src\server\game\game.dir\release\characterdatabasecleaner.obj
c:\users\administrateur\desktop\master\build\src\server\game\game.dir\release\ticketmgr.obj
c:\users\administrateur\desktop\master\build\src\server\game\game.dir\release\wardencheckmgr.obj
c:\users\administrateur\desktop\master\build\src\server\game\game.dir\release\wardenwin.obj
c:\users\administrateur\desktop\master\build\src\server\game\game.dir\release\weathermgr.obj
c:\users\administrateur\desktop\master\build\src\server\game\game.dir\release\accountmgr.obj
c:\users\administrateur\desktop\master\build\src\server\game\game.dir\release\addonmgr.obj
c:\users\administrateur\desktop\master\build\src\server\game\game.dir\release\combatai.obj
c:\users\administrateur\desktop\master\build\src\server\game\game.dir\release\gameobjectai.obj
c:\users\administrateur\desktop\master\build\src\server\game\game.dir\release\guardai.obj
c:\users\administrateur\desktop\master\build\src\server\game\game.dir\release\passiveai.obj
c:\users\administrateur\desktop\master\build\src\server\game\game.dir\release\petai.obj
c:\users\administrateur\desktop\master\build\src\server\game\game.dir\release\unitai.obj
c:\users\administrateur\desktop\master\build\src\server\game\game.dir\release\creatureairegistry.obj
c:\users\administrateur\desktop\master\build\src\server\game\game.dir\release\creatureeventaimgr.obj
c:\users\administrateur\desktop\master\build\src\server\game\game.dir\release\scriptedescortai.obj
c:\users\administrateur\desktop\master\build\src\server\game\game.dir\release\scriptedfollowerai.obj
c:\users\administrateur\desktop\master\build\src\server\game\game.dir\release\smartscript.obj
c:\users\administrateur\desktop\master\build\src\server\game\game.dir\release\auctionhousemgr.obj
c:\users\administrateur\desktop\master\build\src\server\game\game.dir\release\battlefieldmgr.obj
c:\users\administrateur\desktop\master\build\src\server\game\game.dir\release\arenateam.obj
c:\users\administrateur\desktop\master\build\src\server\game\game.dir\release\arenateammgr.obj
c:\users\administrateur\desktop\master\build\src\server\game\game.dir\release\battlegroundmgr.obj
c:\users\administrateur\desktop\master\build\src\server\game\game.dir\release\battlegroundab.obj
c:\users\administrateur\desktop\master\build\src\server\game\game.dir\release\battlegroundbe.obj
c:\users\administrateur\desktop\master\build\src\server\game\game.dir\release\battlegroundey.obj
c:\users\administrateur\desktop\master\build\src\server\game\game.dir\release\battlegroundna.obj
c:\users\administrateur\desktop\master\build\src\server\game\game.dir\release\battlegroundrl.obj
c:\users\administrateur\desktop\master\build\src\server\game\game.dir\release\battlegroundsa.obj
c:\users\administrateur\desktop\master\build\src\server\game\game.dir\release\calendarmgr.obj
c:\users\administrateur\desktop\master\build\src\server\game\game.dir\release\channelmgr.obj
c:\users\administrateur\desktop\master\build\src\server\game\game.dir\release\chat.obj
c:\users\administrateur\desktop\master\build\src\server\game\game.dir\release\hostilerefmanager.obj
c:\users\administrateur\desktop\master\build\src\server\game\game.dir\release\conditionmgr.obj
c:\users\administrateur\desktop\master\build\src\server\game\game.dir\release\lfg.obj
c:\users\administrateur\desktop\master\build\src\server\game\game.dir\release\lfggroupdata.obj
c:\users\administrateur\desktop\master\build\src\server\game\game.dir\release\lfgmgr.obj
c:\users\administrateur\desktop\master\build\src\server\game\game.dir\release\lfgscripts.obj
c:\users\administrateur\desktop\master\build\src\server\game\game.dir\release\creature.obj
c:\users\administrateur\desktop\master\build\src\server\game\game.dir\release\gameobject.obj
c:\users\administrateur\desktop\master\build\src\server\game\game.dir\release\itemenchantmentmgr.obj
c:\users\administrateur\desktop\master\build\src\server\game\game.dir\release\object.obj
c:\users\administrateur\desktop\master\build\src\server\game\game.dir\release\player.obj
c:\users\administrateur\desktop\master\build\src\server\game\game.dir\release\vehicle.obj
c:\users\administrateur\desktop\master\build\src\server\game\game.dir\release\gameeventmgr.obj
c:\users\administrateur\desktop\master\build\src\server\game\game.dir\release\objectmgr.obj
c:\users\administrateur\desktop\master\build\src\server\game\game.dir\release\arenateamhandler.obj
c:\users\administrateur\desktop\master\build\src\server\game\game.dir\release\authhandler.obj
c:\users\administrateur\desktop\master\build\src\server\game\game.dir\release\battlefieldhandler.obj
c:\users\administrateur\desktop\master\build\src\server\game\game.dir\release\calendarhandler.obj
c:\users\administrateur\desktop\master\build\src\server\game\game.dir\release\chathandler.obj
c:\users\administrateur\desktop\master\build\src\server\game\game.dir\release\combathandler.obj
c:\users\administrateur\desktop\master\build\src\server\game\game.dir\release\grouphandler.obj
c:\users\administrateur\desktop\master\build\src\server\game\game.dir\release\itemhandler.obj
c:\users\administrateur\desktop\master\build\src\server\game\game.dir\release\loothandler.obj
c:\users\administrateur\desktop\master\build\src\server\game\game.dir\release\mischandler.obj
c:\users\administrateur\desktop\master\build\src\server\game\game.dir\release\pethandler.obj
c:\users\administrateur\desktop\master\build\src\server\game\game.dir\release\queryhandler.obj
c:\users\administrateur\desktop\master\build\src\server\game\game.dir\release\referafriendhandler.obj
c:\users\administrateur\desktop\master\build\src\server\game\game.dir\release\spellhandler.obj
c:\users\administrateur\desktop\master\build\src\server\game\game.dir\release\tickethandler.obj
c:\users\administrateur\desktop\master\build\src\server\game\game.dir\release\vehiclehandler.obj
c:\users\administrateur\desktop\master\build\src\server\game\game.dir\release\instancescript.obj
c:\users\administrateur\desktop\master\build\src\server\game\game.dir\release\mail.obj
c:\users\administrateur\desktop\master\build\src\server\game\game.dir\release\map.obj
c:\users\administrateur\desktop\master\build\src\server\game\game.dir\release\mapupdater.obj
c:\users\administrateur\desktop\master\build\src\server\game\game.dir\release\followerreference.obj
c:\users\administrateur\desktop\master\build\src\server\game\game.dir\release\motionmaster.obj
c:\users\administrateur\desktop\master\build\src\server\game\game.dir\release\homemovementgenerator.obj
c:\users\administrateur\desktop\master\build\src\server\game\game.dir\release\idlemovementgenerator.obj
c:\users\administrateur\desktop\master\build\src\server\game\game.dir\release\pointmovementgenerator.obj
c:\users\administrateur\desktop\master\build\src\server\game\game.dir\release\waypointmovementgenerator.obj
c:\users\administrateur\desktop\master\build\src\server\game\game.dir\release\movementpacketbuilder.obj
c:\users\administrateur\desktop\master\build\src\server\game\game.dir\release\movespline.obj
c:\users\administrateur\desktop\master\build\src\server\game\game.dir\release\spline.obj
c:\users\administrateur\desktop\master\build\src\server\game\game.dir\release\waypointmanager.obj
c:\users\administrateur\desktop\master\build\src\server\game\game.dir\release\outdoorpvpmgr.obj
c:\users\administrateur\desktop\master\build\src\server\game\game.dir\release\poolmgr.obj
c:\users\administrateur\desktop\master\build\src\server\game\game.dir\release\reputationmgr.obj
c:\users\administrateur\desktop\master\build\src\server\game\game.dir\release\scriptloader.obj
c:\users\administrateur\desktop\master\build\src\server\game\game.dir\release\scriptmgr.obj
c:\users\administrateur\desktop\master\build\src\server\game\game.dir\release\worldsocket.obj
c:\users\administrateur\desktop\master\build\src\server\game\game.dir\release\skillextraitems.obj
c:\users\administrateur\desktop\master\build\src\server\game\game.dir\release\spellauras.obj
c:\users\administrateur\desktop\master\build\src\server\game\game.dir\release\spelleffects.obj
c:\users\administrateur\desktop\master\build\src\server\game\game.dir\release\spellinfo.obj
c:\users\administrateur\desktop\master\build\src\server\game\game.dir\release\spellscript.obj
c:\users\administrateur\desktop\master\build\src\server\game\game.dir\release\creaturetextmgr.obj
c:\users\administrateur\desktop\master\build\src\server\game\game.dir\release\playerdump.obj
c:\users\administrateur\desktop\master\build\src\server\game\game.dir\release\warden.obj
c:\users\administrateur\desktop\master\build\src\server\game\game.dir\release\wardenmac.obj
c:\users\administrateur\desktop\master\build\src\server\game\game.dir\release\weather.obj
c:\users\administrateur\desktop\master\build\src\server\game\game.dir\release\world.obj
c:\users\administrateur\desktop\master\build\src\server\game\cmakefiles\generate.stamp
c:\users\administrateur\desktop\master\build\src\server\game\release\game.lib
c:\users\administrateur\desktop\master\build\src\server\game\game.dir\release\game.tlog\cl.command.1.tlog
c:\users\administrateur\desktop\master\build\src\server\game\game.dir\release\game.tlog\cl.read.1.tlog
c:\users\administrateur\desktop\master\build\src\server\game\game.dir\release\game.tlog\cl.write.1.tlog
c:\users\administrateur\desktop\master\build\src\server\game\game.dir\release\game.tlog\custombuild.command.1.tlog
c:\users\administrateur\desktop\master\build\src\server\game\game.dir\release\game.tlog\custombuild.read.1.tlog
c:\users\administrateur\desktop\master\build\src\server\game\game.dir\release\game.tlog\custombuild.write.1.tlog
c:\users\administrateur\desktop\master\build\src\server\game\game.dir\release\game.tlog\lib-link.read.1.tlog
c:\users\administrateur\desktop\master\build\src\server\game\game.dir\release\game.tlog\lib-link.write.1.tlog
c:\users\administrateur\desktop\master\build\src\server\game\game.dir\release\game.tlog\lib.command.1.tlog
