c:\build\src\server\collision\collision.dir\debug\collision.pch
c:\build\src\server\collision\collision.dir\debug\vc120.pdb
c:\build\src\server\collision\collision.dir\debug\collisionpch.obj
c:\build\src\server\collision\collision.dir\debug\vmapmanager2.obj
c:\build\src\server\collision\collision.dir\debug\tileassembler.obj
c:\build\src\server\collision\collision.dir\debug\worldmodel.obj
c:\build\src\server\collision\collision.dir\debug\maptree.obj
c:\build\src\server\collision\collision.dir\debug\modelinstance.obj
c:\build\src\server\collision\collision.dir\debug\boundingintervalhierarchy.obj
c:\build\src\server\collision\collision.dir\debug\dynamictree.obj
c:\build\src\server\collision\collision.dir\debug\mmapmanager.obj
c:\build\src\server\collision\collision.dir\debug\vmapfactory.obj
c:\build\src\server\collision\collision.dir\debug\gameobjectmodel.obj
c:\build\src\server\collision\collision.dir\debug\mmapfactory.obj
c:\build\src\server\collision\cmakefiles\generate.stamp
c:\build\src\server\collision\debug\collision.lib
c:\build\src\server\collision\collision.dir\debug\collision.tlog\cl.command.1.tlog
c:\build\src\server\collision\collision.dir\debug\collision.tlog\cl.read.1.tlog
c:\build\src\server\collision\collision.dir\debug\collision.tlog\cl.write.1.tlog
c:\build\src\server\collision\collision.dir\debug\collision.tlog\custombuild.command.1.tlog
c:\build\src\server\collision\collision.dir\debug\collision.tlog\custombuild.read.1.tlog
c:\build\src\server\collision\collision.dir\debug\collision.tlog\custombuild.write.1.tlog
c:\build\src\server\collision\collision.dir\debug\collision.tlog\lib-link.read.1.tlog
c:\build\src\server\collision\collision.dir\debug\collision.tlog\lib-link.write.1.tlog
c:\build\src\server\collision\collision.dir\debug\collision.tlog\lib.command.1.tlog
