c:\build\dep\g3dlite\g3dlib.dir\debug\vc120.pdb
c:\build\dep\g3dlite\cmakefiles\generate.stamp
c:\build\dep\g3dlite\debug\g3dlib.lib
c:\build\dep\g3dlite\g3dlib.dir\debug\aabox.obj
c:\build\dep\g3dlite\g3dlib.dir\debug\any.obj
c:\build\dep\g3dlite\g3dlib.dir\debug\binaryformat.obj
c:\build\dep\g3dlite\g3dlib.dir\debug\binaryinput.obj
c:\build\dep\g3dlite\g3dlib.dir\debug\binaryoutput.obj
c:\build\dep\g3dlite\g3dlib.dir\debug\box.obj
c:\build\dep\g3dlite\g3dlib.dir\debug\capsule.obj
c:\build\dep\g3dlite\g3dlib.dir\debug\collisiondetection.obj
c:\build\dep\g3dlite\g3dlib.dir\debug\coordinateframe.obj
c:\build\dep\g3dlite\g3dlib.dir\debug\crypto.obj
c:\build\dep\g3dlite\g3dlib.dir\debug\cylinder.obj
c:\build\dep\g3dlite\g3dlib.dir\debug\debugassert.obj
c:\build\dep\g3dlite\g3dlib.dir\debug\filesystem.obj
c:\build\dep\g3dlite\g3dlib.dir\debug\fileutils.obj
c:\build\dep\g3dlite\g3dlib.dir\debug\format.obj
c:\build\dep\g3dlite\g3dlib.dir\debug\g3dfnmatch.obj
c:\build\dep\g3dlite\g3dlib.dir\debug\g3dmath.obj
c:\build\dep\g3dlite\g3dlib.dir\debug\line.obj
c:\build\dep\g3dlite\g3dlib.dir\debug\linesegment.obj
c:\build\dep\g3dlite\g3dlib.dir\debug\log.obj
c:\build\dep\g3dlite\g3dlib.dir\debug\matrix3.obj
c:\build\dep\g3dlite\g3dlib.dir\debug\matrix4.obj
c:\build\dep\g3dlite\g3dlib.dir\debug\memorymanager.obj
c:\build\dep\g3dlite\g3dlib.dir\debug\physicsframe.obj
c:\build\dep\g3dlite\g3dlib.dir\debug\plane.obj
c:\build\dep\g3dlite\g3dlib.dir\debug\prompt.obj
c:\build\dep\g3dlite\g3dlib.dir\debug\quat.obj
c:\build\dep\g3dlite\g3dlib.dir\debug\random.obj
c:\build\dep\g3dlite\g3dlib.dir\debug\ray.obj
c:\build\dep\g3dlite\g3dlib.dir\debug\referencecount.obj
c:\build\dep\g3dlite\g3dlib.dir\debug\registryutil.obj
c:\build\dep\g3dlite\g3dlib.dir\debug\sphere.obj
c:\build\dep\g3dlite\g3dlib.dir\debug\stringutils.obj
c:\build\dep\g3dlite\g3dlib.dir\debug\system.obj
c:\build\dep\g3dlite\g3dlib.dir\debug\textinput.obj
c:\build\dep\g3dlite\g3dlib.dir\debug\textoutput.obj
c:\build\dep\g3dlite\g3dlib.dir\debug\triangle.obj
c:\build\dep\g3dlite\g3dlib.dir\debug\uint128.obj
c:\build\dep\g3dlite\g3dlib.dir\debug\uprightframe.obj
c:\build\dep\g3dlite\g3dlib.dir\debug\vector2.obj
c:\build\dep\g3dlite\g3dlib.dir\debug\vector3.obj
c:\build\dep\g3dlite\g3dlib.dir\debug\vector4.obj
c:\build\dep\g3dlite\g3dlib.dir\debug\g3dlib.tlog\cl.command.1.tlog
c:\build\dep\g3dlite\g3dlib.dir\debug\g3dlib.tlog\cl.read.1.tlog
c:\build\dep\g3dlite\g3dlib.dir\debug\g3dlib.tlog\cl.write.1.tlog
c:\build\dep\g3dlite\g3dlib.dir\debug\g3dlib.tlog\custombuild.command.1.tlog
c:\build\dep\g3dlite\g3dlib.dir\debug\g3dlib.tlog\custombuild.read.1.tlog
c:\build\dep\g3dlite\g3dlib.dir\debug\g3dlib.tlog\custombuild.write.1.tlog
c:\build\dep\g3dlite\g3dlib.dir\debug\g3dlib.tlog\lib-link.read.1.tlog
c:\build\dep\g3dlite\g3dlib.dir\debug\g3dlib.tlog\lib-link.write.1.tlog
c:\build\dep\g3dlite\g3dlib.dir\debug\g3dlib.tlog\lib.command.1.tlog
