c:\build\dep\mysqllite\libmysql.dir\debug\vc120.pdb
c:\build\dep\mysqllite\libmysql.dir\debug\net_serv.obj
c:\build\dep\mysqllite\cmakefiles\generate.stamp
c:\build\dep\mysqllite\debug\libmysql.lib
c:\build\dep\mysqllite\debug\libmysql.exp
c:\build\bin\debug\libmysql.ilk
c:\build\bin\debug\libmysql.dll
c:\build\bin\debug\libmysql.pdb
c:\build\dep\mysqllite\libmysql.dir\debug\versioninfo_dll.res
c:\build\dep\mysqllite\libmysql.dir\debug\array.obj
c:\build\dep\mysqllite\libmysql.dir\debug\base64.obj
c:\build\dep\mysqllite\libmysql.dir\debug\bchange.obj
c:\build\dep\mysqllite\libmysql.dir\debug\bmove_upp.obj
c:\build\dep\mysqllite\libmysql.dir\debug\charset-def.obj
c:\build\dep\mysqllite\libmysql.dir\debug\charset.obj
c:\build\dep\mysqllite\libmysql.dir\debug\checksum.obj
c:\build\dep\mysqllite\libmysql.dir\debug\client.obj
c:\build\dep\mysqllite\libmysql.dir\debug\client_plugin.obj
c:\build\dep\mysqllite\libmysql.dir\debug\ctype-big5.obj
c:\build\dep\mysqllite\libmysql.dir\debug\ctype-bin.obj
c:\build\dep\mysqllite\libmysql.dir\debug\ctype-cp932.obj
c:\build\dep\mysqllite\libmysql.dir\debug\ctype-czech.obj
c:\build\dep\mysqllite\libmysql.dir\debug\ctype-euc_kr.obj
c:\build\dep\mysqllite\libmysql.dir\debug\ctype-extra.obj
c:\build\dep\mysqllite\libmysql.dir\debug\ctype-gb2312.obj
c:\build\dep\mysqllite\libmysql.dir\debug\ctype-gbk.obj
c:\build\dep\mysqllite\libmysql.dir\debug\ctype-latin1.obj
c:\build\dep\mysqllite\libmysql.dir\debug\ctype-mb.obj
c:\build\dep\mysqllite\libmysql.dir\debug\ctype-simple.obj
c:\build\dep\mysqllite\libmysql.dir\debug\ctype-tis620.obj
c:\build\dep\mysqllite\libmysql.dir\debug\ctype-uca.obj
c:\build\dep\mysqllite\libmysql.dir\debug\ctype-ucs2.obj
c:\build\dep\mysqllite\libmysql.dir\debug\ctype-utf8.obj
c:\build\dep\mysqllite\libmysql.dir\debug\ctype-win1250ch.obj
c:\build\dep\mysqllite\libmysql.dir\debug\ctype.obj
c:\build\dep\mysqllite\libmysql.dir\debug\dbug.obj
c:\build\dep\mysqllite\libmysql.dir\debug\decimal.obj
c:\build\dep\mysqllite\libmysql.dir\debug\default.obj
c:\build\dep\mysqllite\libmysql.dir\debug\dtoa.obj
c:\build\dep\mysqllite\libmysql.dir\debug\errmsg.obj
c:\build\dep\mysqllite\libmysql.dir\debug\errors.obj
c:\build\dep\mysqllite\libmysql.dir\debug\get_password.obj
c:\build\dep\mysqllite\libmysql.dir\debug\hash.obj
c:\build\dep\mysqllite\libmysql.dir\debug\int2str.obj
c:\build\dep\mysqllite\libmysql.dir\debug\is_prefix.obj
c:\build\dep\mysqllite\libmysql.dir\debug\lf_alloc-pin.obj
c:\build\dep\mysqllite\libmysql.dir\debug\lf_dynarray.obj
c:\build\dep\mysqllite\libmysql.dir\debug\lf_hash.obj
c:\build\dep\mysqllite\libmysql.dir\debug\libmysql.obj
c:\build\dep\mysqllite\libmysql.dir\debug\list.obj
c:\build\dep\mysqllite\libmysql.dir\debug\llstr.obj
c:\build\dep\mysqllite\libmysql.dir\debug\longlong2str.obj
c:\build\dep\mysqllite\libmysql.dir\debug\md5.obj
c:\build\dep\mysqllite\libmysql.dir\debug\mf_arr_appstr.obj
c:\build\dep\mysqllite\libmysql.dir\debug\mf_cache.obj
c:\build\dep\mysqllite\libmysql.dir\debug\mf_dirname.obj
c:\build\dep\mysqllite\libmysql.dir\debug\mf_fn_ext.obj
c:\build\dep\mysqllite\libmysql.dir\debug\mf_format.obj
c:\build\dep\mysqllite\libmysql.dir\debug\mf_getdate.obj
c:\build\dep\mysqllite\libmysql.dir\debug\mf_iocache.obj
c:\build\dep\mysqllite\libmysql.dir\debug\mf_iocache2.obj
c:\build\dep\mysqllite\libmysql.dir\debug\mf_keycache.obj
c:\build\dep\mysqllite\libmysql.dir\debug\mf_keycaches.obj
c:\build\dep\mysqllite\libmysql.dir\debug\mf_loadpath.obj
c:\build\dep\mysqllite\libmysql.dir\debug\mf_pack.obj
c:\build\dep\mysqllite\libmysql.dir\debug\mf_path.obj
c:\build\dep\mysqllite\libmysql.dir\debug\mf_qsort.obj
c:\build\dep\mysqllite\libmysql.dir\debug\mf_qsort2.obj
c:\build\dep\mysqllite\libmysql.dir\debug\mf_radix.obj
c:\build\dep\mysqllite\libmysql.dir\debug\mf_same.obj
c:\build\dep\mysqllite\libmysql.dir\debug\mf_sort.obj
c:\build\dep\mysqllite\libmysql.dir\debug\mf_soundex.obj
c:\build\dep\mysqllite\libmysql.dir\debug\mf_tempdir.obj
c:\build\dep\mysqllite\libmysql.dir\debug\mf_tempfile.obj
c:\build\dep\mysqllite\libmysql.dir\debug\mf_unixpath.obj
c:\build\dep\mysqllite\libmysql.dir\debug\mf_wcomp.obj
c:\build\dep\mysqllite\libmysql.dir\debug\mulalloc.obj
c:\build\dep\mysqllite\libmysql.dir\debug\my_access.obj
c:\build\dep\mysqllite\libmysql.dir\debug\my_aes.obj
c:\build\dep\mysqllite\libmysql.dir\debug\my_alloc.obj
c:\build\dep\mysqllite\libmysql.dir\debug\my_atomic.obj
c:\build\dep\mysqllite\libmysql.dir\debug\my_bit.obj
c:\build\dep\mysqllite\libmysql.dir\debug\my_bitmap.obj
c:\build\dep\mysqllite\libmysql.dir\debug\my_chsize.obj
c:\build\dep\mysqllite\libmysql.dir\debug\my_compress.obj
c:\build\dep\mysqllite\libmysql.dir\debug\my_conio.obj
c:\build\dep\mysqllite\libmysql.dir\debug\my_copy.obj
c:\build\dep\mysqllite\libmysql.dir\debug\my_create.obj
c:\build\dep\mysqllite\libmysql.dir\debug\my_delete.obj
c:\build\dep\mysqllite\libmysql.dir\debug\my_div.obj
c:\build\dep\mysqllite\libmysql.dir\debug\my_error.obj
c:\build\dep\mysqllite\libmysql.dir\debug\my_file.obj
c:\build\dep\mysqllite\libmysql.dir\debug\my_fopen.obj
c:\build\dep\mysqllite\libmysql.dir\debug\my_fstream.obj
c:\build\dep\mysqllite\libmysql.dir\debug\my_gethostbyname.obj
c:\build\dep\mysqllite\libmysql.dir\debug\my_gethwaddr.obj
c:\build\dep\mysqllite\libmysql.dir\debug\my_getncpus.obj
c:\build\dep\mysqllite\libmysql.dir\debug\my_getopt.obj
c:\build\dep\mysqllite\libmysql.dir\debug\my_getpagesize.obj
c:\build\dep\mysqllite\libmysql.dir\debug\my_getsystime.obj
c:\build\dep\mysqllite\libmysql.dir\debug\my_getwd.obj
c:\build\dep\mysqllite\libmysql.dir\debug\my_handler.obj
c:\build\dep\mysqllite\libmysql.dir\debug\my_init.obj
c:\build\dep\mysqllite\libmysql.dir\debug\my_lib.obj
c:\build\dep\mysqllite\libmysql.dir\debug\my_lock.obj
c:\build\dep\mysqllite\libmysql.dir\debug\my_malloc.obj
c:\build\dep\mysqllite\libmysql.dir\debug\my_memmem.obj
c:\build\dep\mysqllite\libmysql.dir\debug\my_mess.obj
c:\build\dep\mysqllite\libmysql.dir\debug\my_mkdir.obj
c:\build\dep\mysqllite\libmysql.dir\debug\my_mmap.obj
c:\build\dep\mysqllite\libmysql.dir\debug\my_once.obj
c:\build\dep\mysqllite\libmysql.dir\debug\my_open.obj
c:\build\dep\mysqllite\libmysql.dir\debug\my_pread.obj
c:\build\dep\mysqllite\libmysql.dir\debug\my_pthread.obj
c:\build\dep\mysqllite\libmysql.dir\debug\my_quick.obj
c:\build\dep\mysqllite\libmysql.dir\debug\my_rdtsc.obj
c:\build\dep\mysqllite\libmysql.dir\debug\my_read.obj
c:\build\dep\mysqllite\libmysql.dir\debug\my_redel.obj
c:\build\dep\mysqllite\libmysql.dir\debug\my_rename.obj
c:\build\dep\mysqllite\libmysql.dir\debug\my_seek.obj
c:\build\dep\mysqllite\libmysql.dir\debug\my_sleep.obj
c:\build\dep\mysqllite\libmysql.dir\debug\my_static.obj
c:\build\dep\mysqllite\libmysql.dir\debug\my_strchr.obj
c:\build\dep\mysqllite\libmysql.dir\debug\my_strtoll10.obj
c:\build\dep\mysqllite\libmysql.dir\debug\my_symlink.obj
c:\build\dep\mysqllite\libmysql.dir\debug\my_symlink2.obj
c:\build\dep\mysqllite\libmysql.dir\debug\my_sync.obj
c:\build\dep\mysqllite\libmysql.dir\debug\my_thr_init.obj
c:\build\dep\mysqllite\libmysql.dir\debug\my_time.obj
c:\build\dep\mysqllite\libmysql.dir\debug\my_vsnprintf.obj
c:\build\dep\mysqllite\libmysql.dir\debug\my_wincond.obj
c:\build\dep\mysqllite\libmysql.dir\debug\my_windac.obj
c:\build\dep\mysqllite\libmysql.dir\debug\my_winerr.obj
c:\build\dep\mysqllite\libmysql.dir\debug\my_winfile.obj
c:\build\dep\mysqllite\libmysql.dir\debug\my_winthread.obj
c:\build\dep\mysqllite\libmysql.dir\debug\my_write.obj
c:\build\dep\mysqllite\libmysql.dir\debug\pack.obj
c:\build\dep\mysqllite\libmysql.dir\debug\password.obj
c:\build\dep\mysqllite\libmysql.dir\debug\ptr_cmp.obj
c:\build\dep\mysqllite\libmysql.dir\debug\queues.obj
c:\build\dep\mysqllite\libmysql.dir\debug\rijndael.obj
c:\build\dep\mysqllite\libmysql.dir\debug\sha1.obj
c:\build\dep\mysqllite\libmysql.dir\debug\stacktrace.obj
c:\build\dep\mysqllite\libmysql.dir\debug\str2int.obj
c:\build\dep\mysqllite\libmysql.dir\debug\strappend.obj
c:\build\dep\mysqllite\libmysql.dir\debug\strcend.obj
c:\build\dep\mysqllite\libmysql.dir\debug\strcont.obj
c:\build\dep\mysqllite\libmysql.dir\debug\strend.obj
c:\build\dep\mysqllite\libmysql.dir\debug\strfill.obj
c:\build\dep\mysqllite\libmysql.dir\debug\string.obj
c:\build\dep\mysqllite\libmysql.dir\debug\strmake.obj
c:\build\dep\mysqllite\libmysql.dir\debug\strmov.obj
c:\build\dep\mysqllite\libmysql.dir\debug\strnmov.obj
c:\build\dep\mysqllite\libmysql.dir\debug\strxmov.obj
c:\build\dep\mysqllite\libmysql.dir\debug\strxnmov.obj
c:\build\dep\mysqllite\libmysql.dir\debug\str_alloc.obj
c:\build\dep\mysqllite\libmysql.dir\debug\thr_alarm.obj
c:\build\dep\mysqllite\libmysql.dir\debug\thr_lock.obj
c:\build\dep\mysqllite\libmysql.dir\debug\thr_mutex.obj
c:\build\dep\mysqllite\libmysql.dir\debug\thr_rwlock.obj
c:\build\dep\mysqllite\libmysql.dir\debug\tree.obj
c:\build\dep\mysqllite\libmysql.dir\debug\typelib.obj
c:\build\dep\mysqllite\libmysql.dir\debug\vio.obj
c:\build\dep\mysqllite\libmysql.dir\debug\viosocket.obj
c:\build\dep\mysqllite\libmysql.dir\debug\viossl.obj
c:\build\dep\mysqllite\libmysql.dir\debug\viosslfactories.obj
c:\build\dep\mysqllite\libmysql.dir\debug\xml.obj
c:\build\dep\mysqllite\libmysql.dir\debug\libmysql.tlog\cl.command.1.tlog
c:\build\dep\mysqllite\libmysql.dir\debug\libmysql.tlog\cl.read.1.tlog
c:\build\dep\mysqllite\libmysql.dir\debug\libmysql.tlog\cl.write.1.tlog
c:\build\dep\mysqllite\libmysql.dir\debug\libmysql.tlog\custombuild.command.1.tlog
c:\build\dep\mysqllite\libmysql.dir\debug\libmysql.tlog\custombuild.read.1.tlog
c:\build\dep\mysqllite\libmysql.dir\debug\libmysql.tlog\custombuild.write.1.tlog
c:\build\dep\mysqllite\libmysql.dir\debug\libmysql.tlog\libmysql.write.1u.tlog
c:\build\dep\mysqllite\libmysql.dir\debug\libmysql.tlog\link.command.1.tlog
c:\build\dep\mysqllite\libmysql.dir\debug\libmysql.tlog\link.read.1.tlog
c:\build\dep\mysqllite\libmysql.dir\debug\libmysql.tlog\link.write.1.tlog
c:\build\dep\mysqllite\libmysql.dir\debug\libmysql.tlog\rc.command.1.tlog
c:\build\dep\mysqllite\libmysql.dir\debug\libmysql.tlog\rc.read.1.tlog
c:\build\dep\mysqllite\libmysql.dir\debug\libmysql.tlog\rc.write.1.tlog
