c:\build\dep\g3dlite\cmakefiles\generate.stamp
c:\build\dep\g3dlite\release\g3dlib.lib
c:\build\dep\g3dlite\g3dlib.dir\release\aabox.obj
c:\build\dep\g3dlite\g3dlib.dir\release\any.obj
c:\build\dep\g3dlite\g3dlib.dir\release\binaryformat.obj
c:\build\dep\g3dlite\g3dlib.dir\release\binaryinput.obj
c:\build\dep\g3dlite\g3dlib.dir\release\binaryoutput.obj
c:\build\dep\g3dlite\g3dlib.dir\release\box.obj
c:\build\dep\g3dlite\g3dlib.dir\release\capsule.obj
c:\build\dep\g3dlite\g3dlib.dir\release\collisiondetection.obj
c:\build\dep\g3dlite\g3dlib.dir\release\coordinateframe.obj
c:\build\dep\g3dlite\g3dlib.dir\release\crypto.obj
c:\build\dep\g3dlite\g3dlib.dir\release\cylinder.obj
c:\build\dep\g3dlite\g3dlib.dir\release\debugassert.obj
c:\build\dep\g3dlite\g3dlib.dir\release\filesystem.obj
c:\build\dep\g3dlite\g3dlib.dir\release\fileutils.obj
c:\build\dep\g3dlite\g3dlib.dir\release\format.obj
c:\build\dep\g3dlite\g3dlib.dir\release\g3dfnmatch.obj
c:\build\dep\g3dlite\g3dlib.dir\release\g3dmath.obj
c:\build\dep\g3dlite\g3dlib.dir\release\line.obj
c:\build\dep\g3dlite\g3dlib.dir\release\linesegment.obj
c:\build\dep\g3dlite\g3dlib.dir\release\log.obj
c:\build\dep\g3dlite\g3dlib.dir\release\matrix3.obj
c:\build\dep\g3dlite\g3dlib.dir\release\matrix4.obj
c:\build\dep\g3dlite\g3dlib.dir\release\memorymanager.obj
c:\build\dep\g3dlite\g3dlib.dir\release\physicsframe.obj
c:\build\dep\g3dlite\g3dlib.dir\release\plane.obj
c:\build\dep\g3dlite\g3dlib.dir\release\prompt.obj
c:\build\dep\g3dlite\g3dlib.dir\release\quat.obj
c:\build\dep\g3dlite\g3dlib.dir\release\random.obj
c:\build\dep\g3dlite\g3dlib.dir\release\ray.obj
c:\build\dep\g3dlite\g3dlib.dir\release\referencecount.obj
c:\build\dep\g3dlite\g3dlib.dir\release\registryutil.obj
c:\build\dep\g3dlite\g3dlib.dir\release\sphere.obj
c:\build\dep\g3dlite\g3dlib.dir\release\stringutils.obj
c:\build\dep\g3dlite\g3dlib.dir\release\system.obj
c:\build\dep\g3dlite\g3dlib.dir\release\textinput.obj
c:\build\dep\g3dlite\g3dlib.dir\release\textoutput.obj
c:\build\dep\g3dlite\g3dlib.dir\release\triangle.obj
c:\build\dep\g3dlite\g3dlib.dir\release\uint128.obj
c:\build\dep\g3dlite\g3dlib.dir\release\uprightframe.obj
c:\build\dep\g3dlite\g3dlib.dir\release\vector2.obj
c:\build\dep\g3dlite\g3dlib.dir\release\vector3.obj
c:\build\dep\g3dlite\g3dlib.dir\release\vector4.obj
c:\build\dep\g3dlite\g3dlib.dir\release\g3dlib.tlog\cl.command.1.tlog
c:\build\dep\g3dlite\g3dlib.dir\release\g3dlib.tlog\cl.read.1.tlog
c:\build\dep\g3dlite\g3dlib.dir\release\g3dlib.tlog\custombuild.command.1.tlog
c:\build\dep\g3dlite\g3dlib.dir\release\g3dlib.tlog\custombuild.read.1.tlog
c:\build\dep\g3dlite\g3dlib.dir\release\g3dlib.tlog\custombuild.write.1.tlog
c:\build\dep\g3dlite\g3dlib.dir\release\g3dlib.tlog\lib-link.read.1.tlog
c:\build\dep\g3dlite\g3dlib.dir\release\g3dlib.tlog\lib-link.write.1.tlog
c:\build\dep\g3dlite\g3dlib.dir\release\g3dlib.tlog\lib.command.1.tlog
