c:\build\dep\acelite\ace\release\ace.lib
c:\build\dep\acelite\ace\release\ace.exp
c:\build\dep\acelite\ace\ace.dir\release\ace.pch
c:\build\dep\acelite\ace\ace.dir\release\winacepch.obj
c:\build\dep\acelite\ace\ace.dir\release\ace_crc32.obj
c:\build\dep\acelite\ace\ace.dir\release\asynch_io.obj
c:\build\dep\acelite\ace\ace.dir\release\codeset_registry_db.obj
c:\build\dep\acelite\ace\ace.dir\release\condition_thread_mutex.obj
c:\build\dep\acelite\ace\ace.dir\release\connection_recycling_strategy.obj
c:\build\dep\acelite\ace\ace.dir\release\date_time.obj
c:\build\dep\acelite\ace\ace.dir\release\dev_connector.obj
c:\build\dep\acelite\ace\ace.dir\release\dll.obj
c:\build\dep\acelite\ace\ace.dir\release\encoding_converter.obj
c:\build\dep\acelite\ace\ace.dir\release\event.obj
c:\build\dep\acelite\ace\ace.dir\release\fifo.obj
c:\build\dep\acelite\ace\ace.dir\release\filecache.obj
c:\build\dep\acelite\ace\ace.dir\release\inet_addr.obj
c:\build\dep\acelite\ace\ace.dir\release\local_memory_pool.obj
c:\build\dep\acelite\ace\ace.dir\release\log_msg.obj
c:\build\dep\acelite\ace\ace.dir\release\message_queue_vx.obj
c:\build\dep\acelite\ace\ace.dir\release\mmap_memory_pool.obj
c:\build\dep\acelite\ace\ace.dir\release\monitor_point_registry.obj
c:\build\dep\acelite\ace\ace.dir\release\name_space.obj
c:\build\dep\acelite\ace\ace.dir\release\notification_strategy.obj
c:\build\dep\acelite\ace\ace.dir\release\os_errno.obj
c:\build\dep\acelite\ace\ace.dir\release\os_main.obj
c:\build\dep\acelite\ace\ace.dir\release\os_ns_dlfcn.obj
c:\build\dep\acelite\ace\ace.dir\release\os_ns_pwd.obj
c:\build\dep\acelite\ace\ace.dir\release\os_ns_stropts.obj
c:\build\dep\acelite\ace\ace.dir\release\os_ns_sys_uio.obj
c:\build\dep\acelite\ace\ace.dir\release\os_thread_adapter.obj
c:\build\dep\acelite\ace\ace.dir\release\parse_node.obj
c:\build\dep\acelite\ace\ace.dir\release\process_semaphore.obj
c:\build\dep\acelite\ace\ace.dir\release\reactor_timer_interface.obj
c:\build\dep\acelite\ace\ace.dir\release\registry_name_space.obj
c:\build\dep\acelite\ace\ace.dir\release\rtems_init.obj
c:\build\dep\acelite\ace\ace.dir\release\sched_params.obj
c:\build\dep\acelite\ace\ace.dir\release\service_manager.obj
c:\build\dep\acelite\ace\ace.dir\release\shared_memory.obj
c:\build\dep\acelite\ace\ace.dir\release\shared_memory_pool.obj
c:\build\dep\acelite\ace\ace.dir\release\sig_adapter.obj
c:\build\dep\acelite\ace\ace.dir\release\signal.obj
c:\build\dep\acelite\ace\ace.dir\release\sock_codgram.obj
c:\build\dep\acelite\ace\ace.dir\release\sock_dgram_mcast.obj
c:\build\dep\acelite\ace\ace.dir\release\spipe_stream.obj
c:\build\dep\acelite\ace\ace.dir\release\stats.obj
c:\build\dep\acelite\ace\ace.dir\release\sv_message_queue.obj
c:\build\dep\acelite\ace\ace.dir\release\svc_conf_lexer.obj
c:\build\dep\acelite\ace\ace.dir\release\time_policy.obj
c:\build\dep\acelite\ace\ace.dir\release\tli_connector.obj
c:\build\dep\acelite\ace\ace.dir\release\token_collection.obj
c:\build\dep\acelite\ace\ace.dir\release\tss_adapter.obj
c:\build\dep\acelite\ace\ace.dir\release\upipe_stream.obj
c:\build\dep\acelite\ace\ace.dir\release\wfmo_reactor.obj
c:\build\dep\acelite\ace\ace.dir\release\addr.obj
c:\build\dep\acelite\ace\ace.dir\release\auto_event.obj
c:\build\dep\acelite\ace\ace.dir\release\codeset_ibm1047.obj
c:\build\dep\acelite\ace\ace.dir\release\codeset_registry.obj
c:\build\dep\acelite\ace\ace.dir\release\dynamic.obj
c:\build\dep\acelite\ace\ace.dir\release\encoding_converter_factory.obj
c:\build\dep\acelite\ace\ace.dir\release\fifo_recv_msg.obj
c:\build\dep\acelite\ace\ace.dir\release\file_lock.obj
c:\build\dep\acelite\ace\ace.dir\release\framework_component.obj
c:\build\dep\acelite\ace\ace.dir\release\hashable.obj
c:\build\dep\acelite\ace\ace.dir\release\init_ace.obj
c:\build\dep\acelite\ace\ace.dir\release\local_name_space.obj
c:\build\dep\acelite\ace\ace.dir\release\log_msg_ipc.obj
c:\build\dep\acelite\ace\ace.dir\release\lsock_dgram.obj
c:\build\dep\acelite\ace\ace.dir\release\malloc.obj
c:\build\dep\acelite\ace\ace.dir\release\manual_event.obj
c:\build\dep\acelite\ace\ace.dir\release\mem_connector.obj
c:\build\dep\acelite\ace\ace.dir\release\message_queue.obj
c:\build\dep\acelite\ace\ace.dir\release\monitor_admin.obj
c:\build\dep\acelite\ace\ace.dir\release\monitor_size.obj
c:\build\dep\acelite\ace\ace.dir\release\mutex.obj
c:\build\dep\acelite\ace\ace.dir\release\netlink_addr.obj
c:\build\dep\acelite\ace\ace.dir\release\object_manager.obj
c:\build\dep\acelite\ace\ace.dir\release\os_ns_errno.obj
c:\build\dep\acelite\ace\ace.dir\release\os_ns_poll.obj
c:\build\dep\acelite\ace\ace.dir\release\os_ns_signal.obj
c:\build\dep\acelite\ace\ace.dir\release\os_ns_sys_mman.obj
c:\build\dep\acelite\ace\ace.dir\release\os_ns_sys_sendfile.obj
c:\build\dep\acelite\ace\ace.dir\release\os_ns_wchar.obj
c:\build\dep\acelite\ace\ace.dir\release\pagefile_memory_pool.obj
c:\build\dep\acelite\ace\ace.dir\release\posix_proactor.obj
c:\build\dep\acelite\ace\ace.dir\release\proactor_impl.obj
c:\build\dep\acelite\ace\ace.dir\release\process_mutex.obj
c:\build\dep\acelite\ace\ace.dir\release\profile_timer.obj
c:\build\dep\acelite\ace\ace.dir\release\reactor_notification_strategy.obj
c:\build\dep\acelite\ace\ace.dir\release\recursive_thread_mutex.obj
c:\build\dep\acelite\ace\ace.dir\release\remote_name_space.obj
c:\build\dep\acelite\ace\ace.dir\release\sbrk_memory_pool.obj
c:\build\dep\acelite\ace\ace.dir\release\service_object.obj
c:\build\dep\acelite\ace\ace.dir\release\service_types.obj
c:\build\dep\acelite\ace\ace.dir\release\sock.obj
c:\build\dep\acelite\ace\ace.dir\release\sock_acceptor.obj
c:\build\dep\acelite\ace\ace.dir\release\sock_io.obj
c:\build\dep\acelite\ace\ace.dir\release\sock_seqpack_acceptor.obj
c:\build\dep\acelite\ace\ace.dir\release\sv_message.obj
c:\build\dep\acelite\ace\ace.dir\release\svc_conf_y.obj
c:\build\dep\acelite\ace\ace.dir\release\thread_mutex.obj
c:\build\dep\acelite\ace\ace.dir\release\timeprobe.obj
c:\build\dep\acelite\ace\ace.dir\release\token.obj
c:\build\dep\acelite\ace\ace.dir\release\utf16_encoding_converter.obj
c:\build\dep\acelite\ace\ace.dir\release\utf32_encoding_converter.obj
c:\build\dep\acelite\ace\ace.dir\release\xml_svc_conf.obj
c:\build\dep\acelite\ace\ace.dir\release\active_map_manager.obj
c:\build\dep\acelite\ace\ace.dir\release\atm_addr.obj
c:\build\dep\acelite\ace\ace.dir\release\atm_params.obj
c:\build\dep\acelite\ace\ace.dir\release\atm_stream.obj
c:\build\dep\acelite\ace\ace.dir\release\barrier.obj
c:\build\dep\acelite\ace\ace.dir\release\capabilities.obj
c:\build\dep\acelite\ace\ace.dir\release\codecs.obj
c:\build\dep\acelite\ace\ace.dir\release\condition_recursive_thread_mutex.obj
c:\build\dep\acelite\ace\ace.dir\release\configuration_import_export.obj
c:\build\dep\acelite\ace\ace.dir\release\dirent.obj
c:\build\dep\acelite\ace\ace.dir\release\dynamic_service_dependency.obj
c:\build\dep\acelite\ace\ace.dir\release\event_handler_handle_timeout_upcall.obj
c:\build\dep\acelite\ace\ace.dir\release\fifo_send_msg.obj
c:\build\dep\acelite\ace\ace.dir\release\file_io.obj
c:\build\dep\acelite\ace\ace.dir\release\functor.obj
c:\build\dep\acelite\ace\ace.dir\release\handle_set.obj
c:\build\dep\acelite\ace\ace.dir\release\io_cntl_msg.obj
c:\build\dep\acelite\ace\ace.dir\release\local_tokens.obj
c:\build\dep\acelite\ace\ace.dir\release\lsock_acceptor.obj
c:\build\dep\acelite\ace\ace.dir\release\lsock_codgram.obj
c:\build\dep\acelite\ace\ace.dir\release\lsock_stream.obj
c:\build\dep\acelite\ace\ace.dir\release\mem_acceptor.obj
c:\build\dep\acelite\ace\ace.dir\release\mem_sap.obj
c:\build\dep\acelite\ace\ace.dir\release\monitor_control_action.obj
c:\build\dep\acelite\ace\ace.dir\release\multihomed_inet_addr.obj
c:\build\dep\acelite\ace\ace.dir\release\notification_queue.obj
c:\build\dep\acelite\ace\ace.dir\release\os_log_msg_attributes.obj
c:\build\dep\acelite\ace\ace.dir\release\os_ns_ctype.obj
c:\build\dep\acelite\ace\ace.dir\release\os_ns_math.obj
c:\build\dep\acelite\ace\ace.dir\release\os_ns_netdb.obj
c:\build\dep\acelite\ace\ace.dir\release\os_ns_sys_socket.obj
c:\build\dep\acelite\ace\ace.dir\release\os_ns_time.obj
c:\build\dep\acelite\ace\ace.dir\release\os_qos.obj
c:\build\dep\acelite\ace\ace.dir\release\pi_malloc.obj
c:\build\dep\acelite\ace\ace.dir\release\priority_reactor.obj
c:\build\dep\acelite\ace\ace.dir\release\recyclable.obj
c:\build\dep\acelite\ace\ace.dir\release\remote_tokens.obj
c:\build\dep\acelite\ace\ace.dir\release\rw_process_mutex.obj
c:\build\dep\acelite\ace\ace.dir\release\semaphore.obj
c:\build\dep\acelite\ace\ace.dir\release\service_repository.obj
c:\build\dep\acelite\ace\ace.dir\release\shared_memory_sv.obj
c:\build\dep\acelite\ace\ace.dir\release\sock_dgram.obj
c:\build\dep\acelite\ace\ace.dir\release\sock_seqpack_association.obj
c:\build\dep\acelite\ace\ace.dir\release\sstring.obj
c:\build\dep\acelite\ace\ace.dir\release\system_time.obj
c:\build\dep\acelite\ace\ace.dir\release\thread_hook.obj
c:\build\dep\acelite\ace\ace.dir\release\thread_semaphore.obj
c:\build\dep\acelite\ace\ace.dir\release\tli.obj
c:\build\dep\acelite\ace\ace.dir\release\tli_stream.obj
c:\build\dep\acelite\ace\ace.dir\release\trace.obj
c:\build\dep\acelite\ace\ace.dir\release\upipe_acceptor.obj
c:\build\dep\acelite\ace\ace.dir\release\utf8_encoding_converter.obj
c:\build\dep\acelite\ace\ace.dir\release\win32_proactor.obj
c:\build\dep\acelite\ace\ace.dir\release\ace.obj
c:\build\dep\acelite\ace\ace.dir\release\asynch_io_impl.obj
c:\build\dep\acelite\ace\ace.dir\release\atm_connector.obj
c:\build\dep\acelite\ace\ace.dir\release\atomic_op.obj
c:\build\dep\acelite\ace\ace.dir\release\base_thread_adapter.obj
c:\build\dep\acelite\ace\ace.dir\release\basic_types.obj
c:\build\dep\acelite\ace\ace.dir\release\cdr_base.obj
c:\build\dep\acelite\ace\ace.dir\release\cdr_stream.obj
c:\build\dep\acelite\ace\ace.dir\release\containers.obj
c:\build\dep\acelite\ace\ace.dir\release\copy_disabled.obj
c:\build\dep\acelite\ace\ace.dir\release\dev.obj
c:\build\dep\acelite\ace\ace.dir\release\dev_io.obj
c:\build\dep\acelite\ace\ace.dir\release\dll_manager.obj
c:\build\dep\acelite\ace\ace.dir\release\fifo_recv.obj
c:\build\dep\acelite\ace\ace.dir\release\file_connector.obj
c:\build\dep\acelite\ace\ace.dir\release\functor_string.obj
c:\build\dep\acelite\ace\ace.dir\release\handle_ops.obj
c:\build\dep\acelite\ace\ace.dir\release\high_res_timer.obj
c:\build\dep\acelite\ace\ace.dir\release\ipc_sap.obj
c:\build\dep\acelite\ace\ace.dir\release\lock.obj
c:\build\dep\acelite\ace\ace.dir\release\log_msg_callback.obj
c:\build\dep\acelite\ace\ace.dir\release\log_record.obj
c:\build\dep\acelite\ace\ace.dir\release\mem_stream.obj
c:\build\dep\acelite\ace\ace.dir\release\monitor_base.obj
c:\build\dep\acelite\ace\ace.dir\release\obchunk.obj
c:\build\dep\acelite\ace\ace.dir\release\object_manager_base.obj
c:\build\dep\acelite\ace\ace.dir\release\os_ns_dirent.obj
c:\build\dep\acelite\ace\ace.dir\release\os_ns_regex.obj
c:\build\dep\acelite\ace\ace.dir\release\os_ns_stdlib.obj
c:\build\dep\acelite\ace\ace.dir\release\os_ns_sys_resource.obj
c:\build\dep\acelite\ace\ace.dir\release\os_ns_sys_stat.obj
c:\build\dep\acelite\ace\ace.dir\release\os_ns_sys_wait.obj
c:\build\dep\acelite\ace\ace.dir\release\os_tli.obj
c:\build\dep\acelite\ace\ace.dir\release\ping_socket.obj
c:\build\dep\acelite\ace\ace.dir\release\process_manager.obj
c:\build\dep\acelite\ace\ace.dir\release\reactor_impl.obj
c:\build\dep\acelite\ace\ace.dir\release\read_buffer.obj
c:\build\dep\acelite\ace\ace.dir\release\rw_mutex.obj
c:\build\dep\acelite\ace\ace.dir\release\select_reactor_base.obj
c:\build\dep\acelite\ace\ace.dir\release\shared_memory_mm.obj
c:\build\dep\acelite\ace\ace.dir\release\shared_object.obj
c:\build\dep\acelite\ace\ace.dir\release\sig_handler.obj
c:\build\dep\acelite\ace\ace.dir\release\sock_dgram_bcast.obj
c:\build\dep\acelite\ace\ace.dir\release\sock_netlink.obj
c:\build\dep\acelite\ace\ace.dir\release\spipe.obj
c:\build\dep\acelite\ace\ace.dir\release\spipe_addr.obj
c:\build\dep\acelite\ace\ace.dir\release\stack_trace.obj
c:\build\dep\acelite\ace\ace.dir\release\sv_semaphore_complex.obj
c:\build\dep\acelite\ace\ace.dir\release\thread.obj
c:\build\dep\acelite\ace\ace.dir\release\thread_exit.obj
c:\build\dep\acelite\ace\ace.dir\release\time_value.obj
c:\build\dep\acelite\ace\ace.dir\release\unix_addr.obj
c:\build\dep\acelite\ace\ace.dir\release\upipe_connector.obj
c:\build\dep\acelite\ace\ace.dir\release\uuid.obj
c:\build\dep\acelite\ace\ace.dir\release\xti_atm_mcast.obj
c:\build\dep\acelite\ace\ace.dir\release\ace_crc_ccitt.obj
c:\build\dep\acelite\ace\ace.dir\release\argv_type_converter.obj
c:\build\dep\acelite\ace\ace.dir\release\atm_acceptor.obj
c:\build\dep\acelite\ace\ace.dir\release\atm_qos.obj
c:\build\dep\acelite\ace\ace.dir\release\atomic_op_sparc.obj
c:\build\dep\acelite\ace\ace.dir\release\basic_stats.obj
c:\build\dep\acelite\ace\ace.dir\release\cleanup.obj
c:\build\dep\acelite\ace\ace.dir\release\dev_addr.obj
c:\build\dep\acelite\ace\ace.dir\release\dev_poll_reactor.obj
c:\build\dep\acelite\ace\ace.dir\release\dirent_selector.obj
c:\build\dep\acelite\ace\ace.dir\release\dynamic_message_strategy.obj
c:\build\dep\acelite\ace\ace.dir\release\event_handler.obj
c:\build\dep\acelite\ace\ace.dir\release\file.obj
c:\build\dep\acelite\ace\ace.dir\release\io_sap.obj
c:\build\dep\acelite\ace\ace.dir\release\lib_find.obj
c:\build\dep\acelite\ace\ace.dir\release\log_msg_backend.obj
c:\build\dep\acelite\ace\ace.dir\release\log_msg_unix_syslog.obj
c:\build\dep\acelite\ace\ace.dir\release\lsock.obj
c:\build\dep\acelite\ace\ace.dir\release\lsock_connector.obj
c:\build\dep\acelite\ace\ace.dir\release\malloc_allocator.obj
c:\build\dep\acelite\ace\ace.dir\release\mem_io.obj
c:\build\dep\acelite\ace\ace.dir\release\method_request.obj
c:\build\dep\acelite\ace\ace.dir\release\monitor_control_types.obj
c:\build\dep\acelite\ace\ace.dir\release\name_request_reply.obj
c:\build\dep\acelite\ace\ace.dir\release\nt_service.obj
c:\build\dep\acelite\ace\ace.dir\release\os_ns_arpa_inet.obj
c:\build\dep\acelite\ace\ace.dir\release\os_ns_fcntl.obj
c:\build\dep\acelite\ace\ace.dir\release\os_ns_stdio.obj
c:\build\dep\acelite\ace\ace.dir\release\os_ns_string.obj
c:\build\dep\acelite\ace\ace.dir\release\os_ns_sys_msg.obj
c:\build\dep\acelite\ace\ace.dir\release\os_ns_sys_shm.obj
c:\build\dep\acelite\ace\ace.dir\release\os_ns_thread.obj
c:\build\dep\acelite\ace\ace.dir\release\pipe.obj
c:\build\dep\acelite\ace\ace.dir\release\process.obj
c:\build\dep\acelite\ace\ace.dir\release\reactor.obj
c:\build\dep\acelite\ace\ace.dir\release\registry.obj
c:\build\dep\acelite\ace\ace.dir\release\service_config.obj
c:\build\dep\acelite\ace\ace.dir\release\sock_connect.obj
c:\build\dep\acelite\ace\ace.dir\release\sock_stream.obj
c:\build\dep\acelite\ace\ace.dir\release\spipe_acceptor.obj
c:\build\dep\acelite\ace\ace.dir\release\string_base_const.obj
c:\build\dep\acelite\ace\ace.dir\release\sv_semaphore_simple.obj
c:\build\dep\acelite\ace\ace.dir\release\task.obj
c:\build\dep\acelite\ace\ace.dir\release\thread_control.obj
c:\build\dep\acelite\ace\ace.dir\release\throughput_stats.obj
c:\build\dep\acelite\ace\ace.dir\release\tli_acceptor.obj
c:\build\dep\acelite\ace\ace.dir\release\token_manager.obj
c:\build\dep\acelite\ace\ace.dir\release\tp_reactor.obj
c:\build\dep\acelite\ace\ace.dir\release\ace_wchar.obj
c:\build\dep\acelite\ace\ace.dir\release\activation_queue.obj
c:\build\dep\acelite\ace\ace.dir\release\assert.obj
c:\build\dep\acelite\ace\ace.dir\release\asynch_pseudo_task.obj
c:\build\dep\acelite\ace\ace.dir\release\based_pointer_repository.obj
c:\build\dep\acelite\ace\ace.dir\release\cdr_size.obj
c:\build\dep\acelite\ace\ace.dir\release\condition_attributes.obj
c:\build\dep\acelite\ace\ace.dir\release\configuration.obj
c:\build\dep\acelite\ace\ace.dir\release\dump.obj
c:\build\dep\acelite\ace\ace.dir\release\dynamic_service_base.obj
c:\build\dep\acelite\ace\ace.dir\release\fifo_send.obj
c:\build\dep\acelite\ace\ace.dir\release\file_addr.obj
c:\build\dep\acelite\ace\ace.dir\release\flag_manip.obj
c:\build\dep\acelite\ace\ace.dir\release\get_opt.obj
c:\build\dep\acelite\ace\ace.dir\release\icmp_socket.obj
c:\build\dep\acelite\ace\ace.dir\release\iostream.obj
c:\build\dep\acelite\ace\ace.dir\release\log_msg_nt_event_log.obj
c:\build\dep\acelite\ace\ace.dir\release\logging_strategy.obj
c:\build\dep\acelite\ace\ace.dir\release\mem_addr.obj
c:\build\dep\acelite\ace\ace.dir\release\mem_map.obj
c:\build\dep\acelite\ace\ace.dir\release\message_block.obj
c:\build\dep\acelite\ace\ace.dir\release\message_queue_nt.obj
c:\build\dep\acelite\ace\ace.dir\release\monitor_admin_manager.obj
c:\build\dep\acelite\ace\ace.dir\release\msg_wfmo_reactor.obj
c:\build\dep\acelite\ace\ace.dir\release\name_proxy.obj
c:\build\dep\acelite\ace\ace.dir\release\naming_context.obj
c:\build\dep\acelite\ace\ace.dir\release\os_ns_strings.obj
c:\build\dep\acelite\ace\ace.dir\release\os_ns_sys_select.obj
c:\build\dep\acelite\ace\ace.dir\release\os_ns_sys_time.obj
c:\build\dep\acelite\ace\ace.dir\release\os_ns_sys_utsname.obj
c:\build\dep\acelite\ace\ace.dir\release\os_ns_unistd.obj
c:\build\dep\acelite\ace\ace.dir\release\posix_asynch_io.obj
c:\build\dep\acelite\ace\ace.dir\release\posix_cb_proactor.obj
c:\build\dep\acelite\ace\ace.dir\release\proactor.obj
c:\build\dep\acelite\ace\ace.dir\release\rw_thread_mutex.obj
c:\build\dep\acelite\ace\ace.dir\release\sample_history.obj
c:\build\dep\acelite\ace\ace.dir\release\service_gestalt.obj
c:\build\dep\acelite\ace\ace.dir\release\sock_connector.obj
c:\build\dep\acelite\ace\ace.dir\release\sock_seqpack_connector.obj
c:\build\dep\acelite\ace\ace.dir\release\spipe_connector.obj
c:\build\dep\acelite\ace\ace.dir\release\sun_proactor.obj
c:\build\dep\acelite\ace\ace.dir\release\sv_shared_memory.obj
c:\build\dep\acelite\ace\ace.dir\release\synch_options.obj
c:\build\dep\acelite\ace\ace.dir\release\thread_adapter.obj
c:\build\dep\acelite\ace\ace.dir\release\thread_manager.obj
c:\build\dep\acelite\ace\ace.dir\release\token_invariants.obj
c:\build\dep\acelite\ace\ace.dir\release\token_request_reply.obj
c:\build\dep\acelite\ace\ace.dir\release\tty_io.obj
c:\build\dep\acelite\ace\ace.dir\release\win32_asynch_io.obj
c:\build\dep\acelite\ace\cmakefiles\generate.stamp
c:\build\bin\release\ace.dll
c:\build\dep\acelite\ace\ace.dir\release\ace.tlog\ace.write.1u.tlog
c:\build\dep\acelite\ace\ace.dir\release\ace.tlog\cl.command.1.tlog
c:\build\dep\acelite\ace\ace.dir\release\ace.tlog\cl.read.1.tlog
c:\build\dep\acelite\ace\ace.dir\release\ace.tlog\cl.write.1.tlog
c:\build\dep\acelite\ace\ace.dir\release\ace.tlog\custombuild.command.1.tlog
c:\build\dep\acelite\ace\ace.dir\release\ace.tlog\custombuild.read.1.tlog
c:\build\dep\acelite\ace\ace.dir\release\ace.tlog\custombuild.write.1.tlog
c:\build\dep\acelite\ace\ace.dir\release\ace.tlog\link.command.1.tlog
c:\build\dep\acelite\ace\ace.dir\release\ace.tlog\link.read.1.tlog
c:\build\dep\acelite\ace\ace.dir\release\ace.tlog\link.write.1.tlog
