c:\build\src\server\worldserver\worldserver.dir\release\worldserver.pch
c:\build\src\server\worldserver\worldserver.dir\release\worldpch.obj
c:\build\src\server\worldserver\worldserver.dir\release\worldrunnable.obj
c:\build\src\server\worldserver\worldserver.dir\release\rasocket.obj
c:\build\src\server\worldserver\worldserver.dir\release\clirunnable.obj
c:\build\src\server\worldserver\worldserver.dir\release\rarunnable.obj
c:\build\src\server\worldserver\worldserver.dir\release\wheatyexceptionreport.obj
c:\build\src\server\worldserver\worldserver.dir\release\main.obj
c:\build\src\server\worldserver\worldserver.dir\release\master.obj
c:\build\src\server\worldserver\worldserver.dir\release\tcsoap.obj
c:\build\src\server\worldserver\cmakefiles\generate.stamp
c:\build\bin\release\worldserver.exe
c:\build\src\server\worldserver\worldserver.dir\release\worldserver.res
c:\build\src\server\worldserver\worldserver.dir\release\worldserver.tlog\cl.command.1.tlog
c:\build\src\server\worldserver\worldserver.dir\release\worldserver.tlog\cl.read.1.tlog
c:\build\src\server\worldserver\worldserver.dir\release\worldserver.tlog\cl.write.1.tlog
c:\build\src\server\worldserver\worldserver.dir\release\worldserver.tlog\custombuild.command.1.tlog
c:\build\src\server\worldserver\worldserver.dir\release\worldserver.tlog\custombuild.read.1.tlog
c:\build\src\server\worldserver\worldserver.dir\release\worldserver.tlog\custombuild.write.1.tlog
c:\build\src\server\worldserver\worldserver.dir\release\worldserver.tlog\link.command.1.tlog
c:\build\src\server\worldserver\worldserver.dir\release\worldserver.tlog\link.read.1.tlog
c:\build\src\server\worldserver\worldserver.dir\release\worldserver.tlog\link.write.1.tlog
c:\build\src\server\worldserver\worldserver.dir\release\worldserver.tlog\rc.command.1.tlog
c:\build\src\server\worldserver\worldserver.dir\release\worldserver.tlog\rc.read.1.tlog
c:\build\src\server\worldserver\worldserver.dir\release\worldserver.tlog\rc.write.1.tlog
