c:\build\dep\recastnavigation\recast\recast.dir\debug\recastalloc.obj
c:\build\dep\recastnavigation\recast\recast.dir\debug\recastmesh.obj
c:\build\dep\recastnavigation\recast\recast.dir\debug\recastlayers.obj
c:\build\dep\recastnavigation\recast\recast.dir\debug\recastarea.obj
c:\build\dep\recastnavigation\recast\recast.dir\debug\recastregion.obj
c:\build\dep\recastnavigation\recast\recast.dir\debug\recastcontour.obj
c:\build\dep\recastnavigation\recast\recast.dir\debug\recastrasterization.obj
c:\build\dep\recastnavigation\recast\recast.dir\debug\recast.obj
c:\build\dep\recastnavigation\recast\recast.dir\debug\recastfilter.obj
c:\build\dep\recastnavigation\recast\recast.dir\debug\recastmeshdetail.obj
c:\build\dep\recastnavigation\recast\recast.dir\debug\vc120.pdb
c:\build\dep\recastnavigation\recast\cmakefiles\generate.stamp
c:\build\dep\recastnavigation\recast\debug\recast.lib
c:\build\dep\recastnavigation\recast\recast.dir\debug\recast.tlog\cl.command.1.tlog
c:\build\dep\recastnavigation\recast\recast.dir\debug\recast.tlog\cl.read.1.tlog
c:\build\dep\recastnavigation\recast\recast.dir\debug\recast.tlog\cl.write.1.tlog
c:\build\dep\recastnavigation\recast\recast.dir\debug\recast.tlog\custombuild.command.1.tlog
c:\build\dep\recastnavigation\recast\recast.dir\debug\recast.tlog\custombuild.read.1.tlog
c:\build\dep\recastnavigation\recast\recast.dir\debug\recast.tlog\custombuild.write.1.tlog
c:\build\dep\recastnavigation\recast\recast.dir\debug\recast.tlog\lib-link.read.1.tlog
c:\build\dep\recastnavigation\recast\recast.dir\debug\recast.tlog\lib-link.write.1.tlog
c:\build\dep\recastnavigation\recast\recast.dir\debug\recast.tlog\lib.command.1.tlog
