c:\build\src\server\authserver\authserver.dir\debug\authserver.pch
c:\build\src\server\authserver\authserver.dir\debug\vc120.pdb
c:\build\src\server\authserver\authserver.dir\debug\authpch.obj
c:\build\src\server\authserver\authserver.dir\debug\realmsocket.obj
c:\build\src\server\authserver\authserver.dir\debug\authcodes.obj
c:\build\src\server\authserver\authserver.dir\debug\realmlist.obj
c:\build\src\server\authserver\authserver.dir\debug\authsocket.obj
c:\build\src\server\authserver\authserver.dir\debug\main.obj
c:\build\src\server\authserver\authserver.dir\debug\wheatyexceptionreport.obj
c:\build\src\server\authserver\cmakefiles\generate.stamp
c:\build\bin\debug\authserver.ilk
c:\build\bin\debug\authserver.exe
c:\build\bin\debug\authserver.pdb
c:\build\src\server\authserver\authserver.dir\debug\authserver.res
c:\build\src\server\authserver\authserver.dir\debug\authserver.tlog\cl.command.1.tlog
c:\build\src\server\authserver\authserver.dir\debug\authserver.tlog\cl.read.1.tlog
c:\build\src\server\authserver\authserver.dir\debug\authserver.tlog\cl.write.1.tlog
c:\build\src\server\authserver\authserver.dir\debug\authserver.tlog\custombuild.command.1.tlog
c:\build\src\server\authserver\authserver.dir\debug\authserver.tlog\custombuild.read.1.tlog
c:\build\src\server\authserver\authserver.dir\debug\authserver.tlog\custombuild.write.1.tlog
c:\build\src\server\authserver\authserver.dir\debug\authserver.tlog\link.command.1.tlog
c:\build\src\server\authserver\authserver.dir\debug\authserver.tlog\link.read.1.tlog
c:\build\src\server\authserver\authserver.dir\debug\authserver.tlog\link.write.1.tlog
c:\build\src\server\authserver\authserver.dir\debug\authserver.tlog\rc.command.1.tlog
c:\build\src\server\authserver\authserver.dir\debug\authserver.tlog\rc.read.1.tlog
c:\build\src\server\authserver\authserver.dir\debug\authserver.tlog\rc.write.1.tlog
