c:\build\src\server\game\game.dir\debug\game.pch
c:\build\src\server\game\game.dir\debug\vc120.pdb
c:\build\src\server\game\game.dir\debug\gamepch.obj
c:\build\src\server\game\game.dir\debug\combatai.obj
c:\build\src\server\game\game.dir\debug\unitai.obj
c:\build\src\server\game\game.dir\debug\scriptedcreature.obj
c:\build\src\server\game\game.dir\debug\auctionhousemgr.obj
c:\build\src\server\game\game.dir\debug\battlefieldwg.obj
c:\build\src\server\game\game.dir\debug\battlegroundbe.obj
c:\build\src\server\game\game.dir\debug\battlegroundrl.obj
c:\build\src\server\game\game.dir\debug\calendarmgr.obj
c:\build\src\server\game\game.dir\debug\disablemgr.obj
c:\build\src\server\game\game.dir\debug\creaturegroups.obj
c:\build\src\server\game\game.dir\debug\gossipdef.obj
c:\build\src\server\game\game.dir\debug\itemenchantmentmgr.obj
c:\build\src\server\game\game.dir\debug\objectposselector.obj
c:\build\src\server\game\game.dir\debug\updatedata.obj
c:\build\src\server\game\game.dir\debug\updatefieldflags.obj
c:\build\src\server\game\game.dir\debug\pet.obj
c:\build\src\server\game\game.dir\debug\statsystem.obj
c:\build\src\server\game\game.dir\debug\objectmgr.obj
c:\build\src\server\game\game.dir\debug\movementhandler.obj
c:\build\src\server\game\game.dir\debug\questhandler.obj
c:\build\src\server\game\game.dir\debug\voicechathandler.obj
c:\build\src\server\game\game.dir\debug\instancesavemgr.obj
c:\build\src\server\game\game.dir\debug\fleeingmovementgenerator.obj
c:\build\src\server\game\game.dir\debug\movementpacketbuilder.obj
c:\build\src\server\game\game.dir\debug\movementutil.obj
c:\build\src\server\game\game.dir\debug\movespline.obj
c:\build\src\server\game\game.dir\debug\spline.obj
c:\build\src\server\game\game.dir\debug\outdoorpvp.obj
c:\build\src\server\game\game.dir\debug\skilldiscovery.obj
c:\build\src\server\game\game.dir\debug\spell.obj
c:\build\src\server\game\game.dir\debug\warden.obj
c:\build\src\server\game\game.dir\debug\gameobjectai.obj
c:\build\src\server\game\game.dir\debug\guardai.obj
c:\build\src\server\game\game.dir\debug\creatureairegistry.obj
c:\build\src\server\game\game.dir\debug\smartai.obj
c:\build\src\server\game\game.dir\debug\arenateammgr.obj
c:\build\src\server\game\game.dir\debug\battlegroundav.obj
c:\build\src\server\game\game.dir\debug\battlegroundna.obj
c:\build\src\server\game\game.dir\debug\battlegroundws.obj
c:\build\src\server\game\game.dir\debug\hostilerefmanager.obj
c:\build\src\server\game\game.dir\debug\dbcstores.obj
c:\build\src\server\game\game.dir\debug\creature.obj
c:\build\src\server\game\game.dir\debug\totem.obj
c:\build\src\server\game\game.dir\debug\vehicle.obj
c:\build\src\server\game\game.dir\debug\gridstates.obj
c:\build\src\server\game\game.dir\debug\group.obj
c:\build\src\server\game\game.dir\debug\battlegroundhandler.obj
c:\build\src\server\game\game.dir\debug\duelhandler.obj
c:\build\src\server\game\game.dir\debug\lfghandler.obj
c:\build\src\server\game\game.dir\debug\petitionshandler.obj
c:\build\src\server\game\game.dir\debug\taxihandler.obj
c:\build\src\server\game\game.dir\debug\instancescript.obj
c:\build\src\server\game\game.dir\debug\motionmaster.obj
c:\build\src\server\game\game.dir\debug\waypointmovementgenerator.obj
c:\build\src\server\game\game.dir\debug\scriptloader.obj
c:\build\src\server\game\game.dir\debug\scriptmgr.obj
c:\build\src\server\game\game.dir\debug\spellmgr.obj
c:\build\src\server\game\game.dir\debug\weathermgr.obj
c:\build\src\server\game\game.dir\debug\achievementmgr.obj
c:\build\src\server\game\game.dir\debug\scriptedfollowerai.obj
c:\build\src\server\game\game.dir\debug\battlefieldmgr.obj
c:\build\src\server\game\game.dir\debug\arenateam.obj
c:\build\src\server\game\game.dir\debug\battlegroundab.obj
c:\build\src\server\game\game.dir\debug\battlegroundds.obj
c:\build\src\server\game\game.dir\debug\battlegroundsa.obj
c:\build\src\server\game\game.dir\debug\chatlink.obj
c:\build\src\server\game\game.dir\debug\lfgplayerdata.obj
c:\build\src\server\game\game.dir\debug\lfgqueue.obj
c:\build\src\server\game\game.dir\debug\corpse.obj
c:\build\src\server\game\game.dir\debug\gameobject.obj
c:\build\src\server\game\game.dir\debug\socialmgr.obj
c:\build\src\server\game\game.dir\debug\unit.obj
c:\build\src\server\game\game.dir\debug\guild.obj
c:\build\src\server\game\game.dir\debug\channelhandler.obj
c:\build\src\server\game\game.dir\debug\combathandler.obj
c:\build\src\server\game\game.dir\debug\guildhandler.obj
c:\build\src\server\game\game.dir\debug\npchandler.obj
c:\build\src\server\game\game.dir\debug\skillhandler.obj
c:\build\src\server\game\game.dir\debug\vehiclehandler.obj
c:\build\src\server\game\game.dir\debug\map.obj
c:\build\src\server\game\game.dir\debug\waypointmanager.obj
c:\build\src\server\game\game.dir\debug\poolmgr.obj
c:\build\src\server\game\game.dir\debug\reputationmgr.obj
c:\build\src\server\game\game.dir\debug\worldsocketmgr.obj
c:\build\src\server\game\game.dir\debug\skillextraitems.obj
c:\build\src\server\game\game.dir\debug\spelleffects.obj
c:\build\src\server\game\game.dir\debug\ticketmgr.obj
c:\build\src\server\game\game.dir\debug\world.obj
c:\build\src\server\game\game.dir\debug\accountmgr.obj
c:\build\src\server\game\game.dir\debug\creatureai.obj
c:\build\src\server\game\game.dir\debug\scriptedescortai.obj
c:\build\src\server\game\game.dir\debug\battlefield.obj
c:\build\src\server\game\game.dir\debug\battleground.obj
c:\build\src\server\game\game.dir\debug\battlegroundic.obj
c:\build\src\server\game\game.dir\debug\channel.obj
c:\build\src\server\game\game.dir\debug\conditionmgr.obj
c:\build\src\server\game\game.dir\debug\dynamicobject.obj
c:\build\src\server\game\game.dir\debug\object.obj
c:\build\src\server\game\game.dir\debug\gameeventmgr.obj
c:\build\src\server\game\game.dir\debug\gridnotifiers.obj
c:\build\src\server\game\game.dir\debug\addonhandler.obj
c:\build\src\server\game\game.dir\debug\arenateamhandler.obj
c:\build\src\server\game\game.dir\debug\calendarhandler.obj
c:\build\src\server\game\game.dir\debug\grouphandler.obj
c:\build\src\server\game\game.dir\debug\loothandler.obj
c:\build\src\server\game\game.dir\debug\pethandler.obj
c:\build\src\server\game\game.dir\debug\referafriendhandler.obj
c:\build\src\server\game\game.dir\debug\tradehandler.obj
c:\build\src\server\game\game.dir\debug\mapinstanced.obj
c:\build\src\server\game\game.dir\debug\homemovementgenerator.obj
c:\build\src\server\game\game.dir\debug\idlemovementgenerator.obj
c:\build\src\server\game\game.dir\debug\pointmovementgenerator.obj
c:\build\src\server\game\game.dir\debug\questdef.obj
c:\build\src\server\game\game.dir\debug\opcodes.obj
c:\build\src\server\game\game.dir\debug\packetlog.obj
c:\build\src\server\game\game.dir\debug\worldsession.obj
c:\build\src\server\game\game.dir\debug\spellinfo.obj
c:\build\src\server\game\game.dir\debug\characterdatabasecleaner.obj
c:\build\src\server\game\game.dir\debug\wardenmac.obj
c:\build\src\server\game\game.dir\debug\addonmgr.obj
c:\build\src\server\game\game.dir\debug\passiveai.obj
c:\build\src\server\game\game.dir\debug\reactorai.obj
c:\build\src\server\game\game.dir\debug\totemai.obj
c:\build\src\server\game\game.dir\debug\creatureeventaimgr.obj
c:\build\src\server\game\game.dir\debug\smartscript.obj
c:\build\src\server\game\game.dir\debug\battlegroundqueue.obj
c:\build\src\server\game\game.dir\debug\battlegroundey.obj
c:\build\src\server\game\game.dir\debug\channelmgr.obj
c:\build\src\server\game\game.dir\debug\threatmanager.obj
c:\build\src\server\game\game.dir\debug\lfgscripts.obj
c:\build\src\server\game\game.dir\debug\temporarysummon.obj
c:\build\src\server\game\game.dir\debug\item.obj
c:\build\src\server\game\game.dir\debug\transport.obj
c:\build\src\server\game\game.dir\debug\objectaccessor.obj
c:\build\src\server\game\game.dir\debug\objectgridloader.obj
c:\build\src\server\game\game.dir\debug\groupmgr.obj
c:\build\src\server\game\game.dir\debug\groupreference.obj
c:\build\src\server\game\game.dir\debug\guildmgr.obj
c:\build\src\server\game\game.dir\debug\authhandler.obj
c:\build\src\server\game\game.dir\debug\battlefieldhandler.obj
c:\build\src\server\game\game.dir\debug\chathandler.obj
c:\build\src\server\game\game.dir\debug\mailhandler.obj
c:\build\src\server\game\game.dir\debug\queryhandler.obj
c:\build\src\server\game\game.dir\debug\spellhandler.obj
c:\build\src\server\game\game.dir\debug\lootmgr.obj
c:\build\src\server\game\game.dir\debug\mapmanager.obj
c:\build\src\server\game\game.dir\debug\targetedmovementgenerator.obj
c:\build\src\server\game\game.dir\debug\mapscripts.obj
c:\build\src\server\game\game.dir\debug\spellauraeffects.obj
c:\build\src\server\game\game.dir\debug\spellscript.obj
c:\build\src\server\game\game.dir\debug\playerdump.obj
c:\build\src\server\game\game.dir\debug\wardencheckmgr.obj
c:\build\src\server\game\game.dir\debug\wardenwin.obj
c:\build\src\server\game\game.dir\debug\rbac.obj
c:\build\src\server\game\game.dir\debug\petai.obj
c:\build\src\server\game\game.dir\debug\creatureaiselector.obj
c:\build\src\server\game\game.dir\debug\creatureeventai.obj
c:\build\src\server\game\game.dir\debug\smartscriptmgr.obj
c:\build\src\server\game\game.dir\debug\battlegroundmgr.obj
c:\build\src\server\game\game.dir\debug\battlegroundrv.obj
c:\build\src\server\game\game.dir\debug\chat.obj
c:\build\src\server\game\game.dir\debug\lfg.obj
c:\build\src\server\game\game.dir\debug\lfggroupdata.obj
c:\build\src\server\game\game.dir\debug\lfgmgr.obj
c:\build\src\server\game\game.dir\debug\bag.obj
c:\build\src\server\game\game.dir\debug\player.obj
c:\build\src\server\game\game.dir\debug\auctionhousehandler.obj
c:\build\src\server\game\game.dir\debug\characterhandler.obj
c:\build\src\server\game\game.dir\debug\itemhandler.obj
c:\build\src\server\game\game.dir\debug\mischandler.obj
c:\build\src\server\game\game.dir\debug\tickethandler.obj
c:\build\src\server\game\game.dir\debug\mail.obj
c:\build\src\server\game\game.dir\debug\mapupdater.obj
c:\build\src\server\game\game.dir\debug\followerreference.obj
c:\build\src\server\game\game.dir\debug\movementgenerator.obj
c:\build\src\server\game\game.dir\debug\confusedmovementgenerator.obj
c:\build\src\server\game\game.dir\debug\randommovementgenerator.obj
c:\build\src\server\game\game.dir\debug\pathgenerator.obj
c:\build\src\server\game\game.dir\debug\movesplineinit.obj
c:\build\src\server\game\game.dir\debug\outdoorpvpmgr.obj
c:\build\src\server\game\game.dir\debug\scriptsystem.obj
c:\build\src\server\game\game.dir\debug\worldsocket.obj
c:\build\src\server\game\game.dir\debug\spellauras.obj
c:\build\src\server\game\game.dir\debug\creaturetextmgr.obj
c:\build\src\server\game\game.dir\debug\weather.obj
c:\build\src\server\game\cmakefiles\generate.stamp
c:\build\src\server\game\debug\game.lib
c:\build\src\server\game\game.dir\debug\game.tlog\cl.command.1.tlog
c:\build\src\server\game\game.dir\debug\game.tlog\cl.read.1.tlog
c:\build\src\server\game\game.dir\debug\game.tlog\cl.write.1.tlog
c:\build\src\server\game\game.dir\debug\game.tlog\custombuild.command.1.tlog
c:\build\src\server\game\game.dir\debug\game.tlog\custombuild.read.1.tlog
c:\build\src\server\game\game.dir\debug\game.tlog\custombuild.write.1.tlog
c:\build\src\server\game\game.dir\debug\game.tlog\lib-link.read.1.tlog
c:\build\src\server\game\game.dir\debug\game.tlog\lib-link.write.1.tlog
c:\build\src\server\game\game.dir\debug\game.tlog\lib.command.1.tlog
