c:\build\src\server\shared\shared.dir\debug\shared.pch
c:\build\src\server\shared\shared.dir\debug\vc120.pdb
c:\build\src\server\shared\shared.dir\debug\sharedpch.obj
c:\build\src\server\shared\shared.dir\debug\sha1.obj
c:\build\src\server\shared\shared.dir\debug\databaseworker.obj
c:\build\src\server\shared\shared.dir\debug\queryholder.obj
c:\build\src\server\shared\shared.dir\debug\delayexecutor.obj
c:\build\src\server\shared\shared.dir\debug\threading.obj
c:\build\src\server\shared\shared.dir\debug\common.obj
c:\build\src\server\shared\shared.dir\debug\bignumber.obj
c:\build\src\server\shared\shared.dir\debug\logindatabase.obj
c:\build\src\server\shared\shared.dir\debug\dbcfileloader.obj
c:\build\src\server\shared\shared.dir\debug\errors.obj
c:\build\src\server\shared\shared.dir\debug\appender.obj
c:\build\src\server\shared\shared.dir\debug\appenderdb.obj
c:\build\src\server\shared\shared.dir\debug\hmacsha1.obj
c:\build\src\server\shared\shared.dir\debug\characterdatabase.obj
c:\build\src\server\shared\shared.dir\debug\transaction.obj
c:\build\src\server\shared\shared.dir\debug\eventprocessor.obj
c:\build\src\server\shared\shared.dir\debug\arc4.obj
c:\build\src\server\shared\shared.dir\debug\adhocstatement.obj
c:\build\src\server\shared\shared.dir\debug\preparedstatement.obj
c:\build\src\server\shared\shared.dir\debug\log.obj
c:\build\src\server\shared\shared.dir\debug\config.obj
c:\build\src\server\shared\shared.dir\debug\mysqlconnection.obj
c:\build\src\server\shared\shared.dir\debug\queryresult.obj
c:\build\src\server\shared\shared.dir\debug\appenderfile.obj
c:\build\src\server\shared\shared.dir\debug\logoperation.obj
c:\build\src\server\shared\shared.dir\debug\logworker.obj
c:\build\src\server\shared\shared.dir\debug\bytebuffer.obj
c:\build\src\server\shared\shared.dir\debug\authcrypt.obj
c:\build\src\server\shared\shared.dir\debug\field.obj
c:\build\src\server\shared\shared.dir\debug\worlddatabase.obj
c:\build\src\server\shared\shared.dir\debug\appenderconsole.obj
c:\build\src\server\shared\shared.dir\debug\logger.obj
c:\build\src\server\shared\shared.dir\debug\servicewin32.obj
c:\build\src\server\shared\shared.dir\debug\util.obj
c:\build\src\server\shared\cmakefiles\generate.stamp
c:\build\src\server\shared\debug\shared.lib
c:\build\src\server\shared\shared.dir\debug\shared.tlog\cl.command.1.tlog
c:\build\src\server\shared\shared.dir\debug\shared.tlog\cl.read.1.tlog
c:\build\src\server\shared\shared.dir\debug\shared.tlog\cl.write.1.tlog
c:\build\src\server\shared\shared.dir\debug\shared.tlog\custombuild.command.1.tlog
c:\build\src\server\shared\shared.dir\debug\shared.tlog\custombuild.read.1.tlog
c:\build\src\server\shared\shared.dir\debug\shared.tlog\custombuild.write.1.tlog
c:\build\src\server\shared\shared.dir\debug\shared.tlog\lib-link.read.1.tlog
c:\build\src\server\shared\shared.dir\debug\shared.tlog\lib-link.write.1.tlog
c:\build\src\server\shared\shared.dir\debug\shared.tlog\lib.command.1.tlog
