c:\build\src\server\shared\shared.dir\release\shared.pch
c:\build\src\server\shared\shared.dir\release\sharedpch.obj
c:\build\src\server\shared\shared.dir\release\config.obj
c:\build\src\server\shared\shared.dir\release\mysqlconnection.obj
c:\build\src\server\shared\shared.dir\release\dbcfileloader.obj
c:\build\src\server\shared\shared.dir\release\appender.obj
c:\build\src\server\shared\shared.dir\release\appenderdb.obj
c:\build\src\server\shared\shared.dir\release\log.obj
c:\build\src\server\shared\shared.dir\release\authcrypt.obj
c:\build\src\server\shared\shared.dir\release\logindatabase.obj
c:\build\src\server\shared\shared.dir\release\queryholder.obj
c:\build\src\server\shared\shared.dir\release\delayexecutor.obj
c:\build\src\server\shared\shared.dir\release\servicewin32.obj
c:\build\src\server\shared\shared.dir\release\hmacsha1.obj
c:\build\src\server\shared\shared.dir\release\characterdatabase.obj
c:\build\src\server\shared\shared.dir\release\errors.obj
c:\build\src\server\shared\shared.dir\release\appenderfile.obj
c:\build\src\server\shared\shared.dir\release\logworker.obj
c:\build\src\server\shared\shared.dir\release\util.obj
c:\build\src\server\shared\shared.dir\release\arc4.obj
c:\build\src\server\shared\shared.dir\release\adhocstatement.obj
c:\build\src\server\shared\shared.dir\release\preparedstatement.obj
c:\build\src\server\shared\shared.dir\release\appenderconsole.obj
c:\build\src\server\shared\shared.dir\release\logoperation.obj
c:\build\src\server\shared\shared.dir\release\threading.obj
c:\build\src\server\shared\shared.dir\release\bignumber.obj
c:\build\src\server\shared\shared.dir\release\field.obj
c:\build\src\server\shared\shared.dir\release\worlddatabase.obj
c:\build\src\server\shared\shared.dir\release\transaction.obj
c:\build\src\server\shared\shared.dir\release\logger.obj
c:\build\src\server\shared\shared.dir\release\eventprocessor.obj
c:\build\src\server\shared\shared.dir\release\common.obj
c:\build\src\server\shared\shared.dir\release\sha1.obj
c:\build\src\server\shared\shared.dir\release\databaseworker.obj
c:\build\src\server\shared\shared.dir\release\queryresult.obj
c:\build\src\server\shared\shared.dir\release\bytebuffer.obj
c:\build\src\server\shared\cmakefiles\generate.stamp
c:\build\src\server\shared\release\shared.lib
c:\build\src\server\shared\shared.dir\release\shared.tlog\cl.command.1.tlog
c:\build\src\server\shared\shared.dir\release\shared.tlog\cl.read.1.tlog
c:\build\src\server\shared\shared.dir\release\shared.tlog\cl.write.1.tlog
c:\build\src\server\shared\shared.dir\release\shared.tlog\custombuild.command.1.tlog
c:\build\src\server\shared\shared.dir\release\shared.tlog\custombuild.read.1.tlog
c:\build\src\server\shared\shared.dir\release\shared.tlog\custombuild.write.1.tlog
c:\build\src\server\shared\shared.dir\release\shared.tlog\lib-link.read.1.tlog
c:\build\src\server\shared\shared.dir\release\shared.tlog\lib-link.write.1.tlog
c:\build\src\server\shared\shared.dir\release\shared.tlog\lib.command.1.tlog
